Log file open, 06/15/21 16:59:10
LogInit: Display: Running engine for game: CustomURI
LogPlatformFile: Not using cached read wrapper
LogTaskGraph: Started task graph with 5 named threads and 23 total threads with 3 sets of task threads.
LogStats: Stats thread started at 0.221721
LogD3D11RHI: Loaded GFSDK_Aftermath_Lib.x64.dll
LogICUInternationalization: ICU TimeZone Detection - Raw Offset: +1:00, Platform Override: ''
LogPluginManager: Mounting plugin Paper2D
LogPluginManager: Mounting plugin AISupport
LogPluginManager: Mounting plugin LightPropagationVolume
LogPluginManager: Mounting plugin CameraShakePreviewer
LogPluginManager: Mounting plugin ActorLayerUtilities
LogPluginManager: Mounting plugin AnimationSharing
LogPluginManager: Mounting plugin CLionSourceCodeAccess
LogPluginManager: Mounting plugin CodeLiteSourceCodeAccess
LogPluginManager: Mounting plugin GitSourceControl
LogPluginManager: Mounting plugin KDevelopSourceCodeAccess
LogPluginManager: Mounting plugin NullSourceCodeAccess
LogPluginManager: Mounting plugin PerforceSourceControl
LogPluginManager: Mounting plugin PlasticSourceControl
LogPluginManager: Mounting plugin RiderSourceCodeAccess
LogPluginManager: Mounting plugin SubversionSourceControl
LogPluginManager: Mounting plugin UObjectPlugin
LogPluginManager: Mounting plugin VisualStudioCodeSourceCodeAccess
LogPluginManager: Mounting plugin VisualStudioSourceCodeAccess
LogPluginManager: Mounting plugin XCodeSourceCodeAccess
LogPluginManager: Mounting plugin AssetManagerEditor
LogPluginManager: Mounting plugin CryptoKeys
LogPluginManager: Mounting plugin CurveEditorTools
LogPluginManager: Mounting plugin DataValidation
LogPluginManager: Mounting plugin EditorScriptingUtilities
LogPluginManager: Mounting plugin FacialAnimation
LogPluginManager: Mounting plugin GameplayTagsEditor
LogPluginManager: Mounting plugin GeometryMode
LogPluginManager: Mounting plugin MacGraphicsSwitching
LogPluginManager: Mounting plugin MaterialAnalyzer
LogPluginManager: Mounting plugin MobileLauncherProfileWizard
LogPluginManager: Mounting plugin PluginBrowser
LogPluginManager: Mounting plugin SpeedTreeImporter
LogPluginManager: Mounting plugin DatasmithContent
LogPluginManager: Mounting plugin VariantManagerContent
LogPluginManager: Mounting plugin AlembicImporter
LogPluginManager: Mounting plugin AutomationUtils
LogPluginManager: Mounting plugin BackChannel
LogPluginManager: Mounting plugin ChaosCloth
LogPluginManager: Mounting plugin ChaosClothEditor
LogPluginManager: Mounting plugin ChaosEditor
LogPluginManager: Mounting plugin ChaosNiagara
LogPluginManager: Mounting plugin ChaosSolverPlugin
LogPluginManager: Mounting plugin CharacterAI
LogPluginManager: Mounting plugin GeometryCache
LogPluginManager: Mounting plugin GeometryCollectionPlugin
LogPluginManager: Mounting plugin GeometryProcessing
LogPluginManager: Mounting plugin PlanarCut
LogPluginManager: Mounting plugin PlatformCrypto
LogPluginManager: Mounting plugin ProxyLODPlugin
LogPluginManager: Mounting plugin SkeletalReduction
LogPluginManager: Mounting plugin Niagara
LogPluginManager: Mounting plugin MagicLeap
LogPluginManager: Mounting plugin MagicLeapLightEstimation
LogPluginManager: Mounting plugin MagicLeapMedia
LogPluginManager: Mounting plugin MagicLeapPassableWorld
LogPluginManager: Mounting plugin MLSDK
LogPluginManager: Mounting plugin AndroidMedia
LogPluginManager: Mounting plugin AvfMedia
LogPluginManager: Mounting plugin ImgMedia
LogPluginManager: Mounting plugin MediaCompositing
LogPluginManager: Mounting plugin MediaPlayerEditor
LogPluginManager: Mounting plugin WebMMedia
LogPluginManager: Mounting plugin WmfMedia
LogPluginManager: Mounting plugin MeshPainting
LogPluginManager: Mounting plugin TcpMessaging
LogPluginManager: Mounting plugin UdpMessaging
LogPluginManager: Mounting plugin ActorSequence
LogPluginManager: Mounting plugin LevelSequenceEditor
LogPluginManager: Mounting plugin MatineeToLevelSequence
LogPluginManager: Mounting plugin MovieRenderPipeline
LogPluginManager: Mounting plugin TemplateSequence
LogPluginManager: Mounting plugin NetcodeUnitTest
LogPluginManager: Mounting plugin NUTUnrealEngine4
LogPluginManager: Mounting plugin OnlineSubsystemGooglePlay
LogPluginManager: Mounting plugin OnlineSubsystemIOS
LogPluginManager: Mounting plugin OnlineSubsystem
LogPluginManager: Mounting plugin OnlineSubsystemNull
LogPluginManager: Mounting plugin OnlineSubsystemSteam
LogPluginManager: Mounting plugin OnlineSubsystemUtils
LogPluginManager: Mounting plugin LauncherChunkInstaller
LogPluginManager: Mounting plugin AndroidDeviceProfileSelector
LogPluginManager: Mounting plugin AndroidMoviePlayer
LogPluginManager: Mounting plugin AndroidPermission
LogPluginManager: Mounting plugin AppleImageUtils
LogPluginManager: Mounting plugin AppleMoviePlayer
LogPluginManager: Mounting plugin ArchVisCharacter
LogPluginManager: Mounting plugin AssetTags
LogPluginManager: Mounting plugin AudioCapture
LogPluginManager: Mounting plugin CableComponent
LogPluginManager: Mounting plugin CustomMeshComponent
LogPluginManager: Mounting plugin EditableMesh
LogPluginManager: Mounting plugin ExampleDeviceProfileSelector
LogPluginManager: Mounting plugin GoogleCloudMessaging
LogPluginManager: Mounting plugin GooglePAD
LogPluginManager: Mounting plugin IOSDeviceProfileSelector
LogPluginManager: Mounting plugin LinuxDeviceProfileSelector
LogPluginManager: Mounting plugin LocationServicesBPLibrary
LogPluginManager: Mounting plugin MobilePatchingUtils
LogPluginManager: Mounting plugin OculusVR
LogPluginManager: Mounting plugin PhysXVehicles
LogPluginManager: Mounting plugin PostSplashScreen
LogPluginManager: Mounting plugin ProceduralMeshComponent
LogPluginManager: Mounting plugin RuntimePhysXCooking
LogPluginManager: Mounting plugin SignificanceManager
LogPluginManager: Mounting plugin SoundFields
LogPluginManager: Mounting plugin SteamShared
LogPluginManager: Mounting plugin SteamVR
LogPluginManager: Mounting plugin Synthesis
LogPluginManager: Mounting plugin WebMMoviePlayer
LogPluginManager: Mounting plugin WindowsMoviePlayer
LogPluginManager: Mounting plugin ScreenshotTools
LogPluginManager: Mounting plugin AdvancedSessions
LogPluginManager: Mounting plugin AdvancedSteamSessions
LogPluginManager: Mounting plugin TestPlugin
LogPluginManager: Mounting plugin VRMBAPlugin
LogInit: Using libcurl 7.55.1-DEV
LogInit:  - built for x86_64-pc-win32
LogInit:  - supports SSL with OpenSSL/1.1.1
LogInit:  - supports HTTP deflate (compression) using libz 1.2.8
LogInit:  - other features:
LogInit:      CURL_VERSION_SSL
LogInit:      CURL_VERSION_LIBZ
LogInit:      CURL_VERSION_IPV6
LogInit:      CURL_VERSION_ASYNCHDNS
LogInit:      CURL_VERSION_LARGEFILE
LogInit:      CURL_VERSION_IDN
LogInit:  CurlRequestOptions (configurable via config and command line):
LogInit:  - bVerifyPeer = true  - Libcurl will verify peer certificate
LogInit:  - bUseHttpProxy = false  - Libcurl will NOT use HTTP proxy
LogInit:  - bDontReuseConnections = false  - Libcurl will reuse connections
LogInit:  - MaxHostConnections = 16  - Libcurl will limit the number of connections to a host
LogInit:  - LocalHostAddr = Default
LogInit:  - BufferSize = 65536
LogSteamShared: Display: Loading Steam SDK 1.47
LogSteamShared: Steam SDK Loaded!
LogOnline: OSS: Creating online subsystem instance for: Steam
LogOnline: STEAM: Steam User is subscribed 1
LogOnline: STEAM: [AppId: 480] Client API initialized 1
LogOnline: STEAM: Initializing SteamNetworking Layer
LogOnline: STEAM: Missing P2PCleanupTimeout key in OnlineSubsystemSteam of DefaultEngine.ini, using default
LogInit: WinSock: version 1.1 (2.2), MaxSocks=32767, MaxUdp=65467
LogOnline: OSS: TryLoadSubsystemAndSetDefault: Loaded subsystem for module [Steam]
LogInit: Build: ++UE4+Release-4.25-CL-14469661
LogInit: Engine Version: 4.25.4-14469661+++UE4+Release-4.25
LogInit: Compatible Engine Version: 4.25.0-13144385+++UE4+Release-4.25
LogInit: Net CL: 13144385
LogInit: OS: Windows 10 (Release 2009) (), CPU: Intel(R) Core(TM) i7-7700K CPU @ 4.20GHz, GPU: NVIDIA GeForce GTX 1080
LogInit: Compiled (64-bit): Oct 11 2020 08:10:49
LogInit: Compiled with Visual C++: 19.24.28315.00
LogInit: Build Configuration: Development
LogInit: Branch Name: ++UE4+Release-4.25
LogInit: Command Line:  -game
LogInit: Base Directory: D:/Program Files/Epic Games/UE_4.25/Engine/Binaries/Win64/
LogInit: Allocator: TBB
LogInit: Installed Engine Build: 1
LogDevObjectVersion: Number of dev versions registered: 26
LogDevObjectVersion:   Dev-Blueprints (B0D832E4-1F89-4F0D-ACCF-7EB736FD4AA2): 10
LogDevObjectVersion:   Dev-Build (E1C64328-A22C-4D53-A36C-8E866417BD8C): 0
LogDevObjectVersion:   Dev-Core (375EC13C-06E4-48FB-B500-84F0262A717E): 4
LogDevObjectVersion:   Dev-Editor (E4B068ED-F494-42E9-A231-DA0B2E46BB41): 38
LogDevObjectVersion:   Dev-Framework (CFFC743F-43B0-4480-9391-14DF171D2073): 37
LogDevObjectVersion:   Dev-Mobile (B02B49B5-BB20-44E9-A304-32B752E40360): 2
LogDevObjectVersion:   Dev-Networking (A4E4105C-59A1-49B5-A7C5-40C4547EDFEE): 0
LogDevObjectVersion:   Dev-Online (39C831C9-5AE6-47DC-9A44-9C173E1C8E7C): 0
LogDevObjectVersion:   Dev-Physics (78F01B33-EBEA-4F98-B9B4-84EACCB95AA2): 4
LogDevObjectVersion:   Dev-Platform (6631380F-2D4D-43E0-8009-CF276956A95A): 0
LogDevObjectVersion:   Dev-Rendering (12F88B9F-8875-4AFC-A67C-D90C383ABD29): 43
LogDevObjectVersion:   Dev-Sequencer (7B5AE74C-D270-4C10-A958-57980B212A5A): 12
LogDevObjectVersion:   Dev-VR (D7296918-1DD6-4BDD-9DE2-64A83CC13884): 3
LogDevObjectVersion:   Dev-LoadTimes (C2A15278-BFE7-4AFE-6C17-90FF531DF755): 1
LogDevObjectVersion:   Private-Geometry (6EACA3D4-40EC-4CC1-B786-8BED09428FC5): 3
LogDevObjectVersion:   Dev-AnimPhys (29E575DD-E0A3-4627-9D10-D276232CDCEA): 17
LogDevObjectVersion:   Dev-Anim (AF43A65D-7FD3-4947-9873-3E8ED9C1BB05): 7
LogDevObjectVersion:   Dev-ReflectionCapture (6B266CEC-1EC7-4B8F-A30B-E4D90942FC07): 1
LogDevObjectVersion:   Dev-Automation (0DF73D61-A23F-47EA-B727-89E90C41499A): 1
LogDevObjectVersion:   FortniteMain (601D1886-AC64-4F84-AA16-D3DE0DEAC7D6): 31
LogDevObjectVersion:   Dev-Enterprise (9DFFBCD6-494F-0158-E221-12823C92A888): 10
LogDevObjectVersion:   Dev-Niagara (F2AED0AC-9AFE-416F-8664-AA7FFA26D6FC): 1
LogDevObjectVersion:   Dev-Destruction (174F1F0B-B4C6-45A5-B13F-2EE8D0FB917D): 10
LogDevObjectVersion:   Dev-Physics-Ext (35F94A83-E258-406C-A318-09F59610247C): 37
LogDevObjectVersion:   Dev-PhysicsMaterial-Chaos (B68FC16E-8B1B-42E2-B453-215C058844FE): 1
LogDevObjectVersion:   Dev-CineCamera (B2E18506-4273-CFC2-A54E-F4BB758BBA07): 1
LogInit: Presizing for max 25165824 objects, including 0 objects not considered by GC, pre-allocating 0 bytes for permanent pool.
LogConfig: Applying CVar settings from Section [/Script/Engine.StreamingSettings] File [D:/GitKitchenVR/CustomURI/CustomURI/Saved/Config/Windows/Engine.ini]
LogConfig: Setting CVar [[s.MinBulkDataSizeForAsyncLoading:131072]]
LogConfig: Setting CVar [[s.AsyncLoadingThreadEnabled:0]]
LogConfig: Setting CVar [[s.EventDrivenLoaderEnabled:1]]
LogConfig: Setting CVar [[s.WarnIfTimeLimitExceeded:0]]
LogConfig: Setting CVar [[s.TimeLimitExceededMultiplier:1.5]]
LogConfig: Setting CVar [[s.TimeLimitExceededMinTime:0.005]]
LogConfig: Setting CVar [[s.UseBackgroundLevelStreaming:1]]
LogConfig: Setting CVar [[s.PriorityAsyncLoadingExtraTime:15.0]]
LogConfig: Setting CVar [[s.LevelStreamingActorsUpdateTimeLimit:5.0]]
LogConfig: Setting CVar [[s.PriorityLevelStreamingActorsUpdateExtraTime:5.0]]
LogConfig: Setting CVar [[s.LevelStreamingComponentsRegistrationGranularity:10]]
LogConfig: Setting CVar [[s.UnregisterComponentsTimeLimit:1.0]]
LogConfig: Setting CVar [[s.LevelStreamingComponentsUnregistrationGranularity:5]]
LogConfig: Setting CVar [[s.FlushStreamingOnExit:1]]
LogInit: Object subsystem initialized
LogConfig: Setting CVar [[con.DebugEarlyDefault:1]]
LogConfig: Setting CVar [[r.setres:1280x720]]
[2021.06.15-14.59.12:004][  0]LogConfig: Setting CVar [[con.DebugEarlyDefault:1]]
[2021.06.15-14.59.12:004][  0]LogConfig: Setting CVar [[r.setres:1280x720]]
[2021.06.15-14.59.12:004][  0]LogConfig: Applying CVar settings from Section [/Script/Engine.RendererSettings] File [D:/GitKitchenVR/CustomURI/CustomURI/Saved/Config/Windows/Engine.ini]
[2021.06.15-14.59.12:004][  0]LogConfig: Setting CVar [[r.GPUCrashDebugging:0]]
[2021.06.15-14.59.12:005][  0]LogConfig: Applying CVar settings from Section [/Script/Engine.RendererOverrideSettings] File [D:/GitKitchenVR/CustomURI/CustomURI/Saved/Config/Windows/Engine.ini]
[2021.06.15-14.59.12:005][  0]LogConfig: Applying CVar settings from Section [/Script/Engine.StreamingSettings] File [D:/GitKitchenVR/CustomURI/CustomURI/Saved/Config/Windows/Engine.ini]
[2021.06.15-14.59.12:005][  0]LogConfig: Setting CVar [[s.MinBulkDataSizeForAsyncLoading:131072]]
[2021.06.15-14.59.12:005][  0]LogConfig: Setting CVar [[s.AsyncLoadingThreadEnabled:0]]
[2021.06.15-14.59.12:005][  0]LogConfig: Setting CVar [[s.EventDrivenLoaderEnabled:1]]
[2021.06.15-14.59.12:005][  0]LogConfig: Setting CVar [[s.WarnIfTimeLimitExceeded:0]]
[2021.06.15-14.59.12:005][  0]LogConfig: Setting CVar [[s.TimeLimitExceededMultiplier:1.5]]
[2021.06.15-14.59.12:005][  0]LogConfig: Setting CVar [[s.TimeLimitExceededMinTime:0.005]]
[2021.06.15-14.59.12:005][  0]LogConfig: Setting CVar [[s.UseBackgroundLevelStreaming:1]]
[2021.06.15-14.59.12:005][  0]LogConfig: Setting CVar [[s.PriorityAsyncLoadingExtraTime:15.0]]
[2021.06.15-14.59.12:005][  0]LogConfig: Setting CVar [[s.LevelStreamingActorsUpdateTimeLimit:5.0]]
[2021.06.15-14.59.12:005][  0]LogConfig: Setting CVar [[s.PriorityLevelStreamingActorsUpdateExtraTime:5.0]]
[2021.06.15-14.59.12:005][  0]LogConfig: Setting CVar [[s.LevelStreamingComponentsRegistrationGranularity:10]]
[2021.06.15-14.59.12:005][  0]LogConfig: Setting CVar [[s.UnregisterComponentsTimeLimit:1.0]]
[2021.06.15-14.59.12:005][  0]LogConfig: Setting CVar [[s.LevelStreamingComponentsUnregistrationGranularity:5]]
[2021.06.15-14.59.12:005][  0]LogConfig: Setting CVar [[s.FlushStreamingOnExit:1]]
[2021.06.15-14.59.12:005][  0]LogConfig: Applying CVar settings from Section [/Script/Engine.GarbageCollectionSettings] File [D:/GitKitchenVR/CustomURI/CustomURI/Saved/Config/Windows/Engine.ini]
[2021.06.15-14.59.12:005][  0]LogConfig: Setting CVar [[gc.MaxObjectsNotConsideredByGC:1]]
[2021.06.15-14.59.12:005][  0]LogConfig: Setting CVar [[gc.SizeOfPermanentObjectPool:0]]
[2021.06.15-14.59.12:005][  0]LogConfig: Setting CVar [[gc.FlushStreamingOnGC:0]]
[2021.06.15-14.59.12:005][  0]LogConfig: Setting CVar [[gc.NumRetriesBeforeForcingGC:10]]
[2021.06.15-14.59.12:005][  0]LogConfig: Setting CVar [[gc.AllowParallelGC:1]]
[2021.06.15-14.59.12:005][  0]LogConfig: Setting CVar [[gc.TimeBetweenPurgingPendingKillObjects:61.1]]
[2021.06.15-14.59.12:005][  0]LogConfig: Setting CVar [[gc.MaxObjectsInEditor:25165824]]
[2021.06.15-14.59.12:005][  0]LogConfig: Setting CVar [[gc.IncrementalBeginDestroyEnabled:1]]
[2021.06.15-14.59.12:005][  0]LogConfig: Setting CVar [[gc.CreateGCClusters:1]]
[2021.06.15-14.59.12:005][  0]LogConfig: Setting CVar [[gc.MinGCClusterSize:5]]
[2021.06.15-14.59.12:005][  0]LogConfig: Setting CVar [[gc.ActorClusteringEnabled:0]]
[2021.06.15-14.59.12:005][  0]LogConfig: Setting CVar [[gc.BlueprintClusteringEnabled:0]]
[2021.06.15-14.59.12:005][  0]LogConfig: Setting CVar [[gc.UseDisregardForGCOnDedicatedServers:0]]
[2021.06.15-14.59.12:005][  0]LogConfig: Applying CVar settings from Section [/Script/Engine.NetworkSettings] File [D:/GitKitchenVR/CustomURI/CustomURI/Saved/Config/Windows/Engine.ini]
[2021.06.15-14.59.12:005][  0]LogConfig: Applying CVar settings from Section [/Script/UnrealEd.CookerSettings] File [D:/GitKitchenVR/CustomURI/CustomURI/Saved/Config/Windows/Engine.ini]
[2021.06.15-14.59.12:008][  0]LogConfig: Applying CVar settings from Section [ViewDistanceQuality@3] File [D:/GitKitchenVR/CustomURI/CustomURI/Saved/Config/Windows/Scalability.ini]
[2021.06.15-14.59.12:008][  0]LogConfig: Setting CVar [[r.SkeletalMeshLODBias:0]]
[2021.06.15-14.59.12:008][  0]LogConfig: Setting CVar [[r.ViewDistanceScale:1.0]]
[2021.06.15-14.59.12:008][  0]LogConfig: Applying CVar settings from Section [AntiAliasingQuality@3] File [D:/GitKitchenVR/CustomURI/CustomURI/Saved/Config/Windows/Scalability.ini]
[2021.06.15-14.59.12:008][  0]LogConfig: Setting CVar [[r.PostProcessAAQuality:4]]
[2021.06.15-14.59.12:008][  0]LogConfig: Applying CVar settings from Section [ShadowQuality@3] File [D:/GitKitchenVR/CustomURI/CustomURI/Saved/Config/Windows/Scalability.ini]
[2021.06.15-14.59.12:008][  0]LogConfig: Setting CVar [[r.LightFunctionQuality:1]]
[2021.06.15-14.59.12:008][  0]LogConfig: Setting CVar [[r.ShadowQuality:5]]
[2021.06.15-14.59.12:008][  0]LogConfig: Setting CVar [[r.Shadow.CSM.MaxCascades:10]]
[2021.06.15-14.59.12:008][  0]LogConfig: Setting CVar [[r.Shadow.MaxResolution:2048]]
[2021.06.15-14.59.12:008][  0]LogConfig: Setting CVar [[r.Shadow.MaxCSMResolution:2048]]
[2021.06.15-14.59.12:008][  0]LogConfig: Setting CVar [[r.Shadow.RadiusThreshold:0.01]]
[2021.06.15-14.59.12:008][  0]LogConfig: Setting CVar [[r.Shadow.DistanceScale:1.0]]
[2021.06.15-14.59.12:008][  0]LogConfig: Setting CVar [[r.Shadow.CSM.TransitionScale:1.0]]
[2021.06.15-14.59.12:008][  0]LogConfig: Setting CVar [[r.Shadow.PreShadowResolutionFactor:1.0]]
[2021.06.15-14.59.12:008][  0]LogConfig: Setting CVar [[r.DistanceFieldShadowing:1]]
[2021.06.15-14.59.12:008][  0]LogConfig: Setting CVar [[r.DistanceFieldAO:1]]
[2021.06.15-14.59.12:008][  0]LogConfig: Setting CVar [[r.AOQuality:2]]
[2021.06.15-14.59.12:008][  0]LogConfig: Setting CVar [[r.VolumetricFog:1]]
[2021.06.15-14.59.12:008][  0]LogConfig: Setting CVar [[r.VolumetricFog.GridPixelSize:8]]
[2021.06.15-14.59.12:008][  0]LogConfig: Setting CVar [[r.VolumetricFog.GridSizeZ:128]]
[2021.06.15-14.59.12:008][  0]LogConfig: Setting CVar [[r.VolumetricFog.HistoryMissSupersampleCount:4]]
[2021.06.15-14.59.12:008][  0]LogConfig: Setting CVar [[r.LightMaxDrawDistanceScale:1]]
[2021.06.15-14.59.12:009][  0]LogConfig: Setting CVar [[r.CapsuleShadows:1]]
[2021.06.15-14.59.12:009][  0]LogConfig: Applying CVar settings from Section [PostProcessQuality@3] File [D:/GitKitchenVR/CustomURI/CustomURI/Saved/Config/Windows/Scalability.ini]
[2021.06.15-14.59.12:009][  0]LogConfig: Setting CVar [[r.MotionBlurQuality:4]]
[2021.06.15-14.59.12:009][  0]LogConfig: Setting CVar [[r.AmbientOcclusionMipLevelFactor:0.4]]
[2021.06.15-14.59.12:009][  0]LogConfig: Setting CVar [[r.AmbientOcclusionMaxQuality:100]]
[2021.06.15-14.59.12:009][  0]LogConfig: Setting CVar [[r.AmbientOcclusionLevels:-1]]
[2021.06.15-14.59.12:009][  0]LogConfig: Setting CVar [[r.AmbientOcclusionRadiusScale:1.0]]
[2021.06.15-14.59.12:009][  0]LogConfig: Setting CVar [[r.DepthOfFieldQuality:2]]
[2021.06.15-14.59.12:009][  0]LogConfig: Setting CVar [[r.RenderTargetPoolMin:400]]
[2021.06.15-14.59.12:009][  0]LogConfig: Setting CVar [[r.LensFlareQuality:2]]
[2021.06.15-14.59.12:009][  0]LogConfig: Setting CVar [[r.SceneColorFringeQuality:1]]
[2021.06.15-14.59.12:009][  0]LogConfig: Setting CVar [[r.EyeAdaptationQuality:2]]
[2021.06.15-14.59.12:009][  0]LogConfig: Setting CVar [[r.BloomQuality:5]]
[2021.06.15-14.59.12:009][  0]LogConfig: Setting CVar [[r.FastBlurThreshold:100]]
[2021.06.15-14.59.12:009][  0]LogConfig: Setting CVar [[r.Upscale.Quality:3]]
[2021.06.15-14.59.12:009][  0]LogConfig: Setting CVar [[r.Tonemapper.GrainQuantization:1]]
[2021.06.15-14.59.12:009][  0]LogConfig: Setting CVar [[r.LightShaftQuality:1]]
[2021.06.15-14.59.12:009][  0]LogConfig: Setting CVar [[r.Filter.SizeScale:1]]
[2021.06.15-14.59.12:009][  0]LogConfig: Setting CVar [[r.Tonemapper.Quality:5]]
[2021.06.15-14.59.12:009][  0]LogConfig: Setting CVar [[r.DOF.Gather.AccumulatorQuality:1        ; higher gathering accumulator quality]]
[2021.06.15-14.59.12:009][  0]LogConfig: Setting CVar [[r.DOF.Gather.PostfilterMethod:1          ; Median3x3 postfilering method]]
[2021.06.15-14.59.12:009][  0]LogConfig: Setting CVar [[r.DOF.Gather.EnableBokehSettings:0       ; no bokeh simulation when gathering]]
[2021.06.15-14.59.12:009][  0]LogConfig: Setting CVar [[r.DOF.Gather.RingCount:4                 ; medium number of samples when gathering]]
[2021.06.15-14.59.12:009][  0]LogConfig: Setting CVar [[r.DOF.Scatter.ForegroundCompositing:1    ; additive foreground scattering]]
[2021.06.15-14.59.12:009][  0]LogConfig: Setting CVar [[r.DOF.Scatter.BackgroundCompositing:2    ; additive background scattering]]
[2021.06.15-14.59.12:009][  0]LogConfig: Setting CVar [[r.DOF.Scatter.EnableBokehSettings:1      ; bokeh simulation when scattering]]
[2021.06.15-14.59.12:009][  0]LogConfig: Setting CVar [[r.DOF.Scatter.MaxSpriteRatio:0.1         ; only a maximum of 10% of scattered bokeh]]
[2021.06.15-14.59.12:009][  0]LogConfig: Setting CVar [[r.DOF.Recombine.Quality:1                ; cheap slight out of focus]]
[2021.06.15-14.59.12:009][  0]LogConfig: Setting CVar [[r.DOF.Recombine.EnableBokehSettings:0    ; no bokeh simulation on slight out of focus]]
[2021.06.15-14.59.12:009][  0]LogConfig: Setting CVar [[r.DOF.TemporalAAQuality:1                ; more stable temporal accumulation]]
[2021.06.15-14.59.12:009][  0]LogConfig: Setting CVar [[r.DOF.Kernel.MaxForegroundRadius:0.025]]
[2021.06.15-14.59.12:009][  0]LogConfig: Setting CVar [[r.DOF.Kernel.MaxBackgroundRadius:0.025]]
[2021.06.15-14.59.12:009][  0]LogConfig: Applying CVar settings from Section [TextureQuality@3] File [D:/GitKitchenVR/CustomURI/CustomURI/Saved/Config/Windows/Scalability.ini]
[2021.06.15-14.59.12:009][  0]LogConfig: Setting CVar [[r.Streaming.MipBias:0]]
[2021.06.15-14.59.12:009][  0]LogConfig: Setting CVar [[r.Streaming.AmortizeCPUToGPUCopy:0]]
[2021.06.15-14.59.12:009][  0]LogConfig: Setting CVar [[r.Streaming.MaxNumTexturesToStreamPerFrame:0]]
[2021.06.15-14.59.12:009][  0]LogConfig: Setting CVar [[r.Streaming.Boost:1]]
[2021.06.15-14.59.12:009][  0]LogConfig: Setting CVar [[r.MaxAnisotropy:8]]
[2021.06.15-14.59.12:009][  0]LogConfig: Setting CVar [[r.VT.MaxAnisotropy:8]]
[2021.06.15-14.59.12:009][  0]LogConfig: Setting CVar [[r.Streaming.LimitPoolSizeToVRAM:0]]
[2021.06.15-14.59.12:009][  0]LogConfig: Setting CVar [[r.Streaming.PoolSize:1000]]
[2021.06.15-14.59.12:009][  0]LogConfig: Setting CVar [[r.Streaming.MaxEffectiveScreenSize:0]]
[2021.06.15-14.59.12:009][  0]LogConfig: Applying CVar settings from Section [EffectsQuality@3] File [D:/GitKitchenVR/CustomURI/CustomURI/Saved/Config/Windows/Scalability.ini]
[2021.06.15-14.59.12:009][  0]LogConfig: Setting CVar [[r.TranslucencyLightingVolumeDim:64]]
[2021.06.15-14.59.12:009][  0]LogConfig: Setting CVar [[r.RefractionQuality:2]]
[2021.06.15-14.59.12:009][  0]LogConfig: Setting CVar [[r.SSR.Quality:3]]
[2021.06.15-14.59.12:009][  0]LogConfig: Setting CVar [[r.SSR.HalfResSceneColor:0]]
[2021.06.15-14.59.12:009][  0]LogConfig: Setting CVar [[r.SceneColorFormat:4]]
[2021.06.15-14.59.12:009][  0]LogConfig: Setting CVar [[r.DetailMode:2]]
[2021.06.15-14.59.12:009][  0]LogConfig: Setting CVar [[r.TranslucencyVolumeBlur:1]]
[2021.06.15-14.59.12:009][  0]LogConfig: Setting CVar [[r.MaterialQualityLevel:1 ; High quality]]
[2021.06.15-14.59.12:009][  0]LogConfig: Setting CVar [[r.SSS.Scale:1]]
[2021.06.15-14.59.12:009][  0]LogConfig: Setting CVar [[r.SSS.SampleSet:2]]
[2021.06.15-14.59.12:009][  0]LogConfig: Setting CVar [[r.SSS.Quality:1]]
[2021.06.15-14.59.12:009][  0]LogConfig: Setting CVar [[r.SSS.HalfRes:0]]
[2021.06.15-14.59.12:009][  0]LogConfig: Setting CVar [[r.SSGI.Quality:3]]
[2021.06.15-14.59.12:009][  0]LogConfig: Setting CVar [[r.EmitterSpawnRateScale:1.0]]
[2021.06.15-14.59.12:009][  0]LogConfig: Setting CVar [[r.ParticleLightQuality:2]]
[2021.06.15-14.59.12:009][  0]LogConfig: Setting CVar [[r.SkyAtmosphere.AerialPerspectiveLUT.FastApplyOnOpaque:1 ; Always have FastSkyLUT 1 in this case to avoid wrong sky]]
[2021.06.15-14.59.12:009][  0]LogConfig: Setting CVar [[r.SkyAtmosphere.AerialPerspectiveLUT.SampleCountPerSlice:1]]
[2021.06.15-14.59.12:009][  0]LogConfig: Setting CVar [[r.SkyAtmosphere.AerialPerspectiveLUT.DepthResolution:16.0]]
[2021.06.15-14.59.12:009][  0]LogConfig: Setting CVar [[r.SkyAtmosphere.FastSkyLUT:1]]
[2021.06.15-14.59.12:009][  0]LogConfig: Setting CVar [[r.SkyAtmosphere.FastSkyLUT.SampleCountMin:4.0]]
[2021.06.15-14.59.12:009][  0]LogConfig: Setting CVar [[r.SkyAtmosphere.FastSkyLUT.SampleCountMax:32.0]]
[2021.06.15-14.59.12:009][  0]LogConfig: Setting CVar [[r.SkyAtmosphere.SampleCountMin:4.0]]
[2021.06.15-14.59.12:009][  0]LogConfig: Setting CVar [[r.SkyAtmosphere.SampleCountMax:32.0]]
[2021.06.15-14.59.12:009][  0]LogConfig: Setting CVar [[r.SkyAtmosphere.TransmittanceLUT.UseSmallFormat:0]]
[2021.06.15-14.59.12:009][  0]LogConfig: Setting CVar [[r.SkyAtmosphere.TransmittanceLUT.SampleCount:10.0]]
[2021.06.15-14.59.12:009][  0]LogConfig: Setting CVar [[r.SkyAtmosphere.MultiScatteringLUT.SampleCount:15.0]]
[2021.06.15-14.59.12:009][  0]LogConfig: Applying CVar settings from Section [FoliageQuality@3] File [D:/GitKitchenVR/CustomURI/CustomURI/Saved/Config/Windows/Scalability.ini]
[2021.06.15-14.59.12:009][  0]LogConfig: Setting CVar [[foliage.DensityScale:1.0]]
[2021.06.15-14.59.12:009][  0]LogConfig: Setting CVar [[grass.DensityScale:1.0]]
[2021.06.15-14.59.12:009][  0]LogConfig: Applying CVar settings from Section [ShadingQuality@3] File [D:/GitKitchenVR/CustomURI/CustomURI/Saved/Config/Windows/Scalability.ini]
[2021.06.15-14.59.12:009][  0]LogConfig: Setting CVar [[r.HairStrands.SkyLighting.SampleCount:16]]
[2021.06.15-14.59.12:009][  0]LogConfig: Setting CVar [[r.HairStrands.SkyLighting.JitterIntegration:0]]
[2021.06.15-14.59.12:009][  0]LogConfig: Setting CVar [[r.HairStrands.SkyAO.SampleCount:16]]
[2021.06.15-14.59.12:009][  0]LogConfig: Setting CVar [[r.HairStrands.DeepShadow.SuperSampling:0]]
[2021.06.15-14.59.12:009][  0]LogConfig: Setting CVar [[r.HairStrands.VisibilityPPLL:0]]
[2021.06.15-14.59.12:009][  0]LogConfig: Setting CVar [[r.HairStrands.RasterizationScale:0.5]]
[2021.06.15-14.59.12:009][  0]LogConfig: Setting CVar [[r.HairStrands.VelocityRasterizationScale:1]]
[2021.06.15-14.59.12:010][  0]LogInit: Selected Device Profile: [Windows]
[2021.06.15-14.59.12:010][  0]LogInit: Applying CVar settings loaded from the selected device profile: [Windows]
[2021.06.15-14.59.12:010][  0]LogHAL: Display: Platform has ~ 16 GB [17106059264 / 17179869184 / 16], which maps to Larger [LargestMinGB=32, LargerMinGB=12, DefaultMinGB=8, SmallerMinGB=6, SmallestMinGB=0)
[2021.06.15-14.59.12:010][  0]LogInit: Going up to parent DeviceProfile []
[2021.06.15-14.59.12:010][  0]LogConfig: Applying CVar settings from Section [ViewDistanceQuality@3] File [D:/GitKitchenVR/CustomURI/CustomURI/Saved/Config/Windows/Scalability.ini]
[2021.06.15-14.59.12:010][  0]LogConfig: Setting CVar [[r.SkeletalMeshLODBias:0]]
[2021.06.15-14.59.12:010][  0]LogConfig: Setting CVar [[r.ViewDistanceScale:1.0]]
[2021.06.15-14.59.12:010][  0]LogConfig: Applying CVar settings from Section [AntiAliasingQuality@3] File [D:/GitKitchenVR/CustomURI/CustomURI/Saved/Config/Windows/Scalability.ini]
[2021.06.15-14.59.12:010][  0]LogConfig: Setting CVar [[r.PostProcessAAQuality:4]]
[2021.06.15-14.59.12:010][  0]LogConfig: Applying CVar settings from Section [ShadowQuality@3] File [D:/GitKitchenVR/CustomURI/CustomURI/Saved/Config/Windows/Scalability.ini]
[2021.06.15-14.59.12:010][  0]LogConfig: Setting CVar [[r.LightFunctionQuality:1]]
[2021.06.15-14.59.12:010][  0]LogConfig: Setting CVar [[r.ShadowQuality:5]]
[2021.06.15-14.59.12:010][  0]LogConfig: Setting CVar [[r.Shadow.CSM.MaxCascades:10]]
[2021.06.15-14.59.12:010][  0]LogConfig: Setting CVar [[r.Shadow.MaxResolution:2048]]
[2021.06.15-14.59.12:010][  0]LogConfig: Setting CVar [[r.Shadow.MaxCSMResolution:2048]]
[2021.06.15-14.59.12:010][  0]LogConfig: Setting CVar [[r.Shadow.RadiusThreshold:0.01]]
[2021.06.15-14.59.12:010][  0]LogConfig: Setting CVar [[r.Shadow.DistanceScale:1.0]]
[2021.06.15-14.59.12:010][  0]LogConfig: Setting CVar [[r.Shadow.CSM.TransitionScale:1.0]]
[2021.06.15-14.59.12:010][  0]LogConfig: Setting CVar [[r.Shadow.PreShadowResolutionFactor:1.0]]
[2021.06.15-14.59.12:010][  0]LogConfig: Setting CVar [[r.DistanceFieldShadowing:1]]
[2021.06.15-14.59.12:010][  0]LogConfig: Setting CVar [[r.DistanceFieldAO:1]]
[2021.06.15-14.59.12:010][  0]LogConfig: Setting CVar [[r.AOQuality:2]]
[2021.06.15-14.59.12:010][  0]LogConfig: Setting CVar [[r.VolumetricFog:1]]
[2021.06.15-14.59.12:010][  0]LogConfig: Setting CVar [[r.VolumetricFog.GridPixelSize:8]]
[2021.06.15-14.59.12:010][  0]LogConfig: Setting CVar [[r.VolumetricFog.GridSizeZ:128]]
[2021.06.15-14.59.12:010][  0]LogConfig: Setting CVar [[r.VolumetricFog.HistoryMissSupersampleCount:4]]
[2021.06.15-14.59.12:010][  0]LogConfig: Setting CVar [[r.LightMaxDrawDistanceScale:1]]
[2021.06.15-14.59.12:010][  0]LogConfig: Setting CVar [[r.CapsuleShadows:1]]
[2021.06.15-14.59.12:010][  0]LogConfig: Applying CVar settings from Section [PostProcessQuality@3] File [D:/GitKitchenVR/CustomURI/CustomURI/Saved/Config/Windows/Scalability.ini]
[2021.06.15-14.59.12:010][  0]LogConfig: Setting CVar [[r.MotionBlurQuality:4]]
[2021.06.15-14.59.12:010][  0]LogConfig: Setting CVar [[r.AmbientOcclusionMipLevelFactor:0.4]]
[2021.06.15-14.59.12:010][  0]LogConfig: Setting CVar [[r.AmbientOcclusionMaxQuality:100]]
[2021.06.15-14.59.12:010][  0]LogConfig: Setting CVar [[r.AmbientOcclusionLevels:-1]]
[2021.06.15-14.59.12:010][  0]LogConfig: Setting CVar [[r.AmbientOcclusionRadiusScale:1.0]]
[2021.06.15-14.59.12:010][  0]LogConfig: Setting CVar [[r.DepthOfFieldQuality:2]]
[2021.06.15-14.59.12:010][  0]LogConfig: Setting CVar [[r.RenderTargetPoolMin:400]]
[2021.06.15-14.59.12:010][  0]LogConfig: Setting CVar [[r.LensFlareQuality:2]]
[2021.06.15-14.59.12:010][  0]LogConfig: Setting CVar [[r.SceneColorFringeQuality:1]]
[2021.06.15-14.59.12:010][  0]LogConfig: Setting CVar [[r.EyeAdaptationQuality:2]]
[2021.06.15-14.59.12:010][  0]LogConfig: Setting CVar [[r.BloomQuality:5]]
[2021.06.15-14.59.12:010][  0]LogConfig: Setting CVar [[r.FastBlurThreshold:100]]
[2021.06.15-14.59.12:010][  0]LogConfig: Setting CVar [[r.Upscale.Quality:3]]
[2021.06.15-14.59.12:010][  0]LogConfig: Setting CVar [[r.Tonemapper.GrainQuantization:1]]
[2021.06.15-14.59.12:010][  0]LogConfig: Setting CVar [[r.LightShaftQuality:1]]
[2021.06.15-14.59.12:010][  0]LogConfig: Setting CVar [[r.Filter.SizeScale:1]]
[2021.06.15-14.59.12:010][  0]LogConfig: Setting CVar [[r.Tonemapper.Quality:5]]
[2021.06.15-14.59.12:010][  0]LogConfig: Setting CVar [[r.DOF.Gather.AccumulatorQuality:1        ; higher gathering accumulator quality]]
[2021.06.15-14.59.12:010][  0]LogConfig: Setting CVar [[r.DOF.Gather.PostfilterMethod:1          ; Median3x3 postfilering method]]
[2021.06.15-14.59.12:010][  0]LogConfig: Setting CVar [[r.DOF.Gather.EnableBokehSettings:0       ; no bokeh simulation when gathering]]
[2021.06.15-14.59.12:010][  0]LogConfig: Setting CVar [[r.DOF.Gather.RingCount:4                 ; medium number of samples when gathering]]
[2021.06.15-14.59.12:010][  0]LogConfig: Setting CVar [[r.DOF.Scatter.ForegroundCompositing:1    ; additive foreground scattering]]
[2021.06.15-14.59.12:010][  0]LogConfig: Setting CVar [[r.DOF.Scatter.BackgroundCompositing:2    ; additive background scattering]]
[2021.06.15-14.59.12:010][  0]LogConfig: Setting CVar [[r.DOF.Scatter.EnableBokehSettings:1      ; bokeh simulation when scattering]]
[2021.06.15-14.59.12:010][  0]LogConfig: Setting CVar [[r.DOF.Scatter.MaxSpriteRatio:0.1         ; only a maximum of 10% of scattered bokeh]]
[2021.06.15-14.59.12:010][  0]LogConfig: Setting CVar [[r.DOF.Recombine.Quality:1                ; cheap slight out of focus]]
[2021.06.15-14.59.12:010][  0]LogConfig: Setting CVar [[r.DOF.Recombine.EnableBokehSettings:0    ; no bokeh simulation on slight out of focus]]
[2021.06.15-14.59.12:010][  0]LogConfig: Setting CVar [[r.DOF.TemporalAAQuality:1                ; more stable temporal accumulation]]
[2021.06.15-14.59.12:010][  0]LogConfig: Setting CVar [[r.DOF.Kernel.MaxForegroundRadius:0.025]]
[2021.06.15-14.59.12:010][  0]LogConfig: Setting CVar [[r.DOF.Kernel.MaxBackgroundRadius:0.025]]
[2021.06.15-14.59.12:010][  0]LogConfig: Applying CVar settings from Section [TextureQuality@3] File [D:/GitKitchenVR/CustomURI/CustomURI/Saved/Config/Windows/Scalability.ini]
[2021.06.15-14.59.12:010][  0]LogConfig: Setting CVar [[r.Streaming.MipBias:0]]
[2021.06.15-14.59.12:010][  0]LogConfig: Setting CVar [[r.Streaming.AmortizeCPUToGPUCopy:0]]
[2021.06.15-14.59.12:010][  0]LogConfig: Setting CVar [[r.Streaming.MaxNumTexturesToStreamPerFrame:0]]
[2021.06.15-14.59.12:010][  0]LogConfig: Setting CVar [[r.Streaming.Boost:1]]
[2021.06.15-14.59.12:010][  0]LogConfig: Setting CVar [[r.MaxAnisotropy:8]]
[2021.06.15-14.59.12:010][  0]LogConfig: Setting CVar [[r.VT.MaxAnisotropy:8]]
[2021.06.15-14.59.12:010][  0]LogConfig: Setting CVar [[r.Streaming.LimitPoolSizeToVRAM:0]]
[2021.06.15-14.59.12:010][  0]LogConfig: Setting CVar [[r.Streaming.PoolSize:1000]]
[2021.06.15-14.59.12:010][  0]LogConfig: Setting CVar [[r.Streaming.MaxEffectiveScreenSize:0]]
[2021.06.15-14.59.12:010][  0]LogConfig: Applying CVar settings from Section [EffectsQuality@3] File [D:/GitKitchenVR/CustomURI/CustomURI/Saved/Config/Windows/Scalability.ini]
[2021.06.15-14.59.12:010][  0]LogConfig: Setting CVar [[r.TranslucencyLightingVolumeDim:64]]
[2021.06.15-14.59.12:010][  0]LogConfig: Setting CVar [[r.RefractionQuality:2]]
[2021.06.15-14.59.12:010][  0]LogConfig: Setting CVar [[r.SSR.Quality:3]]
[2021.06.15-14.59.12:010][  0]LogConfig: Setting CVar [[r.SSR.HalfResSceneColor:0]]
[2021.06.15-14.59.12:010][  0]LogConfig: Setting CVar [[r.SceneColorFormat:4]]
[2021.06.15-14.59.12:010][  0]LogConfig: Setting CVar [[r.DetailMode:2]]
[2021.06.15-14.59.12:010][  0]LogConfig: Setting CVar [[r.TranslucencyVolumeBlur:1]]
[2021.06.15-14.59.12:011][  0]LogConfig: Setting CVar [[r.MaterialQualityLevel:1 ; High quality]]
[2021.06.15-14.59.12:011][  0]LogConfig: Setting CVar [[r.SSS.Scale:1]]
[2021.06.15-14.59.12:011][  0]LogConfig: Setting CVar [[r.SSS.SampleSet:2]]
[2021.06.15-14.59.12:011][  0]LogConfig: Setting CVar [[r.SSS.Quality:1]]
[2021.06.15-14.59.12:011][  0]LogConfig: Setting CVar [[r.SSS.HalfRes:0]]
[2021.06.15-14.59.12:011][  0]LogConfig: Setting CVar [[r.SSGI.Quality:3]]
[2021.06.15-14.59.12:011][  0]LogConfig: Setting CVar [[r.EmitterSpawnRateScale:1.0]]
[2021.06.15-14.59.12:011][  0]LogConfig: Setting CVar [[r.ParticleLightQuality:2]]
[2021.06.15-14.59.12:011][  0]LogConfig: Setting CVar [[r.SkyAtmosphere.AerialPerspectiveLUT.FastApplyOnOpaque:1 ; Always have FastSkyLUT 1 in this case to avoid wrong sky]]
[2021.06.15-14.59.12:011][  0]LogConfig: Setting CVar [[r.SkyAtmosphere.AerialPerspectiveLUT.SampleCountPerSlice:1]]
[2021.06.15-14.59.12:011][  0]LogConfig: Setting CVar [[r.SkyAtmosphere.AerialPerspectiveLUT.DepthResolution:16.0]]
[2021.06.15-14.59.12:011][  0]LogConfig: Setting CVar [[r.SkyAtmosphere.FastSkyLUT:1]]
[2021.06.15-14.59.12:011][  0]LogConfig: Setting CVar [[r.SkyAtmosphere.FastSkyLUT.SampleCountMin:4.0]]
[2021.06.15-14.59.12:011][  0]LogConfig: Setting CVar [[r.SkyAtmosphere.FastSkyLUT.SampleCountMax:32.0]]
[2021.06.15-14.59.12:011][  0]LogConfig: Setting CVar [[r.SkyAtmosphere.SampleCountMin:4.0]]
[2021.06.15-14.59.12:011][  0]LogConfig: Setting CVar [[r.SkyAtmosphere.SampleCountMax:32.0]]
[2021.06.15-14.59.12:011][  0]LogConfig: Setting CVar [[r.SkyAtmosphere.TransmittanceLUT.UseSmallFormat:0]]
[2021.06.15-14.59.12:011][  0]LogConfig: Setting CVar [[r.SkyAtmosphere.TransmittanceLUT.SampleCount:10.0]]
[2021.06.15-14.59.12:011][  0]LogConfig: Setting CVar [[r.SkyAtmosphere.MultiScatteringLUT.SampleCount:15.0]]
[2021.06.15-14.59.12:011][  0]LogConfig: Applying CVar settings from Section [FoliageQuality@3] File [D:/GitKitchenVR/CustomURI/CustomURI/Saved/Config/Windows/Scalability.ini]
[2021.06.15-14.59.12:011][  0]LogConfig: Setting CVar [[foliage.DensityScale:1.0]]
[2021.06.15-14.59.12:011][  0]LogConfig: Setting CVar [[grass.DensityScale:1.0]]
[2021.06.15-14.59.12:011][  0]LogConfig: Applying CVar settings from Section [ShadingQuality@3] File [D:/GitKitchenVR/CustomURI/CustomURI/Saved/Config/Windows/Scalability.ini]
[2021.06.15-14.59.12:011][  0]LogConfig: Setting CVar [[r.HairStrands.SkyLighting.SampleCount:16]]
[2021.06.15-14.59.12:011][  0]LogConfig: Setting CVar [[r.HairStrands.SkyLighting.JitterIntegration:0]]
[2021.06.15-14.59.12:011][  0]LogConfig: Setting CVar [[r.HairStrands.SkyAO.SampleCount:16]]
[2021.06.15-14.59.12:011][  0]LogConfig: Setting CVar [[r.HairStrands.DeepShadow.SuperSampling:0]]
[2021.06.15-14.59.12:011][  0]LogConfig: Setting CVar [[r.HairStrands.VisibilityPPLL:0]]
[2021.06.15-14.59.12:011][  0]LogConfig: Setting CVar [[r.HairStrands.RasterizationScale:0.5]]
[2021.06.15-14.59.12:011][  0]LogConfig: Setting CVar [[r.HairStrands.VelocityRasterizationScale:1]]
[2021.06.15-14.59.12:011][  0]LogConfig: Applying CVar settings from Section [Startup] File [../../../Engine/Config/ConsoleVariables.ini]
[2021.06.15-14.59.12:011][  0]LogConfig: Setting CVar [[net.UseAdaptiveNetUpdateFrequency:0]]
[2021.06.15-14.59.12:011][  0]LogConfig: Setting CVar [[p.chaos.AllowCreatePhysxBodies:1]]
[2021.06.15-14.59.12:011][  0]LogConfig: Setting CVar [[fx.SkipVectorVMBackendOptimizations:1]]
[2021.06.15-14.59.12:011][  0]LogConfig: Applying CVar settings from Section [ConsoleVariables] File [D:/GitKitchenVR/CustomURI/CustomURI/Saved/Config/Windows/Engine.ini]
[2021.06.15-14.59.12:011][  0]LogInit: Computer: JOEYCOMPUTER
[2021.06.15-14.59.12:011][  0]LogInit: User: joeym
[2021.06.15-14.59.12:011][  0]LogInit: CPU Page size=4096, Cores=4
[2021.06.15-14.59.12:011][  0]LogInit: High frequency timer resolution =10.000000 MHz
[2021.06.15-14.59.12:011][  0]LogMemory: Memory total: Physical=15.9GB (16GB approx)
[2021.06.15-14.59.12:011][  0]LogMemory: Platform Memory Stats for Windows
[2021.06.15-14.59.12:011][  0]LogMemory: Process Physical Memory: 140.30 MB used, 140.30 MB peak
[2021.06.15-14.59.12:011][  0]LogMemory: Process Virtual Memory: 105.14 MB used, 105.14 MB peak
[2021.06.15-14.59.12:011][  0]LogMemory: Physical Memory: 9139.60 MB used,  7174.01 MB free, 16313.61 MB total
[2021.06.15-14.59.12:011][  0]LogMemory: Virtual Memory: 5221.95 MB used,  134212504.00 MB free, 134217728.00 MB total
[2021.06.15-14.59.12:018][  0]LogWindows: WindowsPlatformFeatures enabled
[2021.06.15-14.59.12:294][  0]LogInit: Physics initialised using underlying interface: PhysX
[2021.06.15-14.59.12:294][  0]LogInit: Using OS detected language (nl-NL).
[2021.06.15-14.59.12:294][  0]LogInit: Using OS detected locale (nl-NL).
[2021.06.15-14.59.12:301][  0]LogTextLocalizationManager: No localization for 'nl-NL' exists, so 'en' will be used for the language.
[2021.06.15-14.59.12:307][  0]LogTextLocalizationManager: No localization for 'nl-NL' exists, so 'en' will be used for the locale.
[2021.06.15-14.59.12:639][  0]LogSlate: New Slate User Created.  User Index 0, Is Virtual User: 0
[2021.06.15-14.59.12:639][  0]LogSlate: Slate User Registered.  User Index 0, Is Virtual User: 0
[2021.06.15-14.59.12:648][  0]LogHMD: Failed to initialize OpenVR with code 100
[2021.06.15-14.59.12:648][  0]LogD3D11RHI: D3D11 min allowed feature level: 11_0
[2021.06.15-14.59.12:648][  0]LogD3D11RHI: D3D11 max allowed feature level: 11_0
[2021.06.15-14.59.12:648][  0]LogD3D11RHI: D3D11 adapters:
[2021.06.15-14.59.12:782][  0]LogD3D11RHI:    0. 'NVIDIA GeForce GTX 1080' (Feature Level 11_0)
[2021.06.15-14.59.12:782][  0]LogD3D11RHI:       8079/0/8156 MB DedicatedVideo/DedicatedSystem/SharedSystem, Outputs:1, VendorId:0x10de
[2021.06.15-14.59.12:788][  0]LogD3D11RHI:    1. 'Microsoft Basic Render Driver' (Feature Level 11_0)
[2021.06.15-14.59.12:788][  0]LogD3D11RHI:       0/0/8156 MB DedicatedVideo/DedicatedSystem/SharedSystem, Outputs:0, VendorId:0x1414
[2021.06.15-14.59.12:788][  0]LogD3D11RHI: Chosen D3D11 Adapter: 0
[2021.06.15-14.59.12:800][  0]LogD3D11RHI: Creating new Direct3DDevice
[2021.06.15-14.59.12:801][  0]LogD3D11RHI:     GPU DeviceId: 0x1b80 (for the marketing name, search the web for "GPU Device Id")
[2021.06.15-14.59.12:801][  0]LogWindows: EnumDisplayDevices:
[2021.06.15-14.59.12:801][  0]LogWindows:    0. 'NVIDIA GeForce GTX 1080' (P:1 D:1)
[2021.06.15-14.59.12:802][  0]LogWindows:    1. 'NVIDIA GeForce GTX 1080' (P:0 D:0)
[2021.06.15-14.59.12:802][  0]LogWindows:    2. 'NVIDIA GeForce GTX 1080' (P:0 D:0)
[2021.06.15-14.59.12:803][  0]LogWindows:    3. 'NVIDIA GeForce GTX 1080' (P:0 D:0)
[2021.06.15-14.59.12:803][  0]LogWindows: DebugString: FoundDriverCount:4 
[2021.06.15-14.59.12:803][  0]LogD3D11RHI:     Adapter Name: NVIDIA GeForce GTX 1080
[2021.06.15-14.59.12:803][  0]LogD3D11RHI:   Driver Version: 466.47 (internal:27.21.14.6647, unified:466.47)
[2021.06.15-14.59.12:803][  0]LogD3D11RHI:      Driver Date: 5-13-2021
[2021.06.15-14.59.12:803][  0]LogRHI: Texture pool is 5655 MB (70% of 8079 MB)
[2021.06.15-14.59.12:890][  0]LogD3D11RHI: RHI has support for 64 bit atomics
[2021.06.15-14.59.12:890][  0]LogD3D11RHI: Async texture creation enabled
[2021.06.15-14.59.12:890][  0]LogD3D11RHI: Array index from any shader is supported
[2021.06.15-14.59.12:907][  0]LogD3D11RHI: GPU Timing Frequency: 1000.000000 (Debug: 2 1)
[2021.06.15-14.59.13:308][  0]LogTargetPlatformManager: Display: Loaded TargetPlatform 'WindowsNoEditor'
[2021.06.15-14.59.13:313][  0]LogTargetPlatformManager: Display: Loaded TargetPlatform 'Windows'
[2021.06.15-14.59.13:324][  0]LogTargetPlatformManager: Display: Loaded TargetPlatform 'WindowsClient'
[2021.06.15-14.59.13:334][  0]LogTargetPlatformManager: Display: Loaded TargetPlatform 'WindowsServer'
[2021.06.15-14.59.13:334][  0]LogTargetPlatformManager: Display: Building Assets For Windows
[2021.06.15-14.59.13:361][  0]LogAudioDebug: Display: Lib vorbis DLL was dynamically loaded.
[2021.06.15-14.59.13:465][  0]LogShaderCompilers: Guid format shader working directory is -5 characters bigger than the processId version (../../../../../../GitKitchenVR/CustomURI/CustomURI/Intermediate/Shaders/WorkingDirectory/17360/).
[2021.06.15-14.59.13:465][  0]LogShaderCompilers: Cleaned the shader compiler working directory 'C:/Users/joeym/AppData/Local/Temp/UnrealShaderWorkingDir/C1A8AC3F486E81ABB50A0A89F2C1C01E/'.
[2021.06.15-14.59.13:466][  0]LogXGEController: Cleaning working directory: C:/Users/joeym/AppData/Local/Temp/UnrealXGEWorkingDir/
[2021.06.15-14.59.13:467][  0]LogXGEController: Cannot use XGE Controller as Incredibuild is not installed on this machine.
[2021.06.15-14.59.13:467][  0]LogShaderCompilers: Cannot use XGE Shader Compiler as Incredibuild is not installed on this machine.
[2021.06.15-14.59.13:467][  0]LogShaderCompilers: Display: Using Local Shader Compiler.
[2021.06.15-14.59.14:315][  0]LogDerivedDataCache: Display: Max Cache Size: 512 MB
[2021.06.15-14.59.14:367][  0]LogDerivedDataCache: Loaded boot cache 0.05s 76MB C:/Users/joeym/AppData/Local/UnrealEngine/4.25/DerivedDataCache/Boot.ddc.
[2021.06.15-14.59.14:367][  0]LogDerivedDataCache: Display: Loaded Boot cache: C:/Users/joeym/AppData/Local/UnrealEngine/4.25/DerivedDataCache/Boot.ddc
[2021.06.15-14.59.14:367][  0]LogDerivedDataCache: FDerivedDataBackendGraph:  Pak pak cache file ../../../../../../GitKitchenVR/CustomURI/CustomURI/DerivedDataCache/DDC.ddp not found, will not use a pak cache.
[2021.06.15-14.59.14:367][  0]LogDerivedDataCache: Unable to find inner node Pak for hierarchical cache Hierarchy.
[2021.06.15-14.59.14:367][  0]LogDerivedDataCache: FDerivedDataBackendGraph:  CompressedPak pak cache file ../../../../../../GitKitchenVR/CustomURI/CustomURI/DerivedDataCache/Compressed.ddp not found, will not use a pak cache.
[2021.06.15-14.59.14:367][  0]LogDerivedDataCache: Unable to find inner node CompressedPak for hierarchical cache Hierarchy.
[2021.06.15-14.59.14:376][  0]LogDerivedDataCache: Display: Pak cache opened for reading ../../../Engine/DerivedDataCache/Compressed.ddp.
[2021.06.15-14.59.14:376][  0]LogDerivedDataCache: FDerivedDataBackendGraph:  EnterprisePak pak cache file ../../../Enterprise/DerivedDataCache/Compressed.ddp not found, will not use a pak cache.
[2021.06.15-14.59.14:376][  0]LogDerivedDataCache: Unable to find inner node EnterprisePak for hierarchical cache Hierarchy.
[2021.06.15-14.59.14:377][  0]LogDerivedDataCache: Using Local data cache path C:/Users/joeym/AppData/Local/UnrealEngine/Common/DerivedDataCache: Writable
[2021.06.15-14.59.14:377][  0]LogDerivedDataCache: Shared data cache path not found in *engine.ini, will not use an Shared cache.
[2021.06.15-14.59.14:377][  0]LogDerivedDataCache: Unable to find inner node Shared for hierarchical cache Hierarchy.
[2021.06.15-14.59.14:413][  0]LogSlate: Using FreeType 2.10.0
[2021.06.15-14.59.14:415][  0]LogSlate: SlateFontServices - WITH_FREETYPE: 1, WITH_HARFBUZZ: 1
[2021.06.15-14.59.14:546][  0]LogInit: Using OS detected language (nl-NL).
[2021.06.15-14.59.14:546][  0]LogInit: Using OS detected locale (nl-NL).
[2021.06.15-14.59.14:546][  0]LogTextLocalizationManager: No localization for 'nl-NL' exists, so 'en' will be used for the language.
[2021.06.15-14.59.14:546][  0]LogTextLocalizationManager: No localization for 'nl-NL' exists, so 'en' will be used for the locale.
[2021.06.15-14.59.14:548][  0]LogTextLocalizationManager: Compacting localization data took   0.00ms
[2021.06.15-14.59.14:552][  0]LogAssetRegistry: FAssetRegistry took 0.0024 seconds to start up
[2021.06.15-14.59.14:752][  0]LogPackageLocalizationCache: Processed 21 localized package path(s) for 1 prioritized culture(s) in 0.017304 seconds
[2021.06.15-14.59.14:820][  0]LogInit: Selected Device Profile: [Windows]
[2021.06.15-14.59.14:962][  0]LogMeshReduction: Using QuadricMeshReduction for automatic static mesh reduction
[2021.06.15-14.59.14:962][  0]LogMeshReduction: Using SimplygonMeshReduction for automatic skeletal mesh reduction
[2021.06.15-14.59.14:962][  0]LogMeshReduction: Using ProxyLODMeshReduction for automatic mesh merging
[2021.06.15-14.59.14:962][  0]LogMeshReduction: No distributed automatic mesh merging module available
[2021.06.15-14.59.14:962][  0]LogMeshMerging: No distributed automatic mesh merging module available
[2021.06.15-14.59.14:982][  0]LogNetVersion: CustomURI 1.0.0, NetCL: 13144385, EngineNetVer: 14, GameNetVer: 0 (Checksum: 3612037433)
[2021.06.15-14.59.15:292][  0]LogAISub: UAISubsystem::UAISubsystem AISubsystem (000001FE2DF435C0), frame # 0
[2021.06.15-14.59.15:293][  0]LogAISub: UAISubsystem::UAISubsystem AIPerceptionSystem (000001FE2DF6C7C0), frame # 0
[2021.06.15-14.59.15:294][  0]LogAISub: UAISubsystem::UAISubsystem EnvQueryManager (000001FE2DF2BC00), frame # 0
[2021.06.15-14.59.15:417][  0]LogCollectionManager: Loaded 0 collections in 0.001123 seconds
[2021.06.15-14.59.15:420][  0]LogFileCache: Scanning file cache for directory 'D:/GitKitchenVR/CustomURI/CustomURI/Saved/Collections/' took 0.00s
[2021.06.15-14.59.15:420][  0]LogFileCache: Scanning file cache for directory 'D:/GitKitchenVR/CustomURI/CustomURI/Content/Developers/joeym/Collections/' took 0.00s
[2021.06.15-14.59.15:420][  0]LogCollectionManager: Fixed up redirectors for 0 collections in 0.000003 seconds (updated 0 objects)
[2021.06.15-14.59.15:508][  0]LogFileCache: Scanning file cache for directory 'D:/GitKitchenVR/CustomURI/CustomURI/Content/Collections/' took 0.00s
[2021.06.15-14.59.15:508][  0]LogMoviePlayer: Initializing movie player
[2021.06.15-14.59.15:832][  0]SourceControl: Source control is disabled
[2021.06.15-14.59.15:832][  0]SourceControl: Source control is disabled
[2021.06.15-14.59.15:842][  0]SourceControl: Source control is disabled
[2021.06.15-14.59.16:059][  0]LogAndroidPermission: UAndroidPermissionCallbackProxy::GetInstance
[2021.06.15-14.59.16:089][  0]LogAudioCaptureCore: Display: No Audio Capture implementations found. Audio input will be silent.
[2021.06.15-14.59.16:089][  0]LogAudioCaptureCore: Display: No Audio Capture implementations found. Audio input will be silent.
[2021.06.15-14.59.16:160][  0]LogOcInput: OculusInput pre-init called
[2021.06.15-14.59.16:274][  0]LogUObjectArray: 19284 objects as part of root set at end of initial load.
[2021.06.15-14.59.16:274][  0]LogUObjectAllocator: 5083856 out of 0 bytes used by permanent object pool.
[2021.06.15-14.59.16:274][  0]LogUObjectArray: CloseDisregardForGC: 0/0 objects in disregard for GC pool
[2021.06.15-14.59.16:327][  0]LogEngine: Initializing Engine...
[2021.06.15-14.59.16:328][  0]LogHMD: Failed to initialize OpenVR with code 100
[2021.06.15-14.59.16:328][  0]LogMagicLeap: Warning: VR disabled because ZI is not enabled.  To enable, in the editor, Edit -> Project Settings -> Plugins -> Magic Leap Plugin -> Enable Zero Iteration
[2021.06.15-14.59.16:330][  0]LogStats: UGameplayTagsManager::InitializeManager -  0.000 s
[2021.06.15-14.59.16:432][  0]LogInit: Initializing FReadOnlyCVARCache
[2021.06.15-14.59.16:438][  0]LogAudioMixer: Display: Audio Mixer Platform Settings:
[2021.06.15-14.59.16:438][  0]LogAudioMixer: Display: 	Sample Rate:						  48000
[2021.06.15-14.59.16:438][  0]LogAudioMixer: Display: 	Callback Buffer Frame Size Requested: 1024
[2021.06.15-14.59.16:438][  0]LogAudioMixer: Display: 	Callback Buffer Frame Size To Use:	  1024
[2021.06.15-14.59.16:438][  0]LogAudioMixer: Display: 	Number of buffers to queue:			  2
[2021.06.15-14.59.16:438][  0]LogAudioMixer: Display: 	Max Channels (voices):				  32
[2021.06.15-14.59.16:438][  0]LogAudioMixer: Display: 	Number of Async Source Workers:		  0
[2021.06.15-14.59.16:438][  0]LogAudio: Display: AudioDevice MaxSources: 32
[2021.06.15-14.59.16:438][  0]LogAudio: Display: Using built-in audio occlusion.
[2021.06.15-14.59.16:438][  0]LogAudioMixer: Display: Initializing audio mixer.
[2021.06.15-14.59.16:468][  0]LogAudioMixer: Display: 0: FrontLeft
[2021.06.15-14.59.16:468][  0]LogAudioMixer: Display: 1: FrontRight
[2021.06.15-14.59.16:498][  0]LogAudioMixer: Display: Using Audio Device Oortelefoon van hoofdtelefoon (4- Arctis 7 Chat)
[2021.06.15-14.59.16:503][  0]LogAudioMixer: Display: Initializing Sound Submixes...
[2021.06.15-14.59.16:504][  0]LogAudioMixer: Display: Creating Master Submix 'MasterSubmixDefault'
[2021.06.15-14.59.16:504][  0]LogAudioMixer: Display: Creating Master Submix 'MasterReverbSubmixDefault'
[2021.06.15-14.59.16:506][  0]LogAudioMixer: Display: Creating Master Submix 'MasterEQSubmixDefault'
[2021.06.15-14.59.16:507][  0]LogInit: FAudioDevice initialized.
[2021.06.15-14.59.16:508][  0]LogNetVersion: Set ProjectVersion to 1.0.0.0. Version Checksum will be recalculated on next use.
[2021.06.15-14.59.16:552][  0]LogDerivedDataCache: Saved boot cache 0.04s 76MB C:/Users/joeym/AppData/Local/UnrealEngine/4.25/DerivedDataCache/Boot.ddc.
[2021.06.15-14.59.16:553][  0]LogInit: Texture streaming: Enabled
[2021.06.15-14.59.16:789][  0]LogBlueprintUserMessages: [MyGameInstance_C_0]  -game
[2021.06.15-14.59.16:790][  0]LogSlate: Updating window title bar state: overlay mode, drag disabled, window buttons hidden, title bar hidden
[2021.06.15-14.59.16:790][  0]LogInit: Display: Game Engine Initialized.
[2021.06.15-14.59.16:791][  0]LogNiagaraEditor: Warning: GEditor isn't valid! Particle reset commands will not work for Niagara components!
[2021.06.15-14.59.16:968][  0]LogInit: Display: Starting Game.
[2021.06.15-14.59.16:968][  0]LogNet: Browse: /Game/HomeScreen?Name=Player
[2021.06.15-14.59.16:968][  0]LogLoad: LoadMap: /Game/HomeScreen?Name=Player
[2021.06.15-14.59.16:968][  0]LogWorld: BeginTearingDown for /Temp/Untitled_0
[2021.06.15-14.59.16:969][  0]LogWorld: UWorld::CleanupWorld for Untitled, bSessionEnded=true, bCleanupResources=true
[2021.06.15-14.59.16:969][  0]LogSlate: InvalidateAllWidgets triggered.  All widgets were invalidated
[2021.06.15-14.59.16:979][  0]LogUObjectHash: Compacting FUObjectHashTables data took   0.68ms
[2021.06.15-14.59.17:100][  0]LogAIModule: Creating AISystem for world HomeScreen
[2021.06.15-14.59.17:100][  0]LogAISub: UAISubsystem::UAISubsystem EnvQueryManager (000001FE31AB0400), frame # 0
[2021.06.15-14.59.17:100][  0]LogAISub: UAISubsystem::UAISubsystem AIPerceptionSystem (000001FE31D43240), frame # 0
[2021.06.15-14.59.17:100][  0]LogLoad: Game class is 'MM_GameMode_C'
[2021.06.15-14.59.17:102][  0]LogWorld: Bringing World /Game/HomeScreen.HomeScreen up for play (max tick rate 0) at 2021.06.15-16.59.17
[2021.06.15-14.59.17:102][  0]LogWorld: Bringing up level for play took: 0.001458
[2021.06.15-14.59.17:106][  0]LogLoad: Took 0.137552 seconds to LoadMap(/Game/HomeScreen)
[2021.06.15-14.59.17:116][  0]LogRenderer: Reallocating scene render targets to support 1100x620 Format 10 NumSamples 1 (Frame:1).
[2021.06.15-14.59.17:116][  0]LogSlate: Took 0.000286 seconds to synchronously load lazily loaded font '../../../Engine/Content/Slate/Fonts/Roboto-Regular.ttf' (155K)
[2021.06.15-14.59.17:169][  0]LogLoad: (Engine Initialization) Total time: 27.48 seconds
[2021.06.15-14.59.17:169][  0]LogLoad: (Engine Initialization) Total Blueprint compile time: 0.00 seconds
[2021.06.15-14.59.17:174][  0]LogContentStreaming: Texture pool size now 1000 MB
[2021.06.15-14.59.27:720][624]LogOnlineSession: Verbose: OSS: dumping NamedSession: 
[2021.06.15-14.59.27:720][624]LogOnlineSession: Verbose: OSS: 	SessionName: GameSession
[2021.06.15-14.59.27:720][624]LogOnlineSession: Verbose: OSS: 	HostingPlayerNum: 0
[2021.06.15-14.59.27:730][624]LogOnlineSession: Verbose: OSS: 	SessionState: Pending
[2021.06.15-14.59.27:730][624]LogOnlineSession: Verbose: OSS: 	RegisteredPlayers: 
[2021.06.15-14.59.27:730][624]LogOnlineSession: Verbose: OSS: 	    0 registered players
[2021.06.15-14.59.27:730][624]LogOnlineSession: Verbose: OSS: dumping Session: 
[2021.06.15-14.59.27:730][624]LogOnlineSession: Verbose: OSS: 	OwningPlayerName: Joey
[2021.06.15-14.59.27:730][624]LogOnlineSession: Verbose: OSS: 	OwningPlayerId: Joey [0x1FE2DDB8AC0]
[2021.06.15-14.59.27:730][624]LogOnlineSession: Verbose: OSS: 	NumOpenPrivateConnections: 0
[2021.06.15-14.59.27:730][624]LogOnlineSession: Verbose: OSS: 	NumOpenPublicConnections: 99
[2021.06.15-14.59.27:730][624]LogOnlineSession: Verbose: OSS: 	SessionInfo: HostIP: INVALID SteamP2P: 76561198109054226:7777 Type: Lobby session SessionId: Lobby[0x18600000B9C8DBD]
[2021.06.15-14.59.27:731][624]LogOnlineSession: Verbose: OSS: dumping SessionSettings: 
[2021.06.15-14.59.27:731][624]LogOnlineSession: Verbose: OSS: 	NumPublicConnections: 100
[2021.06.15-14.59.27:731][624]LogOnlineSession: Verbose: OSS: 	NumPrivateConnections: 0
[2021.06.15-14.59.27:731][624]LogOnlineSession: Verbose: OSS: 	bIsLanMatch: false
[2021.06.15-14.59.27:731][624]LogOnlineSession: Verbose: OSS: 	bIsDedicated: false
[2021.06.15-14.59.27:731][624]LogOnlineSession: Verbose: OSS: 	bUsesStats: false
[2021.06.15-14.59.27:731][624]LogOnlineSession: Verbose: OSS: 	bShouldAdvertise: true
[2021.06.15-14.59.27:731][624]LogOnlineSession: Verbose: OSS: 	bAllowJoinInProgress: true
[2021.06.15-14.59.27:731][624]LogOnlineSession: Verbose: OSS: 	bAllowInvites: false
[2021.06.15-14.59.27:731][624]LogOnlineSession: Verbose: OSS: 	bUsesPresence: true
[2021.06.15-14.59.27:731][624]LogOnlineSession: Verbose: OSS: 	bAllowJoinViaPresence: true
[2021.06.15-14.59.27:731][624]LogOnlineSession: Verbose: OSS: 	bAllowJoinViaPresenceFriendsOnly: false
[2021.06.15-14.59.27:731][624]LogOnlineSession: Verbose: OSS: 	BuildUniqueId: 0x00c89141
[2021.06.15-14.59.27:731][624]LogOnlineSession: Verbose: OSS: 	Settings:
[2021.06.15-14.59.27:852][624]LogPackageName: SearchForPackageOnDisk took   0.121s to resolve GameWorld.umap.
[2021.06.15-14.59.27:968][624]LogPackageName: SearchForPackageOnDisk took   0.115s to resolve GameWorld.umap.
[2021.06.15-14.59.27:968][624]LogNet: Browse: /Game/GameWorld??listen
[2021.06.15-14.59.27:968][624]LogLoad: LoadMap: /Game/GameWorld??listen
[2021.06.15-14.59.27:968][624]LogWorld: BeginTearingDown for /Game/HomeScreen
[2021.06.15-14.59.27:969][624]LogWorld: UWorld::CleanupWorld for HomeScreen, bSessionEnded=true, bCleanupResources=true
[2021.06.15-14.59.27:969][624]LogSlate: InvalidateAllWidgets triggered.  All widgets were invalidated
[2021.06.15-14.59.28:006][624]LogAudio: Display: Waited 36.972702 ms for audio thread.
[2021.06.15-14.59.28:014][624]LogAISub: UAISubsystem::~UAISubsystem EnvQueryManager (000001FE31AB0400), frame # 5624
[2021.06.15-14.59.28:014][624]LogAISub: UAISubsystem::~UAISubsystem AIPerceptionSystem (000001FE31D43240), frame # 5624
[2021.06.15-14.59.28:016][624]LogUObjectHash: Compacting FUObjectHashTables data took   0.61ms
[2021.06.15-14.59.28:060][624]LogAIModule: Creating AISystem for world GameWorld
[2021.06.15-14.59.28:060][624]LogAISub: UAISubsystem::UAISubsystem EnvQueryManager (000001FE31F28600), frame # 5624
[2021.06.15-14.59.28:060][624]LogAISub: UAISubsystem::UAISubsystem AIPerceptionSystem (000001FE31EC4400), frame # 5624
[2021.06.15-14.59.28:060][624]LogLoad: Game class is 'MyGameMode_C'
[2021.06.15-14.59.28:061][624]LogNet: ReplicationDriverClass is null! Not using ReplicationDriver.
[2021.06.15-14.59.28:061][624]LogNetCore: DDoS detection status: detection enabled: 0 analytics enabled: 0
[2021.06.15-14.59.28:061][624]LogNet: Display: SteamNetDriver_0 bound to port 7777
[2021.06.15-14.59.28:061][624]PacketHandlerLog: Loaded PacketHandler component: Engine.EngineHandlerComponentFactory (StatelessConnectHandlerComponent)
[2021.06.15-14.59.28:061][624]LogNet: GameNetDriver SteamNetDriver_0 IpNetDriver listening on port 7777
[2021.06.15-14.59.28:063][624]LogWorld: Bringing World /Game/GameWorld.GameWorld up for play (max tick rate 0) at 2021.06.15-16.59.28
[2021.06.15-14.59.28:063][624]LogWorld: Bringing up level for play took: 0.000900
[2021.06.15-14.59.28:066][624]LogLoad: Took 0.097897 seconds to LoadMap(/Game/GameWorld)
[2021.06.15-14.59.49:626][586]LogSlate: Window 'CustomURI (64-bit Development PCD3D_SM5) ' being destroyed
[2021.06.15-14.59.49:627][586]LogWindowsTextInputMethodSystem: Display: IME system now deactivated.
[2021.06.15-14.59.49:634][586]LogSlate: Updating window title bar state: overlay mode, drag disabled, window buttons hidden, title bar hidden
[2021.06.15-14.59.49:634][586]LogEngine: All Windows Closed
[2021.06.15-14.59.49:634][586]LogWindows: FPlatformMisc::RequestExit(0)
[2021.06.15-14.59.49:634][586]LogCore: Engine exit requested (reason: Win RequestExit)
[2021.06.15-14.59.49:635][587]LogCore: Engine exit requested (reason: EngineExit() was called; note: exit was already requested)
[2021.06.15-14.59.49:637][587]LogAudio: Display: Shutting down audio device while 2 references to it are still alive. For more information, compile with INSTRUMENT_AUDIODEVICE_HANDLES.
[2021.06.15-14.59.49:677][587]LogInit: Display: PreExit Game.
[2021.06.15-14.59.49:696][587]LogWorld: BeginTearingDown for /Game/GameWorld
[2021.06.15-14.59.49:696][587]LogNet: World NetDriver shutdown SteamNetDriver_0 [GameNetDriver]
[2021.06.15-14.59.49:696][587]LogNet: DestroyNamedNetDriver SteamNetDriver_0 [GameNetDriver]
[2021.06.15-14.59.49:696][587]LogExit: GameNetDriver SteamNetDriver_0 shut down
[2021.06.15-14.59.49:696][587]LogWorld: UWorld::CleanupWorld for GameWorld, bSessionEnded=true, bCleanupResources=true
[2021.06.15-14.59.49:696][587]LogSlate: InvalidateAllWidgets triggered.  All widgets were invalidated
[2021.06.15-14.59.50:356][587]LogExit: Preparing to exit.
[2021.06.15-14.59.50:356][587]LogMoviePlayer: Shutting down movie player
[2021.06.15-14.59.50:367][587]LogSlate: Updating window title bar state: overlay mode, drag disabled, window buttons hidden, title bar hidden
[2021.06.15-14.59.50:368][587]LogDemo: Cleaned up 0 splitscreen connections with owner deletion
[2021.06.15-14.59.50:371][587]LogExit: Game engine shut down
[2021.06.15-14.59.50:378][587]LogAISub: UAISubsystem::~UAISubsystem AISubsystem (000001FE2DF435C0), frame # 16587
[2021.06.15-14.59.50:378][587]LogAISub: UAISubsystem::~UAISubsystem AIPerceptionSystem (000001FE2DF6C7C0), frame # 16587
[2021.06.15-14.59.50:379][587]LogAISub: UAISubsystem::~UAISubsystem EnvQueryManager (000001FE2DF2BC00), frame # 16587
[2021.06.15-14.59.50:383][587]LogAISub: UAISubsystem::~UAISubsystem AIPerceptionSystem (000001FE31EC4400), frame # 16587
[2021.06.15-14.59.50:384][587]LogAISub: UAISubsystem::~UAISubsystem EnvQueryManager (000001FE31F28600), frame # 16587
[2021.06.15-14.59.50:400][587]LogExit: Object subsystem successfully closed.
[2021.06.15-14.59.50:418][587]LogShaderCompilers: Display: Shaders left to compile 0
[2021.06.15-14.59.50:456][587]LogModuleManager: Shutting down and abandoning module SequenceRecorderSections (516)
[2021.06.15-14.59.50:456][587]LogModuleManager: Shutting down and abandoning module SequenceRecorder (514)
[2021.06.15-14.59.50:456][587]LogModuleManager: Shutting down and abandoning module AutomationController (512)
[2021.06.15-14.59.50:456][587]LogModuleManager: Shutting down and abandoning module AutomationWorker (510)
[2021.06.15-14.59.50:456][587]LogModuleManager: Shutting down and abandoning module Voice (508)
[2021.06.15-14.59.50:456][587]LogModuleManager: Shutting down and abandoning module AIModule (506)
[2021.06.15-14.59.50:456][587]LogModuleManager: Shutting down and abandoning module GameplayDebugger (505)
[2021.06.15-14.59.50:456][587]LogModuleManager: Shutting down and abandoning module AITestSuite (503)
[2021.06.15-14.59.50:456][587]LogModuleManager: Shutting down and abandoning module NavigationSystem (501)
[2021.06.15-14.59.50:456][587]LogModuleManager: Shutting down and abandoning module OculusMR (498)
[2021.06.15-14.59.50:456][587]LogModuleManager: Shutting down and abandoning module WmfMediaFactory (496)
[2021.06.15-14.59.50:456][587]LogModuleManager: Shutting down and abandoning module WebMMediaFactory (494)
[2021.06.15-14.59.50:456][587]LogModuleManager: Shutting down and abandoning module WebMMedia (492)
[2021.06.15-14.59.50:456][587]LogModuleManager: Shutting down and abandoning module OpenExrWrapper (490)
[2021.06.15-14.59.50:456][587]LogModuleManager: Shutting down and abandoning module ImgMediaFactory (488)
[2021.06.15-14.59.50:456][587]LogModuleManager: Shutting down and abandoning module AvfMediaFactory (486)
[2021.06.15-14.59.50:456][587]LogModuleManager: Shutting down and abandoning module MagicLeapMediaCodecFactory (484)
[2021.06.15-14.59.50:456][587]LogModuleManager: Shutting down and abandoning module MagicLeapMediaFactory (482)
[2021.06.15-14.59.50:457][587]LogModuleManager: Shutting down and abandoning module PlanarCut (480)
[2021.06.15-14.59.50:457][587]LogModuleManager: Shutting down and abandoning module CharacterAI (478)
[2021.06.15-14.59.50:457][587]LogModuleManager: Shutting down and abandoning module SessionServices (476)
[2021.06.15-14.59.50:457][587]LogModuleManager: Shutting down and abandoning module MovieSceneCapture (474)
[2021.06.15-14.59.50:457][587]LogModuleManager: Shutting down and abandoning module LiveCoding (472)
[2021.06.15-14.59.50:457][587]LogModuleManager: Shutting down and abandoning module LevelSequence (470)
[2021.06.15-14.59.50:457][587]LogModuleManager: Shutting down and abandoning module MovieSceneTracks (468)
[2021.06.15-14.59.50:457][587]LogModuleManager: Shutting down and abandoning module MovieScene (466)
[2021.06.15-14.59.50:457][587]LogModuleManager: Shutting down and abandoning module StreamingPauseRendering (464)
[2021.06.15-14.59.50:457][587]LogModuleManager: Shutting down and abandoning module PortalServices (462)
[2021.06.15-14.59.50:457][587]LogModuleManager: Shutting down and abandoning module PortalRpc (460)
[2021.06.15-14.59.50:457][587]LogModuleManager: Shutting down and abandoning module MessagingRpc (458)
[2021.06.15-14.59.50:457][587]LogModuleManager: Shutting down and abandoning module AudioMixerXAudio2 (456)
[2021.06.15-14.59.50:457][587]LogModuleManager: Shutting down and abandoning module AudioMixerCore (455)
[2021.06.15-14.59.50:457][587]LogModuleManager: Shutting down and abandoning module ProfilerService (452)
[2021.06.15-14.59.50:620][587]LogModuleManager: Shutting down and abandoning module TaskGraph (450)
[2021.06.15-14.59.50:620][587]LogModuleManager: Shutting down and abandoning module VRMBAPlugin (448)
[2021.06.15-14.59.50:620][587]LogModuleManager: Shutting down and abandoning module TestPlugin (446)
[2021.06.15-14.59.50:620][587]LogModuleManager: Shutting down and abandoning module Synthesis (444)
[2021.06.15-14.59.50:620][587]LogModuleManager: Shutting down and abandoning module ProceduralMeshComponent (442)
[2021.06.15-14.59.50:620][587]LogModuleManager: Shutting down and abandoning module OculusInput (440)
[2021.06.15-14.59.50:620][587]LogModuleManager: Shutting down and abandoning module MobilePatchingUtils (438)
[2021.06.15-14.59.50:620][587]LogModuleManager: Shutting down and abandoning module GooglePAD (436)
[2021.06.15-14.59.50:620][587]LogModuleManager: Shutting down and abandoning module EditableMesh (434)
[2021.06.15-14.59.50:620][587]LogModuleManager: Shutting down and abandoning module CustomMeshComponent (432)
[2021.06.15-14.59.50:620][587]LogModuleManager: Shutting down and abandoning module CableComponent (430)
[2021.06.15-14.59.50:620][587]LogModuleManager: Shutting down and abandoning module AudioCapture (428)
[2021.06.15-14.59.50:620][587]LogModuleManager: Shutting down and abandoning module AudioCaptureRtAudio (427)
[2021.06.15-14.59.50:620][587]LogModuleManager: Shutting down and abandoning module AssetTags (424)
[2021.06.15-14.59.50:620][587]LogModuleManager: Shutting down and abandoning module ArchVisCharacter (422)
[2021.06.15-14.59.50:620][587]LogModuleManager: Shutting down and abandoning module AppleImageUtilsBlueprintSupport (420)
[2021.06.15-14.59.50:620][587]LogModuleManager: Shutting down and abandoning module AppleImageUtils (418)
[2021.06.15-14.59.50:620][587]LogModuleManager: Shutting down and abandoning module AndroidPermission (416)
[2021.06.15-14.59.50:620][587]LogModuleManager: Shutting down and abandoning module NUTUnrealEngine4 (412)
[2021.06.15-14.59.50:620][587]LogModuleManager: Shutting down and abandoning module NetcodeUnitTest (410)
[2021.06.15-14.59.50:620][587]LogModuleManager: Shutting down and abandoning module TemplateSequence (408)
[2021.06.15-14.59.50:620][587]LogModuleManager: Shutting down and abandoning module MovieRenderPipelineRenderPasses (406)
[2021.06.15-14.59.50:620][587]LogModuleManager: Shutting down and abandoning module MovieRenderPipelineSettings (404)
[2021.06.15-14.59.50:620][587]LogModuleManager: Shutting down and abandoning module MovieRenderPipelineCore (402)
[2021.06.15-14.59.50:620][587]LogModuleManager: Shutting down and abandoning module ImageWriteQueue (401)
[2021.06.15-14.59.50:620][587]LogModuleManager: Shutting down and abandoning module MediaCompositing (398)
[2021.06.15-14.59.50:620][587]LogModuleManager: Shutting down and abandoning module ImgMedia (396)
[2021.06.15-14.59.50:621][587]LogModuleManager: Shutting down and abandoning module MagicLeapSharedWorld (394)
[2021.06.15-14.59.50:621][587]LogModuleManager: Shutting down and abandoning module MagicLeapLightEstimation (392)
[2021.06.15-14.59.50:621][587]LogModuleManager: Shutting down and abandoning module MagicLeapHelperVulkan (390)
[2021.06.15-14.59.50:621][587]LogModuleManager: Shutting down and abandoning module MagicLeapHelperOpenGL (388)
[2021.06.15-14.59.50:621][587]LogModuleManager: Shutting down and abandoning module MagicLeapAudio (386)
[2021.06.15-14.59.50:621][587]LogModuleManager: Shutting down and abandoning module MeshSolverUtilities (384)
[2021.06.15-14.59.50:621][587]LogModuleManager: Shutting down and abandoning module MeshConversion (382)
[2021.06.15-14.59.50:621][587]LogModuleManager: Shutting down and abandoning module DynamicMesh (380)
[2021.06.15-14.59.50:621][587]LogModuleManager: Shutting down and abandoning module GeometryAlgorithms (378)
[2021.06.15-14.59.50:621][587]LogModuleManager: Shutting down and abandoning module GeometricObjects (376)
[2021.06.15-14.59.50:621][587]LogModuleManager: Shutting down and abandoning module GeometryCollectionTracks (374)
[2021.06.15-14.59.50:621][587]LogModuleManager: Shutting down and abandoning module GeometryCollectionSequencer (373)
[2021.06.15-14.59.50:621][587]LogModuleManager: Shutting down and abandoning module GeometryCacheTracks (370)
[2021.06.15-14.59.50:621][587]LogModuleManager: Shutting down and abandoning module GeometryCacheSequencer (369)
[2021.06.15-14.59.50:621][587]LogModuleManager: Shutting down and abandoning module GeometryCache (366)
[2021.06.15-14.59.50:621][587]LogModuleManager: Shutting down and abandoning module GeometryCacheEd (365)
[2021.06.15-14.59.50:621][587]LogModuleManager: Shutting down and abandoning module ChaosNiagara (362)
[2021.06.15-14.59.50:621][587]LogModuleManager: Shutting down and abandoning module ChaosCloth (360)
[2021.06.15-14.59.50:621][587]LogModuleManager: Shutting down and abandoning module BackChannel (358)
[2021.06.15-14.59.50:621][587]LogModuleManager: Shutting down and abandoning module AutomationUtils (356)
[2021.06.15-14.59.50:621][587]LogModuleManager: Shutting down and abandoning module VisualStudioSourceCodeAccess (354)
[2021.06.15-14.59.50:621][587]LogModuleManager: Shutting down and abandoning module HotReload (353)
[2021.06.15-14.59.50:621][587]LogModuleManager: Shutting down and abandoning module VisualStudioCodeSourceCodeAccess (350)
[2021.06.15-14.59.50:621][587]LogModuleManager: Shutting down and abandoning module UObjectPlugin (348)
[2021.06.15-14.59.50:621][587]LogModuleManager: Shutting down and abandoning module SubversionSourceControl (346)
[2021.06.15-14.59.50:621][587]LogModuleManager: Shutting down and abandoning module RiderSourceCodeAccess (344)
[2021.06.15-14.59.50:621][587]LogModuleManager: Shutting down and abandoning module PerforceSourceControl (342)
[2021.06.15-14.59.50:621][587]LogModuleManager: Shutting down and abandoning module SourceControl (341)
[2021.06.15-14.59.50:621][587]LogModuleManager: Shutting down and abandoning module CLionSourceCodeAccess (338)
[2021.06.15-14.59.50:621][587]LogModuleManager: Shutting down and abandoning module ActorLayerUtilities (336)
[2021.06.15-14.59.50:621][587]LogModuleManager: Shutting down and abandoning module CustomURI (334)
[2021.06.15-14.59.50:621][587]LogModuleManager: Shutting down and abandoning module AdvancedSteamSessions (332)
[2021.06.15-14.59.50:621][587]LogModuleManager: Shutting down and abandoning module AdvancedSessions (330)
[2021.06.15-14.59.50:621][587]LogModuleManager: Shutting down and abandoning module SoundFields (328)
[2021.06.15-14.59.50:621][587]LogModuleManager: Shutting down and abandoning module SignificanceManager (326)
[2021.06.15-14.59.50:621][587]LogModuleManager: Shutting down and abandoning module RuntimePhysXCooking (324)
[2021.06.15-14.59.50:621][587]LogModuleManager: Shutting down and abandoning module PhysXVehiclesEditor (322)
[2021.06.15-14.59.50:621][587]LogModuleManager: Shutting down and abandoning module LocationServicesBPLibrary (318)
[2021.06.15-14.59.50:621][587]LogModuleManager: Shutting down and abandoning module ActorSequence (316)
[2021.06.15-14.59.50:621][587]LogModuleManager: Shutting down and abandoning module UdpMessaging (314)
[2021.06.15-14.59.50:621][587]LogModuleManager: Shutting down and abandoning module TcpMessaging (312)
[2021.06.15-14.59.50:621][587]LogModuleManager: Shutting down and abandoning module MagicLeapARPin (310)
[2021.06.15-14.59.50:621][587]LogModuleManager: Shutting down and abandoning module MagicLeapHandMeshing (308)
[2021.06.15-14.59.50:621][587]LogModuleManager: Shutting down and abandoning module MagicLeapSecureStorage (306)
[2021.06.15-14.59.50:621][587]LogModuleManager: Shutting down and abandoning module MagicLeapPrivileges (304)
[2021.06.15-14.59.50:621][587]LogModuleManager: Shutting down and abandoning module MagicLeapPlanes (302)
[2021.06.15-14.59.50:621][587]LogMagicLeapPlanes: Planes tracker already destroyed.
[2021.06.15-14.59.50:622][587]LogModuleManager: Shutting down and abandoning module MagicLeapImageTracker (300)
[2021.06.15-14.59.50:622][587]LogModuleManager: Shutting down and abandoning module MagicLeapIdentity (298)
[2021.06.15-14.59.50:622][587]LogModuleManager: Shutting down and abandoning module MagicLeapHandTracking (296)
[2021.06.15-14.59.50:622][587]LogModuleManager: Shutting down and abandoning module MagicLeapEyeTracker (294)
[2021.06.15-14.59.50:622][587]LogModuleManager: Shutting down and abandoning module MagicLeapController (292)
[2021.06.15-14.59.50:622][587]LogSlate: Slate User Destroyed.  User Index 0, Is Virtual User: 0
[2021.06.15-14.59.50:622][587]LogModuleManager: Shutting down and abandoning module MagicLeapARPinImpl (290)
[2021.06.15-14.59.50:622][587]LogModuleManager: Shutting down and abandoning module MagicLeapAR (288)
[2021.06.15-14.59.50:622][587]LogModuleManager: Shutting down and abandoning module AugmentedReality (287)
[2021.06.15-14.59.50:622][587]LogModuleManager: Shutting down and abandoning module NiagaraAnimNotifies (284)
[2021.06.15-14.59.50:622][587]LogModuleManager: Shutting down and abandoning module Niagara (282)
[2021.06.15-14.59.50:622][587]LogModuleManager: Shutting down and abandoning module SignalProcessing (281)
[2021.06.15-14.59.50:622][587]LogModuleManager: Shutting down and abandoning module NiagaraEditor (279)
[2021.06.15-14.59.50:622][587]LogModuleManager: Shutting down and abandoning module NiagaraCore (276)
[2021.06.15-14.59.50:622][587]LogModuleManager: Shutting down and abandoning module GameplayTagsEditor (274)
[2021.06.15-14.59.50:622][587]LogModuleManager: Shutting down and abandoning module FacialAnimation (272)
[2021.06.15-14.59.50:622][587]LogModuleManager: Shutting down and abandoning module AssetManagerEditor (270)
[2021.06.15-14.59.50:622][587]LogModuleManager: Shutting down and abandoning module TreeMap (269)
[2021.06.15-14.59.50:622][587]LogModuleManager: Shutting down and abandoning module AnimationSharing (266)
[2021.06.15-14.59.50:622][587]LogModuleManager: Shutting down and abandoning module LightPropagationVolumeRuntime (264)
[2021.06.15-14.59.50:622][587]LogModuleManager: Shutting down and abandoning module Paper2D (262)
[2021.06.15-14.59.50:622][587]LogModuleManager: Shutting down and abandoning module WindowsMoviePlayer (260)
[2021.06.15-14.59.50:622][587]LogModuleManager: Shutting down and abandoning module WebMMoviePlayer (258)
[2021.06.15-14.59.50:622][587]LogModuleManager: Shutting down and abandoning module NetworkReplayStreaming (256)
[2021.06.15-14.59.50:623][587]LogModuleManager: Shutting down and abandoning module PacketHandler (254)
[2021.06.15-14.59.50:623][587]LogModuleManager: Shutting down and abandoning module ClothingSystemEditor (252)
[2021.06.15-14.59.50:623][587]LogModuleManager: Shutting down and abandoning module ClothingSystemRuntimeNv (250)
[2021.06.15-14.59.50:623][587]LogModuleManager: Shutting down and abandoning module MediaAssets (248)
[2021.06.15-14.59.50:623][587]LogModuleManager: Shutting down and abandoning module Overlay (246)
[2021.06.15-14.59.50:623][587]LogModuleManager: Shutting down and abandoning module OverlayEditor (245)
[2021.06.15-14.59.50:623][587]LogModuleManager: Shutting down and abandoning module VREditor (242)
[2021.06.15-14.59.50:623][587]LogModuleManager: Shutting down and abandoning module StringTableEditor (240)
[2021.06.15-14.59.50:623][587]LogModuleManager: Shutting down and abandoning module GameplayTasksEditor (238)
[2021.06.15-14.59.50:623][587]LogModuleManager: Shutting down and abandoning module BehaviorTreeEditor (236)
[2021.06.15-14.59.50:623][587]LogModuleManager: Shutting down and abandoning module FunctionalTesting (234)
[2021.06.15-14.59.50:623][587]LogModuleManager: Shutting down and abandoning module CollisionAnalyzer (232)
[2021.06.15-14.59.50:623][587]LogModuleManager: Shutting down and abandoning module UMG (230)
[2021.06.15-14.59.50:623][587]LogModuleManager: Shutting down and abandoning module UMGEditor (229)
[2021.06.15-14.59.50:623][587]LogModuleManager: Shutting down and abandoning module Sequencer (228)
[2021.06.15-14.59.50:623][587]LogModuleManager: Shutting down and abandoning module MessageLog (225)
[2021.06.15-14.59.50:623][587]LogModuleManager: Shutting down and abandoning module MaterialEditor (223)
[2021.06.15-14.59.50:623][587]LogModuleManager: Shutting down and abandoning module ContentBrowser (222)
[2021.06.15-14.59.50:623][587]LogModuleManager: Shutting down and abandoning module WorkspaceMenuStructure (221)
[2021.06.15-14.59.50:623][587]LogModuleManager: Shutting down and abandoning module CollectionManager (219)
[2021.06.15-14.59.50:623][587]LogModuleManager: Shutting down and abandoning module DirectoryWatcher (218)
[2021.06.15-14.59.50:623][587]LogModuleManager: Shutting down and abandoning module SlateReflector (210)
[2021.06.15-14.59.50:623][587]LogModuleManager: Shutting down and abandoning module Slate (208)
[2021.06.15-14.59.50:623][587]LogModuleManager: Shutting down and abandoning module SlateCore (206)
[2021.06.15-14.59.50:623][587]LogModuleManager: Shutting down and abandoning module LandscapeEditorUtilities (204)
[2021.06.15-14.59.50:623][587]LogModuleManager: Shutting down and abandoning module EditorStyle (202)
[2021.06.15-14.59.50:624][587]LogModuleManager: Shutting down and abandoning module UnrealEd (200)
[2021.06.15-14.59.50:624][587]LogModuleManager: Shutting down and abandoning module MRMesh (198)
[2021.06.15-14.59.50:624][587]LogModuleManager: Shutting down and abandoning module Messaging (196)
[2021.06.15-14.59.50:624][587]LogModuleManager: Shutting down and abandoning module SourceCodeAccess (194)
[2021.06.15-14.59.50:624][587]LogModuleManager: Shutting down and abandoning module HeadMountedDisplay (192)
[2021.06.15-14.59.50:624][587]LogModuleManager: Shutting down and abandoning module XAudio2 (190)
[2021.06.15-14.59.50:624][587]LogModuleManager: Shutting down and abandoning module Networking (188)
[2021.06.15-14.59.50:624][587]LogModuleManager: Shutting down and abandoning module Core (186)
[2021.06.15-14.59.50:624][587]LogModuleManager: Shutting down and abandoning module MovieSceneTools (184)
[2021.06.15-14.59.50:624][587]LogModuleManager: Shutting down and abandoning module KismetCompiler (182)
[2021.06.15-14.59.50:624][587]LogModuleManager: Shutting down and abandoning module MeshBuilder (180)
[2021.06.15-14.59.50:624][587]LogModuleManager: Shutting down and abandoning module MeshUtilities (178)
[2021.06.15-14.59.50:624][587]LogModuleManager: Shutting down and abandoning module MeshMergeUtilities (177)
[2021.06.15-14.59.50:624][587]LogModuleManager: Shutting down and abandoning module MeshReductionInterface (176)
[2021.06.15-14.59.50:624][587]LogModuleManager: Shutting down and abandoning module MeshBoneReduction (175)
[2021.06.15-14.59.50:624][587]LogModuleManager: Shutting down and abandoning module SkeletalMeshReduction (173)
[2021.06.15-14.59.50:624][587]LogModuleManager: Shutting down and abandoning module ProxyLODMeshReduction (171)
[2021.06.15-14.59.50:624][587]LogModuleManager: Shutting down and abandoning module QuadricMeshReduction (169)
[2021.06.15-14.59.50:624][587]LogModuleManager: Shutting down and abandoning module MaterialBaking (165)
[2021.06.15-14.59.50:624][587]LogModuleManager: Shutting down and abandoning module NullInstallBundleManager (160)
[2021.06.15-14.59.50:624][587]LogModuleManager: Shutting down and abandoning module PIEPreviewDeviceProfileSelector (158)
[2021.06.15-14.59.50:624][587]LogModuleManager: Shutting down and abandoning module DerivedDataCache (156)
[2021.06.15-14.59.50:624][587]LogModuleManager: Shutting down and abandoning module XGEController (154)
[2021.06.15-14.59.50:624][587]LogXGEController: Cleaning working directory: C:/Users/joeym/AppData/Local/Temp/UnrealXGEWorkingDir/
[2021.06.15-14.59.50:624][587]LogModuleManager: Shutting down and abandoning module TargetPlatform (152)
[2021.06.15-14.59.50:624][587]LogModuleManager: Shutting down and abandoning module VulkanShaderFormat (151)
[2021.06.15-14.59.50:624][587]LogModuleManager: Shutting down and abandoning module ShaderFormatVectorVM (149)
[2021.06.15-14.59.50:624][587]LogModuleManager: Shutting down and abandoning module ShaderFormatOpenGL (147)
[2021.06.15-14.59.50:624][587]LogModuleManager: Shutting down and abandoning module ShaderFormatD3D (145)
[2021.06.15-14.59.50:624][587]LogModuleManager: Shutting down and abandoning module MetalShaderFormat (143)
[2021.06.15-14.59.50:624][587]LogModuleManager: Shutting down and abandoning module TextureFormatUncompressed (141)
[2021.06.15-14.59.50:624][587]LogModuleManager: Shutting down and abandoning module TextureFormatPVR (139)
[2021.06.15-14.59.50:624][587]LogModuleManager: Shutting down and abandoning module TextureFormatDXT (137)
[2021.06.15-14.59.50:624][587]LogModuleManager: Shutting down and abandoning module TextureFormatIntelISPCTexComp (135)
[2021.06.15-14.59.50:624][587]LogModuleManager: Shutting down and abandoning module TextureFormatASTC (133)
[2021.06.15-14.59.50:624][587]LogModuleManager: Shutting down and abandoning module ImageWrapper (132)
[2021.06.15-14.59.50:624][587]LogModuleManager: Shutting down and abandoning module TextureFormatAndroid (129)
[2021.06.15-14.59.50:624][587]LogModuleManager: Shutting down and abandoning module AudioFormatOpus (127)
[2021.06.15-14.59.50:624][587]LogModuleManager: Shutting down and abandoning module AudioFormatOgg (125)
[2021.06.15-14.59.50:624][587]LogModuleManager: Shutting down and abandoning module AudioFormatADPCM (123)
[2021.06.15-14.59.50:624][587]LogModuleManager: Shutting down and abandoning module WindowsServerTargetPlatform (121)
[2021.06.15-14.59.50:624][587]LogModuleManager: Shutting down and abandoning module WindowsClientTargetPlatform (119)
[2021.06.15-14.59.50:624][587]LogModuleManager: Shutting down and abandoning module WindowsTargetPlatform (117)
[2021.06.15-14.59.50:624][587]LogModuleManager: Shutting down and abandoning module WindowsNoEditorTargetPlatform (115)
[2021.06.15-14.59.50:624][587]LogModuleManager: Shutting down and abandoning module InputCore (112)
[2021.06.15-14.59.50:625][587]LogModuleManager: Shutting down and abandoning module Settings (110)
[2021.06.15-14.59.50:625][587]LogModuleManager: Shutting down and abandoning module PhysXCooking (108)
[2021.06.15-14.59.50:625][587]LogModuleManager: Shutting down and abandoning module ChaosSolvers (106)
[2021.06.15-14.59.50:625][587]LogModuleManager: Shutting down and abandoning module FieldSystemEngine (105)
[2021.06.15-14.59.50:625][587]LogModuleManager: Shutting down and abandoning module Chaos (102)
[2021.06.15-14.59.50:625][587]LogModuleManager: Shutting down and abandoning module WindowsPlatformFeatures (100)
[2021.06.15-14.59.50:625][587]LogModuleManager: Shutting down and abandoning module GameplayMediaEncoder (99)
[2021.06.15-14.59.50:625][587]LogModuleManager: Shutting down and abandoning module AVEncoder (98)
[2021.06.15-14.59.50:625][587]LogModuleManager: Shutting down and abandoning module SteamVRInputDevice (94)
[2021.06.15-14.59.50:625][587]LogModuleManager: Shutting down and abandoning module SteamVRInput (92)
[2021.06.15-14.59.50:625][587]LogModuleManager: Shutting down and abandoning module SteamVR (90)
[2021.06.15-14.59.50:625][587]LogHMD: Freeing OpenVRDLLHandle.
[2021.06.15-14.59.50:625][587]LogModuleManager: Shutting down and abandoning module OculusHMD (88)
[2021.06.15-14.59.50:625][587]LogModuleManager: Shutting down and abandoning module ExampleDeviceProfileSelector (86)
[2021.06.15-14.59.50:625][587]LogModuleManager: Shutting down and abandoning module LauncherChunkInstaller (84)
[2021.06.15-14.59.50:625][587]LogModuleManager: Shutting down and abandoning module OnlineBlueprintSupport (82)
[2021.06.15-14.59.50:625][587]LogModuleManager: Shutting down and abandoning module OnlineSubsystem (78)
[2021.06.15-14.59.50:625][587]LogOnline: Display: STEAM: OnlineSubsystemSteam::Shutdown()
[2021.06.15-14.59.50:625][587]LogOnline: STEAM: AUTH: Revoking all tickets.
[2021.06.15-14.59.50:625][587]LogSteamShared: Unloading the Steam API...
[2021.06.15-14.59.50:628][587]LogOnline: Display: STEAM: OnlineSubsystemSteam::Shutdown()
[2021.06.15-14.59.50:628][587]LogModuleManager: Shutting down and abandoning module SteamShared (74)
[2021.06.15-14.59.50:628][587]LogSteamShared: Freeing the Steam Loaded Modules...
[2021.06.15-14.59.50:628][587]LogModuleManager: Shutting down and abandoning module XMPP (71)
[2021.06.15-14.59.50:628][587]LogModuleManager: Shutting down and abandoning module WebSockets (70)
[2021.06.15-14.59.50:648][587]LogModuleManager: Shutting down and abandoning module HTTP (67)
[2021.06.15-14.59.50:662][587]LogModuleManager: Shutting down and abandoning module SSL (66)
[2021.06.15-14.59.50:663][587]LogModuleManager: Shutting down and abandoning module WmfMedia (62)
[2021.06.15-14.59.50:663][587]LogModuleManager: Shutting down and abandoning module Media (61)
[2021.06.15-14.59.50:664][587]LogModuleManager: Shutting down and abandoning module MagicLeap (58)
[2021.06.15-14.59.50:664][587]LogModuleManager: Shutting down and abandoning module NiagaraVertexFactories (56)
[2021.06.15-14.59.50:664][587]LogModuleManager: Shutting down and abandoning module NiagaraShader (54)
[2021.06.15-14.59.50:664][587]LogModuleManager: Shutting down and abandoning module VariantManagerContent (52)
[2021.06.15-14.59.50:664][587]LogModuleManager: Shutting down and abandoning module DatasmithContent (50)
[2021.06.15-14.59.50:665][587]LogModuleManager: Shutting down and abandoning module AISupportModule (48)
[2021.06.15-14.59.50:665][587]LogModuleManager: Shutting down and abandoning module DesktopPlatform (46)
[2021.06.15-14.59.50:665][587]LogModuleManager: Shutting down and abandoning module PlatformCryptoOpenSSL (44)
[2021.06.15-14.59.50:665][587]LogModuleManager: Shutting down and abandoning module PlatformCryptoTypes (42)
[2021.06.15-14.59.50:665][587]LogModuleManager: Shutting down and abandoning module PlatformCrypto (40)
[2021.06.15-14.59.50:665][587]LogModuleManager: Shutting down and abandoning module AnimationModifiers (38)
[2021.06.15-14.59.50:665][587]LogModuleManager: Shutting down and abandoning module PropertyEditor (37)
[2021.06.15-14.59.50:665][587]LogModuleManager: Shutting down and abandoning module AudioEditor (34)
[2021.06.15-14.59.50:665][587]LogModuleManager: Shutting down and abandoning module TextureCompressor (32)
[2021.06.15-14.59.50:665][587]LogModuleManager: Shutting down and abandoning module RenderCore (30)
[2021.06.15-14.59.50:665][587]LogModuleManager: Shutting down and abandoning module Landscape (28)
[2021.06.15-14.59.50:665][587]LogModuleManager: Shutting down and abandoning module SlateRHIRenderer (26)
[2021.06.15-14.59.50:665][587]LogModuleManager: Shutting down and abandoning module OpenGLDrv (24)
[2021.06.15-14.59.50:666][587]LogModuleManager: Shutting down and abandoning module D3D11RHI (22)
[2021.06.15-14.59.50:666][587]LogModuleManager: Shutting down and abandoning module AnimGraphRuntime (20)
[2021.06.15-14.59.50:666][587]LogModuleManager: Shutting down and abandoning module Renderer (18)
[2021.06.15-14.59.50:666][587]LogModuleManager: Shutting down and abandoning module Engine (16)
[2021.06.15-14.59.50:666][587]LogModuleManager: Shutting down and abandoning module CoreUObject (14)
[2021.06.15-14.59.50:666][587]LogModuleManager: Shutting down and abandoning module NetworkFile (12)
[2021.06.15-14.59.50:666][587]LogModuleManager: Shutting down and abandoning module CookedIterativeFile (10)
[2021.06.15-14.59.50:666][587]LogModuleManager: Shutting down and abandoning module StreamingFile (8)
[2021.06.15-14.59.50:666][587]LogModuleManager: Shutting down and abandoning module SandboxFile (6)
[2021.06.15-14.59.50:666][587]LogModuleManager: Shutting down and abandoning module PakFile (4)
[2021.06.15-14.59.50:666][587]LogModuleManager: Shutting down and abandoning module RSA (3)
[2021.06.15-14.59.50:863][587]LogContentStreaming: Display: There are 1 unreleased StreamingManagers
[2021.06.15-14.59.50:864][587]LogD3D11RHI: Shutdown
[2021.06.15-14.59.50:864][587]LogD3D11RHI: CleanupD3DDevice
[2021.06.15-14.59.50:869][587]LogExit: Exiting.
[2021.06.15-14.59.50:890][587]Log file closed, 06/15/21 16:59:50
