Log file open, 06/16/21 01:21:25
LogInit: Display: Running engine for game: CustomURI
LogPlatformFile: Not using cached read wrapper
LogTaskGraph: Started task graph with 5 named threads and 23 total threads with 3 sets of task threads.
LogStats: Stats thread started at 1.168570
LogD3D11RHI: Loaded GFSDK_Aftermath_Lib.x64.dll
LogICUInternationalization: ICU TimeZone Detection - Raw Offset: +1:00, Platform Override: ''
LogPluginManager: Mounting plugin Paper2D
LogPluginManager: Mounting plugin AISupport
LogPluginManager: Mounting plugin LightPropagationVolume
LogPluginManager: Mounting plugin CameraShakePreviewer
LogPluginManager: Mounting plugin ActorLayerUtilities
LogPluginManager: Mounting plugin AnimationSharing
LogPluginManager: Mounting plugin CLionSourceCodeAccess
LogPluginManager: Mounting plugin CodeLiteSourceCodeAccess
LogPluginManager: Mounting plugin GitSourceControl
LogPluginManager: Mounting plugin KDevelopSourceCodeAccess
LogPluginManager: Mounting plugin NullSourceCodeAccess
LogPluginManager: Mounting plugin PerforceSourceControl
LogPluginManager: Mounting plugin PlasticSourceControl
LogPluginManager: Mounting plugin RiderSourceCodeAccess
LogPluginManager: Mounting plugin SubversionSourceControl
LogPluginManager: Mounting plugin UObjectPlugin
LogPluginManager: Mounting plugin VisualStudioCodeSourceCodeAccess
LogPluginManager: Mounting plugin VisualStudioSourceCodeAccess
LogPluginManager: Mounting plugin XCodeSourceCodeAccess
LogPluginManager: Mounting plugin AssetManagerEditor
LogPluginManager: Mounting plugin CryptoKeys
LogPluginManager: Mounting plugin CurveEditorTools
LogPluginManager: Mounting plugin DataValidation
LogPluginManager: Mounting plugin EditorScriptingUtilities
LogPluginManager: Mounting plugin FacialAnimation
LogPluginManager: Mounting plugin GameplayTagsEditor
LogPluginManager: Mounting plugin GeometryMode
LogPluginManager: Mounting plugin MacGraphicsSwitching
LogPluginManager: Mounting plugin MaterialAnalyzer
LogPluginManager: Mounting plugin MobileLauncherProfileWizard
LogPluginManager: Mounting plugin PluginBrowser
LogPluginManager: Mounting plugin SpeedTreeImporter
LogPluginManager: Mounting plugin DatasmithContent
LogPluginManager: Mounting plugin VariantManagerContent
LogPluginManager: Mounting plugin AlembicImporter
LogPluginManager: Mounting plugin AutomationUtils
LogPluginManager: Mounting plugin BackChannel
LogPluginManager: Mounting plugin ChaosCloth
LogPluginManager: Mounting plugin ChaosClothEditor
LogPluginManager: Mounting plugin ChaosEditor
LogPluginManager: Mounting plugin ChaosNiagara
LogPluginManager: Mounting plugin ChaosSolverPlugin
LogPluginManager: Mounting plugin CharacterAI
LogPluginManager: Mounting plugin GeometryCache
LogPluginManager: Mounting plugin GeometryCollectionPlugin
LogPluginManager: Mounting plugin GeometryProcessing
LogPluginManager: Mounting plugin PlanarCut
LogPluginManager: Mounting plugin PlatformCrypto
LogPluginManager: Mounting plugin ProxyLODPlugin
LogPluginManager: Mounting plugin SkeletalReduction
LogPluginManager: Mounting plugin Niagara
LogPluginManager: Mounting plugin MagicLeap
LogPluginManager: Mounting plugin MagicLeapLightEstimation
LogPluginManager: Mounting plugin MagicLeapMedia
LogPluginManager: Mounting plugin MagicLeapPassableWorld
LogPluginManager: Mounting plugin MLSDK
LogPluginManager: Mounting plugin AndroidMedia
LogPluginManager: Mounting plugin AvfMedia
LogPluginManager: Mounting plugin ImgMedia
LogPluginManager: Mounting plugin MediaCompositing
LogPluginManager: Mounting plugin MediaPlayerEditor
LogPluginManager: Mounting plugin WebMMedia
LogPluginManager: Mounting plugin WmfMedia
LogPluginManager: Mounting plugin MeshPainting
LogPluginManager: Mounting plugin TcpMessaging
LogPluginManager: Mounting plugin UdpMessaging
LogPluginManager: Mounting plugin ActorSequence
LogPluginManager: Mounting plugin LevelSequenceEditor
LogPluginManager: Mounting plugin MatineeToLevelSequence
LogPluginManager: Mounting plugin MovieRenderPipeline
LogPluginManager: Mounting plugin TemplateSequence
LogPluginManager: Mounting plugin NetcodeUnitTest
LogPluginManager: Mounting plugin NUTUnrealEngine4
LogPluginManager: Mounting plugin OnlineSubsystemGooglePlay
LogPluginManager: Mounting plugin OnlineSubsystemIOS
LogPluginManager: Mounting plugin OnlineSubsystem
LogPluginManager: Mounting plugin OnlineSubsystemNull
LogPluginManager: Mounting plugin OnlineSubsystemSteam
LogPluginManager: Mounting plugin OnlineSubsystemUtils
LogPluginManager: Mounting plugin LauncherChunkInstaller
LogPluginManager: Mounting plugin AndroidDeviceProfileSelector
LogPluginManager: Mounting plugin AndroidMoviePlayer
LogPluginManager: Mounting plugin AndroidPermission
LogPluginManager: Mounting plugin AppleImageUtils
LogPluginManager: Mounting plugin AppleMoviePlayer
LogPluginManager: Mounting plugin ArchVisCharacter
LogPluginManager: Mounting plugin AssetTags
LogPluginManager: Mounting plugin AudioCapture
LogPluginManager: Mounting plugin CableComponent
LogPluginManager: Mounting plugin CustomMeshComponent
LogPluginManager: Mounting plugin EditableMesh
LogPluginManager: Mounting plugin ExampleDeviceProfileSelector
LogPluginManager: Mounting plugin GoogleCloudMessaging
LogPluginManager: Mounting plugin GooglePAD
LogPluginManager: Mounting plugin IOSDeviceProfileSelector
LogPluginManager: Mounting plugin LinuxDeviceProfileSelector
LogPluginManager: Mounting plugin LocationServicesBPLibrary
LogPluginManager: Mounting plugin MobilePatchingUtils
LogPluginManager: Mounting plugin OculusVR
LogPluginManager: Mounting plugin PhysXVehicles
LogPluginManager: Mounting plugin PostSplashScreen
LogPluginManager: Mounting plugin ProceduralMeshComponent
LogPluginManager: Mounting plugin RuntimePhysXCooking
LogPluginManager: Mounting plugin SignificanceManager
LogPluginManager: Mounting plugin SoundFields
LogPluginManager: Mounting plugin SteamShared
LogPluginManager: Mounting plugin SteamVR
LogPluginManager: Mounting plugin Synthesis
LogPluginManager: Mounting plugin WebMMoviePlayer
LogPluginManager: Mounting plugin WindowsMoviePlayer
LogPluginManager: Mounting plugin ScreenshotTools
LogPluginManager: Mounting plugin AdvancedSessions
LogPluginManager: Mounting plugin AdvancedSteamSessions
LogPluginManager: Mounting plugin TestPlugin
LogPluginManager: Mounting plugin VRMBAPlugin
LogInit: Using libcurl 7.55.1-DEV
LogInit:  - built for x86_64-pc-win32
LogInit:  - supports SSL with OpenSSL/1.1.1
LogInit:  - supports HTTP deflate (compression) using libz 1.2.8
LogInit:  - other features:
LogInit:      CURL_VERSION_SSL
LogInit:      CURL_VERSION_LIBZ
LogInit:      CURL_VERSION_IPV6
LogInit:      CURL_VERSION_ASYNCHDNS
LogInit:      CURL_VERSION_LARGEFILE
LogInit:      CURL_VERSION_IDN
LogInit:  CurlRequestOptions (configurable via config and command line):
LogInit:  - bVerifyPeer = true  - Libcurl will verify peer certificate
LogInit:  - bUseHttpProxy = false  - Libcurl will NOT use HTTP proxy
LogInit:  - bDontReuseConnections = false  - Libcurl will reuse connections
LogInit:  - MaxHostConnections = 16  - Libcurl will limit the number of connections to a host
LogInit:  - LocalHostAddr = Default
LogInit:  - BufferSize = 65536
LogSteamShared: Display: Loading Steam SDK 1.47
LogSteamShared: Steam SDK Loaded!
LogOnline: OSS: Creating online subsystem instance for: Steam
LogOnline: Display: STEAM: OnlineSubsystemSteam::Shutdown()
LogOnline: OSS: Unable to create OnlineSubsystem module Steam
LogOnline: OSS: Creating online subsystem instance for: NULL
LogInit: WinSock: version 1.1 (2.2), MaxSocks=32767, MaxUdp=65467
LogOnline: OSS: TryLoadSubsystemAndSetDefault: Loaded subsystem for module [NULL]
LogInit: Build: ++UE4+Release-4.25-CL-14469661
LogInit: Engine Version: 4.25.4-14469661+++UE4+Release-4.25
LogInit: Compatible Engine Version: 4.25.0-13144385+++UE4+Release-4.25
LogInit: Net CL: 13144385
LogInit: OS: Windows 10 (Release 2009) (), CPU: Intel(R) Core(TM) i7-7700K CPU @ 4.20GHz, GPU: NVIDIA GeForce GTX 1080
LogInit: Compiled (64-bit): Oct 11 2020 08:10:49
LogInit: Compiled with Visual C++: 19.24.28315.00
LogInit: Build Configuration: Development
LogInit: Branch Name: ++UE4+Release-4.25
LogInit: Command Line:  bonvr://meeting/198.168.0.1
LogInit: Base Directory: D:/Program Files/Epic Games/UE_4.25/Engine/Binaries/Win64/
LogInit: Allocator: TBB
LogInit: Installed Engine Build: 1
LogDevObjectVersion: Number of dev versions registered: 26
LogDevObjectVersion:   Dev-Blueprints (B0D832E4-1F89-4F0D-ACCF-7EB736FD4AA2): 10
LogDevObjectVersion:   Dev-Build (E1C64328-A22C-4D53-A36C-8E866417BD8C): 0
LogDevObjectVersion:   Dev-Core (375EC13C-06E4-48FB-B500-84F0262A717E): 4
LogDevObjectVersion:   Dev-Editor (E4B068ED-F494-42E9-A231-DA0B2E46BB41): 38
LogDevObjectVersion:   Dev-Framework (CFFC743F-43B0-4480-9391-14DF171D2073): 37
LogDevObjectVersion:   Dev-Mobile (B02B49B5-BB20-44E9-A304-32B752E40360): 2
LogDevObjectVersion:   Dev-Networking (A4E4105C-59A1-49B5-A7C5-40C4547EDFEE): 0
LogDevObjectVersion:   Dev-Online (39C831C9-5AE6-47DC-9A44-9C173E1C8E7C): 0
LogDevObjectVersion:   Dev-Physics (78F01B33-EBEA-4F98-B9B4-84EACCB95AA2): 4
LogDevObjectVersion:   Dev-Platform (6631380F-2D4D-43E0-8009-CF276956A95A): 0
LogDevObjectVersion:   Dev-Rendering (12F88B9F-8875-4AFC-A67C-D90C383ABD29): 43
LogDevObjectVersion:   Dev-Sequencer (7B5AE74C-D270-4C10-A958-57980B212A5A): 12
LogDevObjectVersion:   Dev-VR (D7296918-1DD6-4BDD-9DE2-64A83CC13884): 3
LogDevObjectVersion:   Dev-LoadTimes (C2A15278-BFE7-4AFE-6C17-90FF531DF755): 1
LogDevObjectVersion:   Private-Geometry (6EACA3D4-40EC-4CC1-B786-8BED09428FC5): 3
LogDevObjectVersion:   Dev-AnimPhys (29E575DD-E0A3-4627-9D10-D276232CDCEA): 17
LogDevObjectVersion:   Dev-Anim (AF43A65D-7FD3-4947-9873-3E8ED9C1BB05): 7
LogDevObjectVersion:   Dev-ReflectionCapture (6B266CEC-1EC7-4B8F-A30B-E4D90942FC07): 1
LogDevObjectVersion:   Dev-Automation (0DF73D61-A23F-47EA-B727-89E90C41499A): 1
LogDevObjectVersion:   FortniteMain (601D1886-AC64-4F84-AA16-D3DE0DEAC7D6): 31
LogDevObjectVersion:   Dev-Enterprise (9DFFBCD6-494F-0158-E221-12823C92A888): 10
LogDevObjectVersion:   Dev-Niagara (F2AED0AC-9AFE-416F-8664-AA7FFA26D6FC): 1
LogDevObjectVersion:   Dev-Destruction (174F1F0B-B4C6-45A5-B13F-2EE8D0FB917D): 10
LogDevObjectVersion:   Dev-Physics-Ext (35F94A83-E258-406C-A318-09F59610247C): 37
LogDevObjectVersion:   Dev-PhysicsMaterial-Chaos (B68FC16E-8B1B-42E2-B453-215C058844FE): 1
LogDevObjectVersion:   Dev-CineCamera (B2E18506-4273-CFC2-A54E-F4BB758BBA07): 1
LogInit: Presizing for max 25165824 objects, including 0 objects not considered by GC, pre-allocating 0 bytes for permanent pool.
LogConfig: Applying CVar settings from Section [/Script/Engine.StreamingSettings] File [D:/GitKitchenVR/CustomURI/CustomURI/Saved/Config/Windows/Engine.ini]
LogConfig: Setting CVar [[s.MinBulkDataSizeForAsyncLoading:131072]]
LogConfig: Setting CVar [[s.AsyncLoadingThreadEnabled:0]]
LogConfig: Setting CVar [[s.EventDrivenLoaderEnabled:1]]
LogConfig: Setting CVar [[s.WarnIfTimeLimitExceeded:0]]
LogConfig: Setting CVar [[s.TimeLimitExceededMultiplier:1.5]]
LogConfig: Setting CVar [[s.TimeLimitExceededMinTime:0.005]]
LogConfig: Setting CVar [[s.UseBackgroundLevelStreaming:1]]
LogConfig: Setting CVar [[s.PriorityAsyncLoadingExtraTime:15.0]]
LogConfig: Setting CVar [[s.LevelStreamingActorsUpdateTimeLimit:5.0]]
LogConfig: Setting CVar [[s.PriorityLevelStreamingActorsUpdateExtraTime:5.0]]
LogConfig: Setting CVar [[s.LevelStreamingComponentsRegistrationGranularity:10]]
LogConfig: Setting CVar [[s.UnregisterComponentsTimeLimit:1.0]]
LogConfig: Setting CVar [[s.LevelStreamingComponentsUnregistrationGranularity:5]]
LogConfig: Setting CVar [[s.FlushStreamingOnExit:1]]
LogInit: Object subsystem initialized
LogConfig: Setting CVar [[con.DebugEarlyDefault:1]]
LogConfig: Setting CVar [[r.setres:1280x720]]
[2021.06.15-23.21.27:526][  0]LogConfig: Setting CVar [[r.VSync:0]]
[2021.06.15-23.21.27:526][  0]LogConfig: Setting CVar [[r.RHICmdBypass:0]]
[2021.06.15-23.21.27:526][  0]LogConfig: Applying CVar settings from Section [/Script/Engine.RendererSettings] File [D:/GitKitchenVR/CustomURI/CustomURI/Saved/Config/Windows/Engine.ini]
[2021.06.15-23.21.27:526][  0]LogConfig: Setting CVar [[r.GPUCrashDebugging:0]]
[2021.06.15-23.21.27:526][  0]LogConfig: Applying CVar settings from Section [/Script/Engine.RendererOverrideSettings] File [D:/GitKitchenVR/CustomURI/CustomURI/Saved/Config/Windows/Engine.ini]
[2021.06.15-23.21.27:526][  0]LogConfig: Applying CVar settings from Section [/Script/Engine.StreamingSettings] File [D:/GitKitchenVR/CustomURI/CustomURI/Saved/Config/Windows/Engine.ini]
[2021.06.15-23.21.27:526][  0]LogConfig: Setting CVar [[s.MinBulkDataSizeForAsyncLoading:131072]]
[2021.06.15-23.21.27:526][  0]LogConfig: Setting CVar [[s.AsyncLoadingThreadEnabled:0]]
[2021.06.15-23.21.27:526][  0]LogConfig: Setting CVar [[s.EventDrivenLoaderEnabled:1]]
[2021.06.15-23.21.27:526][  0]LogConfig: Setting CVar [[s.WarnIfTimeLimitExceeded:0]]
[2021.06.15-23.21.27:526][  0]LogConfig: Setting CVar [[s.TimeLimitExceededMultiplier:1.5]]
[2021.06.15-23.21.27:526][  0]LogConfig: Setting CVar [[s.TimeLimitExceededMinTime:0.005]]
[2021.06.15-23.21.27:526][  0]LogConfig: Setting CVar [[s.UseBackgroundLevelStreaming:1]]
[2021.06.15-23.21.27:526][  0]LogConfig: Setting CVar [[s.PriorityAsyncLoadingExtraTime:15.0]]
[2021.06.15-23.21.27:526][  0]LogConfig: Setting CVar [[s.LevelStreamingActorsUpdateTimeLimit:5.0]]
[2021.06.15-23.21.27:526][  0]LogConfig: Setting CVar [[s.PriorityLevelStreamingActorsUpdateExtraTime:5.0]]
[2021.06.15-23.21.27:526][  0]LogConfig: Setting CVar [[s.LevelStreamingComponentsRegistrationGranularity:10]]
[2021.06.15-23.21.27:526][  0]LogConfig: Setting CVar [[s.UnregisterComponentsTimeLimit:1.0]]
[2021.06.15-23.21.27:526][  0]LogConfig: Setting CVar [[s.LevelStreamingComponentsUnregistrationGranularity:5]]
[2021.06.15-23.21.27:526][  0]LogConfig: Setting CVar [[s.FlushStreamingOnExit:1]]
[2021.06.15-23.21.27:526][  0]LogConfig: Applying CVar settings from Section [/Script/Engine.GarbageCollectionSettings] File [D:/GitKitchenVR/CustomURI/CustomURI/Saved/Config/Windows/Engine.ini]
[2021.06.15-23.21.27:526][  0]LogConfig: Setting CVar [[gc.MaxObjectsNotConsideredByGC:1]]
[2021.06.15-23.21.27:526][  0]LogConfig: Setting CVar [[gc.SizeOfPermanentObjectPool:0]]
[2021.06.15-23.21.27:526][  0]LogConfig: Setting CVar [[gc.FlushStreamingOnGC:0]]
[2021.06.15-23.21.27:526][  0]LogConfig: Setting CVar [[gc.NumRetriesBeforeForcingGC:10]]
[2021.06.15-23.21.27:526][  0]LogConfig: Setting CVar [[gc.AllowParallelGC:1]]
[2021.06.15-23.21.27:526][  0]LogConfig: Setting CVar [[gc.TimeBetweenPurgingPendingKillObjects:61.1]]
[2021.06.15-23.21.27:526][  0]LogConfig: Setting CVar [[gc.MaxObjectsInEditor:25165824]]
[2021.06.15-23.21.27:526][  0]LogConfig: Setting CVar [[gc.IncrementalBeginDestroyEnabled:1]]
[2021.06.15-23.21.27:526][  0]LogConfig: Setting CVar [[gc.CreateGCClusters:1]]
[2021.06.15-23.21.27:526][  0]LogConfig: Setting CVar [[gc.MinGCClusterSize:5]]
[2021.06.15-23.21.27:526][  0]LogConfig: Setting CVar [[gc.ActorClusteringEnabled:0]]
[2021.06.15-23.21.27:526][  0]LogConfig: Setting CVar [[gc.BlueprintClusteringEnabled:0]]
[2021.06.15-23.21.27:526][  0]LogConfig: Setting CVar [[gc.UseDisregardForGCOnDedicatedServers:0]]
[2021.06.15-23.21.27:526][  0]LogConfig: Applying CVar settings from Section [/Script/Engine.NetworkSettings] File [D:/GitKitchenVR/CustomURI/CustomURI/Saved/Config/Windows/Engine.ini]
[2021.06.15-23.21.27:526][  0]LogConfig: Applying CVar settings from Section [/Script/UnrealEd.CookerSettings] File [D:/GitKitchenVR/CustomURI/CustomURI/Saved/Config/Windows/Engine.ini]
[2021.06.15-23.21.27:529][  0]LogConfig: Applying CVar settings from Section [ViewDistanceQuality@3] File [D:/GitKitchenVR/CustomURI/CustomURI/Saved/Config/Windows/Scalability.ini]
[2021.06.15-23.21.27:529][  0]LogConfig: Setting CVar [[r.SkeletalMeshLODBias:0]]
[2021.06.15-23.21.27:529][  0]LogConfig: Setting CVar [[r.ViewDistanceScale:1.0]]
[2021.06.15-23.21.27:529][  0]LogConfig: Applying CVar settings from Section [AntiAliasingQuality@3] File [D:/GitKitchenVR/CustomURI/CustomURI/Saved/Config/Windows/Scalability.ini]
[2021.06.15-23.21.27:529][  0]LogConfig: Setting CVar [[r.PostProcessAAQuality:4]]
[2021.06.15-23.21.27:529][  0]LogConfig: Applying CVar settings from Section [ShadowQuality@3] File [D:/GitKitchenVR/CustomURI/CustomURI/Saved/Config/Windows/Scalability.ini]
[2021.06.15-23.21.27:529][  0]LogConfig: Setting CVar [[r.LightFunctionQuality:1]]
[2021.06.15-23.21.27:529][  0]LogConfig: Setting CVar [[r.ShadowQuality:5]]
[2021.06.15-23.21.27:529][  0]LogConfig: Setting CVar [[r.Shadow.CSM.MaxCascades:10]]
[2021.06.15-23.21.27:529][  0]LogConfig: Setting CVar [[r.Shadow.MaxResolution:2048]]
[2021.06.15-23.21.27:529][  0]LogConfig: Setting CVar [[r.Shadow.MaxCSMResolution:2048]]
[2021.06.15-23.21.27:529][  0]LogConfig: Setting CVar [[r.Shadow.RadiusThreshold:0.01]]
[2021.06.15-23.21.27:529][  0]LogConfig: Setting CVar [[r.Shadow.DistanceScale:1.0]]
[2021.06.15-23.21.27:529][  0]LogConfig: Setting CVar [[r.Shadow.CSM.TransitionScale:1.0]]
[2021.06.15-23.21.27:529][  0]LogConfig: Setting CVar [[r.Shadow.PreShadowResolutionFactor:1.0]]
[2021.06.15-23.21.27:529][  0]LogConfig: Setting CVar [[r.DistanceFieldShadowing:1]]
[2021.06.15-23.21.27:529][  0]LogConfig: Setting CVar [[r.DistanceFieldAO:1]]
[2021.06.15-23.21.27:529][  0]LogConfig: Setting CVar [[r.AOQuality:2]]
[2021.06.15-23.21.27:529][  0]LogConfig: Setting CVar [[r.VolumetricFog:1]]
[2021.06.15-23.21.27:529][  0]LogConfig: Setting CVar [[r.VolumetricFog.GridPixelSize:8]]
[2021.06.15-23.21.27:529][  0]LogConfig: Setting CVar [[r.VolumetricFog.GridSizeZ:128]]
[2021.06.15-23.21.27:529][  0]LogConfig: Setting CVar [[r.VolumetricFog.HistoryMissSupersampleCount:4]]
[2021.06.15-23.21.27:529][  0]LogConfig: Setting CVar [[r.LightMaxDrawDistanceScale:1]]
[2021.06.15-23.21.27:529][  0]LogConfig: Setting CVar [[r.CapsuleShadows:1]]
[2021.06.15-23.21.27:529][  0]LogConfig: Applying CVar settings from Section [PostProcessQuality@3] File [D:/GitKitchenVR/CustomURI/CustomURI/Saved/Config/Windows/Scalability.ini]
[2021.06.15-23.21.27:529][  0]LogConfig: Setting CVar [[r.MotionBlurQuality:4]]
[2021.06.15-23.21.27:529][  0]LogConfig: Setting CVar [[r.AmbientOcclusionMipLevelFactor:0.4]]
[2021.06.15-23.21.27:529][  0]LogConfig: Setting CVar [[r.AmbientOcclusionMaxQuality:100]]
[2021.06.15-23.21.27:529][  0]LogConfig: Setting CVar [[r.AmbientOcclusionLevels:-1]]
[2021.06.15-23.21.27:529][  0]LogConfig: Setting CVar [[r.AmbientOcclusionRadiusScale:1.0]]
[2021.06.15-23.21.27:529][  0]LogConfig: Setting CVar [[r.DepthOfFieldQuality:2]]
[2021.06.15-23.21.27:529][  0]LogConfig: Setting CVar [[r.RenderTargetPoolMin:400]]
[2021.06.15-23.21.27:529][  0]LogConfig: Setting CVar [[r.LensFlareQuality:2]]
[2021.06.15-23.21.27:529][  0]LogConfig: Setting CVar [[r.SceneColorFringeQuality:1]]
[2021.06.15-23.21.27:529][  0]LogConfig: Setting CVar [[r.EyeAdaptationQuality:2]]
[2021.06.15-23.21.27:529][  0]LogConfig: Setting CVar [[r.BloomQuality:5]]
[2021.06.15-23.21.27:529][  0]LogConfig: Setting CVar [[r.FastBlurThreshold:100]]
[2021.06.15-23.21.27:529][  0]LogConfig: Setting CVar [[r.Upscale.Quality:3]]
[2021.06.15-23.21.27:529][  0]LogConfig: Setting CVar [[r.Tonemapper.GrainQuantization:1]]
[2021.06.15-23.21.27:529][  0]LogConfig: Setting CVar [[r.LightShaftQuality:1]]
[2021.06.15-23.21.27:529][  0]LogConfig: Setting CVar [[r.Filter.SizeScale:1]]
[2021.06.15-23.21.27:529][  0]LogConfig: Setting CVar [[r.Tonemapper.Quality:5]]
[2021.06.15-23.21.27:529][  0]LogConfig: Setting CVar [[r.DOF.Gather.AccumulatorQuality:1        ; higher gathering accumulator quality]]
[2021.06.15-23.21.27:529][  0]LogConfig: Setting CVar [[r.DOF.Gather.PostfilterMethod:1          ; Median3x3 postfilering method]]
[2021.06.15-23.21.27:529][  0]LogConfig: Setting CVar [[r.DOF.Gather.EnableBokehSettings:0       ; no bokeh simulation when gathering]]
[2021.06.15-23.21.27:529][  0]LogConfig: Setting CVar [[r.DOF.Gather.RingCount:4                 ; medium number of samples when gathering]]
[2021.06.15-23.21.27:529][  0]LogConfig: Setting CVar [[r.DOF.Scatter.ForegroundCompositing:1    ; additive foreground scattering]]
[2021.06.15-23.21.27:529][  0]LogConfig: Setting CVar [[r.DOF.Scatter.BackgroundCompositing:2    ; additive background scattering]]
[2021.06.15-23.21.27:529][  0]LogConfig: Setting CVar [[r.DOF.Scatter.EnableBokehSettings:1      ; bokeh simulation when scattering]]
[2021.06.15-23.21.27:529][  0]LogConfig: Setting CVar [[r.DOF.Scatter.MaxSpriteRatio:0.1         ; only a maximum of 10% of scattered bokeh]]
[2021.06.15-23.21.27:529][  0]LogConfig: Setting CVar [[r.DOF.Recombine.Quality:1                ; cheap slight out of focus]]
[2021.06.15-23.21.27:529][  0]LogConfig: Setting CVar [[r.DOF.Recombine.EnableBokehSettings:0    ; no bokeh simulation on slight out of focus]]
[2021.06.15-23.21.27:529][  0]LogConfig: Setting CVar [[r.DOF.TemporalAAQuality:1                ; more stable temporal accumulation]]
[2021.06.15-23.21.27:529][  0]LogConfig: Setting CVar [[r.DOF.Kernel.MaxForegroundRadius:0.025]]
[2021.06.15-23.21.27:529][  0]LogConfig: Setting CVar [[r.DOF.Kernel.MaxBackgroundRadius:0.025]]
[2021.06.15-23.21.27:529][  0]LogConfig: Applying CVar settings from Section [TextureQuality@3] File [D:/GitKitchenVR/CustomURI/CustomURI/Saved/Config/Windows/Scalability.ini]
[2021.06.15-23.21.27:529][  0]LogConfig: Setting CVar [[r.Streaming.MipBias:0]]
[2021.06.15-23.21.27:529][  0]LogConfig: Setting CVar [[r.Streaming.AmortizeCPUToGPUCopy:0]]
[2021.06.15-23.21.27:529][  0]LogConfig: Setting CVar [[r.Streaming.MaxNumTexturesToStreamPerFrame:0]]
[2021.06.15-23.21.27:529][  0]LogConfig: Setting CVar [[r.Streaming.Boost:1]]
[2021.06.15-23.21.27:529][  0]LogConfig: Setting CVar [[r.MaxAnisotropy:8]]
[2021.06.15-23.21.27:529][  0]LogConfig: Setting CVar [[r.VT.MaxAnisotropy:8]]
[2021.06.15-23.21.27:529][  0]LogConfig: Setting CVar [[r.Streaming.LimitPoolSizeToVRAM:0]]
[2021.06.15-23.21.27:529][  0]LogConfig: Setting CVar [[r.Streaming.PoolSize:1000]]
[2021.06.15-23.21.27:529][  0]LogConfig: Setting CVar [[r.Streaming.MaxEffectiveScreenSize:0]]
[2021.06.15-23.21.27:529][  0]LogConfig: Applying CVar settings from Section [EffectsQuality@3] File [D:/GitKitchenVR/CustomURI/CustomURI/Saved/Config/Windows/Scalability.ini]
[2021.06.15-23.21.27:529][  0]LogConfig: Setting CVar [[r.TranslucencyLightingVolumeDim:64]]
[2021.06.15-23.21.27:529][  0]LogConfig: Setting CVar [[r.RefractionQuality:2]]
[2021.06.15-23.21.27:529][  0]LogConfig: Setting CVar [[r.SSR.Quality:3]]
[2021.06.15-23.21.27:529][  0]LogConfig: Setting CVar [[r.SSR.HalfResSceneColor:0]]
[2021.06.15-23.21.27:529][  0]LogConfig: Setting CVar [[r.SceneColorFormat:4]]
[2021.06.15-23.21.27:529][  0]LogConfig: Setting CVar [[r.DetailMode:2]]
[2021.06.15-23.21.27:529][  0]LogConfig: Setting CVar [[r.TranslucencyVolumeBlur:1]]
[2021.06.15-23.21.27:529][  0]LogConfig: Setting CVar [[r.MaterialQualityLevel:1 ; High quality]]
[2021.06.15-23.21.27:529][  0]LogConfig: Setting CVar [[r.SSS.Scale:1]]
[2021.06.15-23.21.27:529][  0]LogConfig: Setting CVar [[r.SSS.SampleSet:2]]
[2021.06.15-23.21.27:529][  0]LogConfig: Setting CVar [[r.SSS.Quality:1]]
[2021.06.15-23.21.27:529][  0]LogConfig: Setting CVar [[r.SSS.HalfRes:0]]
[2021.06.15-23.21.27:529][  0]LogConfig: Setting CVar [[r.SSGI.Quality:3]]
[2021.06.15-23.21.27:530][  0]LogConfig: Setting CVar [[r.EmitterSpawnRateScale:1.0]]
[2021.06.15-23.21.27:530][  0]LogConfig: Setting CVar [[r.ParticleLightQuality:2]]
[2021.06.15-23.21.27:530][  0]LogConfig: Setting CVar [[r.SkyAtmosphere.AerialPerspectiveLUT.FastApplyOnOpaque:1 ; Always have FastSkyLUT 1 in this case to avoid wrong sky]]
[2021.06.15-23.21.27:530][  0]LogConfig: Setting CVar [[r.SkyAtmosphere.AerialPerspectiveLUT.SampleCountPerSlice:1]]
[2021.06.15-23.21.27:530][  0]LogConfig: Setting CVar [[r.SkyAtmosphere.AerialPerspectiveLUT.DepthResolution:16.0]]
[2021.06.15-23.21.27:530][  0]LogConfig: Setting CVar [[r.SkyAtmosphere.FastSkyLUT:1]]
[2021.06.15-23.21.27:530][  0]LogConfig: Setting CVar [[r.SkyAtmosphere.FastSkyLUT.SampleCountMin:4.0]]
[2021.06.15-23.21.27:530][  0]LogConfig: Setting CVar [[r.SkyAtmosphere.FastSkyLUT.SampleCountMax:32.0]]
[2021.06.15-23.21.27:530][  0]LogConfig: Setting CVar [[r.SkyAtmosphere.SampleCountMin:4.0]]
[2021.06.15-23.21.27:530][  0]LogConfig: Setting CVar [[r.SkyAtmosphere.SampleCountMax:32.0]]
[2021.06.15-23.21.27:530][  0]LogConfig: Setting CVar [[r.SkyAtmosphere.TransmittanceLUT.UseSmallFormat:0]]
[2021.06.15-23.21.27:530][  0]LogConfig: Setting CVar [[r.SkyAtmosphere.TransmittanceLUT.SampleCount:10.0]]
[2021.06.15-23.21.27:530][  0]LogConfig: Setting CVar [[r.SkyAtmosphere.MultiScatteringLUT.SampleCount:15.0]]
[2021.06.15-23.21.27:530][  0]LogConfig: Applying CVar settings from Section [FoliageQuality@3] File [D:/GitKitchenVR/CustomURI/CustomURI/Saved/Config/Windows/Scalability.ini]
[2021.06.15-23.21.27:530][  0]LogConfig: Setting CVar [[foliage.DensityScale:1.0]]
[2021.06.15-23.21.27:530][  0]LogConfig: Setting CVar [[grass.DensityScale:1.0]]
[2021.06.15-23.21.27:530][  0]LogConfig: Applying CVar settings from Section [ShadingQuality@3] File [D:/GitKitchenVR/CustomURI/CustomURI/Saved/Config/Windows/Scalability.ini]
[2021.06.15-23.21.27:530][  0]LogConfig: Setting CVar [[r.HairStrands.SkyLighting.SampleCount:16]]
[2021.06.15-23.21.27:530][  0]LogConfig: Setting CVar [[r.HairStrands.SkyLighting.JitterIntegration:0]]
[2021.06.15-23.21.27:530][  0]LogConfig: Setting CVar [[r.HairStrands.SkyAO.SampleCount:16]]
[2021.06.15-23.21.27:530][  0]LogConfig: Setting CVar [[r.HairStrands.DeepShadow.SuperSampling:0]]
[2021.06.15-23.21.27:530][  0]LogConfig: Setting CVar [[r.HairStrands.VisibilityPPLL:0]]
[2021.06.15-23.21.27:530][  0]LogConfig: Setting CVar [[r.HairStrands.RasterizationScale:0.5]]
[2021.06.15-23.21.27:530][  0]LogConfig: Setting CVar [[r.HairStrands.VelocityRasterizationScale:1]]
[2021.06.15-23.21.27:530][  0]LogInit: Selected Device Profile: [Windows]
[2021.06.15-23.21.27:530][  0]LogInit: Applying CVar settings loaded from the selected device profile: [Windows]
[2021.06.15-23.21.27:530][  0]LogHAL: Display: Platform has ~ 16 GB [17106059264 / 17179869184 / 16], which maps to Larger [LargestMinGB=32, LargerMinGB=12, DefaultMinGB=8, SmallerMinGB=6, SmallestMinGB=0)
[2021.06.15-23.21.27:530][  0]LogInit: Going up to parent DeviceProfile []
[2021.06.15-23.21.27:530][  0]LogConfig: Applying CVar settings from Section [ViewDistanceQuality@Cine] File [D:/GitKitchenVR/CustomURI/CustomURI/Saved/Config/Windows/Scalability.ini]
[2021.06.15-23.21.27:530][  0]LogConfig: Setting CVar [[r.SkeletalMeshLODBias:0]]
[2021.06.15-23.21.27:530][  0]LogConfig: Setting CVar [[r.ViewDistanceScale:10.0]]
[2021.06.15-23.21.27:530][  0]LogConfig: Applying CVar settings from Section [AntiAliasingQuality@Cine] File [D:/GitKitchenVR/CustomURI/CustomURI/Saved/Config/Windows/Scalability.ini]
[2021.06.15-23.21.27:530][  0]LogConfig: Setting CVar [[r.PostProcessAAQuality:6]]
[2021.06.15-23.21.27:530][  0]LogConfig: Applying CVar settings from Section [ShadowQuality@Cine] File [D:/GitKitchenVR/CustomURI/CustomURI/Saved/Config/Windows/Scalability.ini]
[2021.06.15-23.21.27:530][  0]LogConfig: Setting CVar [[r.LightFunctionQuality:1]]
[2021.06.15-23.21.27:530][  0]LogConfig: Setting CVar [[r.ShadowQuality:5]]
[2021.06.15-23.21.27:530][  0]LogConfig: Setting CVar [[r.Shadow.CSM.MaxCascades:10]]
[2021.06.15-23.21.27:530][  0]LogConfig: Setting CVar [[r.Shadow.MaxResolution:4096]]
[2021.06.15-23.21.27:530][  0]LogConfig: Setting CVar [[r.Shadow.MaxCSMResolution:4096]]
[2021.06.15-23.21.27:530][  0]LogConfig: Setting CVar [[r.Shadow.RadiusThreshold:0]]
[2021.06.15-23.21.27:530][  0]LogConfig: Setting CVar [[r.Shadow.DistanceScale:1.0]]
[2021.06.15-23.21.27:530][  0]LogConfig: Setting CVar [[r.Shadow.CSM.TransitionScale:1.0]]
[2021.06.15-23.21.27:530][  0]LogConfig: Setting CVar [[r.Shadow.PreShadowResolutionFactor:1.0]]
[2021.06.15-23.21.27:530][  0]LogConfig: Setting CVar [[r.DistanceFieldShadowing:1]]
[2021.06.15-23.21.27:530][  0]LogConfig: Setting CVar [[r.DistanceFieldAO:1]]
[2021.06.15-23.21.27:530][  0]LogConfig: Setting CVar [[r.AOQuality:2]]
[2021.06.15-23.21.27:530][  0]LogConfig: Setting CVar [[r.VolumetricFog:1]]
[2021.06.15-23.21.27:530][  0]LogConfig: Setting CVar [[r.VolumetricFog.GridPixelSize:4]]
[2021.06.15-23.21.27:530][  0]LogConfig: Setting CVar [[r.VolumetricFog.GridSizeZ:128]]
[2021.06.15-23.21.27:530][  0]LogConfig: Setting CVar [[r.VolumetricFog.HistoryMissSupersampleCount:16]]
[2021.06.15-23.21.27:530][  0]LogConfig: Setting CVar [[r.LightMaxDrawDistanceScale:1]]
[2021.06.15-23.21.27:530][  0]LogConfig: Setting CVar [[r.CapsuleShadows:1]]
[2021.06.15-23.21.27:530][  0]LogConfig: Applying CVar settings from Section [PostProcessQuality@Cine] File [D:/GitKitchenVR/CustomURI/CustomURI/Saved/Config/Windows/Scalability.ini]
[2021.06.15-23.21.27:530][  0]LogConfig: Setting CVar [[r.MotionBlurQuality:4]]
[2021.06.15-23.21.27:530][  0]LogConfig: Setting CVar [[r.AmbientOcclusionMipLevelFactor:0.4]]
[2021.06.15-23.21.27:530][  0]LogConfig: Setting CVar [[r.AmbientOcclusionMaxQuality:100]]
[2021.06.15-23.21.27:530][  0]LogConfig: Setting CVar [[r.AmbientOcclusionLevels:-1]]
[2021.06.15-23.21.27:530][  0]LogConfig: Setting CVar [[r.AmbientOcclusionRadiusScale:1.0]]
[2021.06.15-23.21.27:530][  0]LogConfig: Setting CVar [[r.DepthOfFieldQuality:4]]
[2021.06.15-23.21.27:530][  0]LogConfig: Setting CVar [[r.RenderTargetPoolMin:1000]]
[2021.06.15-23.21.27:530][  0]LogConfig: Setting CVar [[r.LensFlareQuality:3]]
[2021.06.15-23.21.27:530][  0]LogConfig: Setting CVar [[r.SceneColorFringeQuality:1]]
[2021.06.15-23.21.27:530][  0]LogConfig: Setting CVar [[r.EyeAdaptationQuality:2]]
[2021.06.15-23.21.27:530][  0]LogConfig: Setting CVar [[r.BloomQuality:5]]
[2021.06.15-23.21.27:530][  0]LogConfig: Setting CVar [[r.FastBlurThreshold:100]]
[2021.06.15-23.21.27:530][  0]LogConfig: Setting CVar [[r.Upscale.Quality:3]]
[2021.06.15-23.21.27:530][  0]LogConfig: Setting CVar [[r.Tonemapper.GrainQuantization:1]]
[2021.06.15-23.21.27:530][  0]LogConfig: Setting CVar [[r.LightShaftQuality:1]]
[2021.06.15-23.21.27:530][  0]LogConfig: Setting CVar [[r.Filter.SizeScale:1]]
[2021.06.15-23.21.27:530][  0]LogConfig: Setting CVar [[r.Tonemapper.Quality:5]]
[2021.06.15-23.21.27:530][  0]LogConfig: Setting CVar [[r.DOF.Gather.AccumulatorQuality:1        ; higher gathering accumulator quality]]
[2021.06.15-23.21.27:530][  0]LogConfig: Setting CVar [[r.DOF.Gather.PostfilterMethod:1          ; Median3x3 postfilering method]]
[2021.06.15-23.21.27:530][  0]LogConfig: Setting CVar [[r.DOF.Gather.EnableBokehSettings:1       ; bokeh simulation when gathering]]
[2021.06.15-23.21.27:530][  0]LogConfig: Setting CVar [[r.DOF.Gather.RingCount:5                 ; high number of samples when gathering]]
[2021.06.15-23.21.27:530][  0]LogConfig: Setting CVar [[r.DOF.Scatter.ForegroundCompositing:1    ; additive foreground scattering]]
[2021.06.15-23.21.27:530][  0]LogConfig: Setting CVar [[r.DOF.Scatter.BackgroundCompositing:2    ; background scattering occlusion]]
[2021.06.15-23.21.27:530][  0]LogConfig: Setting CVar [[r.DOF.Scatter.EnableBokehSettings:1      ; no bokeh simulation when scattering]]
[2021.06.15-23.21.27:530][  0]LogConfig: Setting CVar [[r.DOF.Scatter.MaxSpriteRatio:0.25        ; only a maximum of 10% of scattered bokeh]]
[2021.06.15-23.21.27:530][  0]LogConfig: Setting CVar [[r.DOF.Recombine.Quality:2                ; highest slight out of focus]]
[2021.06.15-23.21.27:530][  0]LogConfig: Setting CVar [[r.DOF.Recombine.EnableBokehSettings:1    ; bokeh simulation on slight out of focus]]
[2021.06.15-23.21.27:530][  0]LogConfig: Setting CVar [[r.DOF.TemporalAAQuality:1                ; more stable temporal accumulation]]
[2021.06.15-23.21.27:530][  0]LogConfig: Setting CVar [[r.DOF.Kernel.MaxForegroundRadius:0.025]]
[2021.06.15-23.21.27:530][  0]LogConfig: Setting CVar [[r.DOF.Kernel.MaxBackgroundRadius:0.025]]
[2021.06.15-23.21.27:530][  0]LogConfig: Applying CVar settings from Section [TextureQuality@Cine] File [D:/GitKitchenVR/CustomURI/CustomURI/Saved/Config/Windows/Scalability.ini]
[2021.06.15-23.21.27:531][  0]LogConfig: Setting CVar [[r.Streaming.MipBias:0]]
[2021.06.15-23.21.27:531][  0]LogConfig: Setting CVar [[r.Streaming.AmortizeCPUToGPUCopy:0]]
[2021.06.15-23.21.27:531][  0]LogConfig: Setting CVar [[r.Streaming.MaxNumTexturesToStreamPerFrame:0]]
[2021.06.15-23.21.27:531][  0]LogConfig: Setting CVar [[r.Streaming.Boost:1]]
[2021.06.15-23.21.27:531][  0]LogConfig: Setting CVar [[r.MaxAnisotropy:8]]
[2021.06.15-23.21.27:531][  0]LogConfig: Setting CVar [[r.VT.MaxAnisotropy:8]]
[2021.06.15-23.21.27:531][  0]LogConfig: Setting CVar [[r.Streaming.LimitPoolSizeToVRAM:0]]
[2021.06.15-23.21.27:531][  0]LogConfig: Setting CVar [[r.Streaming.PoolSize:3000]]
[2021.06.15-23.21.27:531][  0]LogConfig: Setting CVar [[r.Streaming.MaxEffectiveScreenSize:0]]
[2021.06.15-23.21.27:531][  0]LogConfig: Applying CVar settings from Section [EffectsQuality@Cine] File [D:/GitKitchenVR/CustomURI/CustomURI/Saved/Config/Windows/Scalability.ini]
[2021.06.15-23.21.27:531][  0]LogConfig: Setting CVar [[r.TranslucencyLightingVolumeDim:64]]
[2021.06.15-23.21.27:531][  0]LogConfig: Setting CVar [[r.RefractionQuality:2]]
[2021.06.15-23.21.27:531][  0]LogConfig: Setting CVar [[r.SSR.Quality:4]]
[2021.06.15-23.21.27:531][  0]LogConfig: Setting CVar [[r.SSR.HalfResSceneColor:0]]
[2021.06.15-23.21.27:531][  0]LogConfig: Setting CVar [[r.SceneColorFormat:4]]
[2021.06.15-23.21.27:531][  0]LogConfig: Setting CVar [[r.DetailMode:2]]
[2021.06.15-23.21.27:531][  0]LogConfig: Setting CVar [[r.TranslucencyVolumeBlur:1]]
[2021.06.15-23.21.27:531][  0]LogConfig: Setting CVar [[r.MaterialQualityLevel:1 ; High quality]]
[2021.06.15-23.21.27:531][  0]LogConfig: Setting CVar [[r.SSS.Scale:1]]
[2021.06.15-23.21.27:531][  0]LogConfig: Setting CVar [[r.SSS.SampleSet:2]]
[2021.06.15-23.21.27:531][  0]LogConfig: Setting CVar [[r.SSS.Quality:1]]
[2021.06.15-23.21.27:531][  0]LogConfig: Setting CVar [[r.SSS.HalfRes:0]]
[2021.06.15-23.21.27:531][  0]LogConfig: Setting CVar [[r.SSGI.Quality:4]]
[2021.06.15-23.21.27:531][  0]LogConfig: Setting CVar [[r.EmitterSpawnRateScale:1.0]]
[2021.06.15-23.21.27:531][  0]LogConfig: Setting CVar [[r.ParticleLightQuality:2]]
[2021.06.15-23.21.27:531][  0]LogConfig: Setting CVar [[r.SkyAtmosphere.AerialPerspectiveLUT.FastApplyOnOpaque:0]]
[2021.06.15-23.21.27:531][  0]LogConfig: Setting CVar [[r.SkyAtmosphere.AerialPerspectiveLUT.SampleCountPerSlice:2]]
[2021.06.15-23.21.27:531][  0]LogConfig: Setting CVar [[r.SkyAtmosphere.AerialPerspectiveLUT.DepthResolution:32.0]]
[2021.06.15-23.21.27:531][  0]LogConfig: Setting CVar [[r.SkyAtmosphere.FastSkyLUT:0]]
[2021.06.15-23.21.27:531][  0]LogConfig: Setting CVar [[r.SkyAtmosphere.FastSkyLUT.SampleCountMin:4.0]]
[2021.06.15-23.21.27:531][  0]LogConfig: Setting CVar [[r.SkyAtmosphere.FastSkyLUT.SampleCountMax:32.0]]
[2021.06.15-23.21.27:531][  0]LogConfig: Setting CVar [[r.SkyAtmosphere.SampleCountMin:8.0]]
[2021.06.15-23.21.27:531][  0]LogConfig: Setting CVar [[r.SkyAtmosphere.SampleCountMax:32.0]]
[2021.06.15-23.21.27:531][  0]LogConfig: Setting CVar [[r.SkyAtmosphere.TransmittanceLUT.UseSmallFormat:0]]
[2021.06.15-23.21.27:531][  0]LogConfig: Setting CVar [[r.SkyAtmosphere.TransmittanceLUT.SampleCount:30.0]]
[2021.06.15-23.21.27:531][  0]LogConfig: Setting CVar [[r.SkyAtmosphere.MultiScatteringLUT.SampleCount:20.0]]
[2021.06.15-23.21.27:531][  0]LogConfig: Applying CVar settings from Section [FoliageQuality@Cine] File [D:/GitKitchenVR/CustomURI/CustomURI/Saved/Config/Windows/Scalability.ini]
[2021.06.15-23.21.27:531][  0]LogConfig: Setting CVar [[foliage.DensityScale:1.0]]
[2021.06.15-23.21.27:531][  0]LogConfig: Setting CVar [[grass.DensityScale:1.0]]
[2021.06.15-23.21.27:531][  0]LogConfig: Applying CVar settings from Section [ShadingQuality@Cine] File [D:/GitKitchenVR/CustomURI/CustomURI/Saved/Config/Windows/Scalability.ini]
[2021.06.15-23.21.27:531][  0]LogConfig: Setting CVar [[r.HairStrands.SkyLighting.SampleCount:64]]
[2021.06.15-23.21.27:531][  0]LogConfig: Setting CVar [[r.HairStrands.SkyLighting.JitterIntegration:1]]
[2021.06.15-23.21.27:531][  0]LogConfig: Setting CVar [[r.HairStrands.SkyAO.SampleCount:32]]
[2021.06.15-23.21.27:531][  0]LogConfig: Setting CVar [[r.HairStrands.DeepShadow.SuperSampling:1]]
[2021.06.15-23.21.27:531][  0]LogConfig: Setting CVar [[r.HairStrands.RasterizationScale:1]]
[2021.06.15-23.21.27:531][  0]LogConfig: Setting CVar [[r.HairStrands.VelocityRasterizationScale:1]]
[2021.06.15-23.21.27:531][  0]LogConfig: Setting CVar [[r.HairStrands.VisibilityPPLL:1]]
[2021.06.15-23.21.27:531][  0]LogConfig: Applying CVar settings from Section [Startup] File [../../../Engine/Config/ConsoleVariables.ini]
[2021.06.15-23.21.27:541][  0]LogConfig: Setting CVar [[net.UseAdaptiveNetUpdateFrequency:0]]
[2021.06.15-23.21.27:541][  0]LogConfig: Setting CVar [[p.chaos.AllowCreatePhysxBodies:1]]
[2021.06.15-23.21.27:541][  0]LogConfig: Setting CVar [[fx.SkipVectorVMBackendOptimizations:1]]
[2021.06.15-23.21.27:541][  0]LogConfig: Applying CVar settings from Section [ConsoleVariables] File [D:/GitKitchenVR/CustomURI/CustomURI/Saved/Config/Windows/Engine.ini]
[2021.06.15-23.21.27:541][  0]LogInit: Computer: JOEYCOMPUTER
[2021.06.15-23.21.27:541][  0]LogInit: User: joeym
[2021.06.15-23.21.27:541][  0]LogInit: CPU Page size=4096, Cores=4
[2021.06.15-23.21.27:541][  0]LogInit: High frequency timer resolution =10.000000 MHz
[2021.06.15-23.21.27:541][  0]LogMemory: Memory total: Physical=15.9GB (16GB approx)
[2021.06.15-23.21.27:541][  0]LogMemory: Platform Memory Stats for Windows
[2021.06.15-23.21.27:541][  0]LogMemory: Process Physical Memory: 116.48 MB used, 116.49 MB peak
[2021.06.15-23.21.27:541][  0]LogMemory: Process Virtual Memory: 97.04 MB used, 97.04 MB peak
[2021.06.15-23.21.27:541][  0]LogMemory: Physical Memory: 6846.41 MB used,  9467.20 MB free, 16313.61 MB total
[2021.06.15-23.21.27:541][  0]LogMemory: Virtual Memory: 5147.25 MB used,  134212584.00 MB free, 134217728.00 MB total
[2021.06.15-23.21.27:547][  0]LogWindows: WindowsPlatformFeatures enabled
[2021.06.15-23.21.28:362][  0]LogInit: Physics initialised using underlying interface: PhysX
[2021.06.15-23.21.28:363][  0]LogInit: Using OS detected language (nl-NL).
[2021.06.15-23.21.28:363][  0]LogInit: Using OS detected locale (nl-NL).
[2021.06.15-23.21.28:366][  0]LogTextLocalizationManager: No localization for 'nl-NL' exists, so 'en' will be used for the language.
[2021.06.15-23.21.29:162][  0]LogInit: Setting process to per monitor DPI aware
[2021.06.15-23.21.29:330][  0]LogSlate: New Slate User Created.  User Index 0, Is Virtual User: 0
[2021.06.15-23.21.29:330][  0]LogSlate: Slate User Registered.  User Index 0, Is Virtual User: 0
[2021.06.15-23.21.33:702][  0]LogHMD: Failed to initialize OpenVR with code 100
[2021.06.15-23.21.33:702][  0]LogD3D11RHI: D3D11 min allowed feature level: 11_0
[2021.06.15-23.21.33:702][  0]LogD3D11RHI: D3D11 max allowed feature level: 11_0
[2021.06.15-23.21.33:702][  0]LogD3D11RHI: D3D11 adapters:
[2021.06.15-23.21.33:798][  0]LogD3D11RHI:    0. 'NVIDIA GeForce GTX 1080' (Feature Level 11_0)
[2021.06.15-23.21.33:798][  0]LogD3D11RHI:       8079/0/8156 MB DedicatedVideo/DedicatedSystem/SharedSystem, Outputs:1, VendorId:0x10de
[2021.06.15-23.21.33:800][  0]LogD3D11RHI:    1. 'Microsoft Basic Render Driver' (Feature Level 11_0)
[2021.06.15-23.21.33:800][  0]LogD3D11RHI:       0/0/8156 MB DedicatedVideo/DedicatedSystem/SharedSystem, Outputs:0, VendorId:0x1414
[2021.06.15-23.21.33:800][  0]LogD3D11RHI: Chosen D3D11 Adapter: 0
[2021.06.15-23.21.33:806][  0]LogD3D11RHI: Creating new Direct3DDevice
[2021.06.15-23.21.33:806][  0]LogD3D11RHI:     GPU DeviceId: 0x1b80 (for the marketing name, search the web for "GPU Device Id")
[2021.06.15-23.21.33:806][  0]LogWindows: EnumDisplayDevices:
[2021.06.15-23.21.33:806][  0]LogWindows:    0. 'NVIDIA GeForce GTX 1080' (P:1 D:1)
[2021.06.15-23.21.33:806][  0]LogWindows:    1. 'NVIDIA GeForce GTX 1080' (P:0 D:0)
[2021.06.15-23.21.33:807][  0]LogWindows:    2. 'NVIDIA GeForce GTX 1080' (P:0 D:0)
[2021.06.15-23.21.33:807][  0]LogWindows:    3. 'NVIDIA GeForce GTX 1080' (P:0 D:0)
[2021.06.15-23.21.33:807][  0]LogWindows: DebugString: FoundDriverCount:4 
[2021.06.15-23.21.33:807][  0]LogD3D11RHI:     Adapter Name: NVIDIA GeForce GTX 1080
[2021.06.15-23.21.33:807][  0]LogD3D11RHI:   Driver Version: 466.47 (internal:27.21.14.6647, unified:466.47)
[2021.06.15-23.21.33:807][  0]LogD3D11RHI:      Driver Date: 5-13-2021
[2021.06.15-23.21.33:807][  0]LogRHI: Texture pool is 5655 MB (70% of 8079 MB)
[2021.06.15-23.21.33:883][  0]LogD3D11RHI: RHI has support for 64 bit atomics
[2021.06.15-23.21.33:884][  0]LogD3D11RHI: Async texture creation enabled
[2021.06.15-23.21.33:884][  0]LogD3D11RHI: Array index from any shader is supported
[2021.06.15-23.21.33:927][  0]LogD3D11RHI: GPU Timing Frequency: 1000.000000 (Debug: 2 1)
[2021.06.15-23.21.34:568][  0]LogTargetPlatformManager: Display: Loaded TargetPlatform 'AllDesktop'
[2021.06.15-23.21.34:614][  0]LogTargetPlatformManager: Display: Loaded TargetPlatform 'Android'
[2021.06.15-23.21.34:614][  0]LogTargetPlatformManager: Display: Loaded TargetPlatform 'Android_ASTC'
[2021.06.15-23.21.34:614][  0]LogTargetPlatformManager: Display: Loaded TargetPlatform 'Android_DXT'
[2021.06.15-23.21.34:614][  0]LogTargetPlatformManager: Display: Loaded TargetPlatform 'Android_ETC2'
[2021.06.15-23.21.34:614][  0]LogTargetPlatformManager: Display: Loaded TargetPlatform 'AndroidClient'
[2021.06.15-23.21.34:614][  0]LogTargetPlatformManager: Display: Loaded TargetPlatform 'Android_ASTCClient'
[2021.06.15-23.21.34:614][  0]LogTargetPlatformManager: Display: Loaded TargetPlatform 'Android_DXTClient'
[2021.06.15-23.21.34:614][  0]LogTargetPlatformManager: Display: Loaded TargetPlatform 'Android_ETC2Client'
[2021.06.15-23.21.34:614][  0]LogTargetPlatformManager: Display: Loaded TargetPlatform 'Android_Multi'
[2021.06.15-23.21.34:614][  0]LogTargetPlatformManager: Display: Loaded TargetPlatform 'Android_MultiClient'
[2021.06.15-23.21.34:742][  0]LogTargetPlatformManager: Display: Loaded TargetPlatform 'IOSClient'
[2021.06.15-23.21.34:742][  0]LogTargetPlatformManager: Display: Loaded TargetPlatform 'IOS'
[2021.06.15-23.21.34:773][  0]LogTargetPlatformManager: Display: Loaded TargetPlatform 'Linux'
[2021.06.15-23.21.34:809][  0]LogTargetPlatformManager: Display: Loaded TargetPlatform 'LinuxNoEditor'
[2021.06.15-23.21.34:839][  0]LogTargetPlatformManager: Display: Loaded TargetPlatform 'LinuxClient'
[2021.06.15-23.21.34:872][  0]LogTargetPlatformManager: Display: Loaded TargetPlatform 'LinuxServer'
[2021.06.15-23.21.34:908][  0]LogTargetPlatformManager: Display: Loaded TargetPlatform 'LinuxAArch64NoEditor'
[2021.06.15-23.21.34:945][  0]LogTargetPlatformManager: Display: Loaded TargetPlatform 'LinuxAArch64Client'
[2021.06.15-23.21.35:124][  0]LogTargetPlatformManager: Display: Loaded TargetPlatform 'LinuxAArch64Server'
[2021.06.15-23.21.35:174][  0]LogTargetPlatformManager: Display: Loaded TargetPlatform 'Lumin'
[2021.06.15-23.21.35:174][  0]LogTargetPlatformManager: Display: Loaded TargetPlatform 'LuminClient'
[2021.06.15-23.21.35:215][  0]LogTargetPlatformManager: Display: Loaded TargetPlatform 'TVOSClient'
[2021.06.15-23.21.35:215][  0]LogTargetPlatformManager: Display: Loaded TargetPlatform 'TVOS'
[2021.06.15-23.21.35:243][  0]LogTargetPlatformManager: Display: Loaded TargetPlatform 'WindowsNoEditor'
[2021.06.15-23.21.35:283][  0]LogTargetPlatformManager: Display: Loaded TargetPlatform 'Windows'
[2021.06.15-23.21.35:314][  0]LogTargetPlatformManager: Display: Loaded TargetPlatform 'WindowsClient'
[2021.06.15-23.21.35:362][  0]LogTargetPlatformManager: Display: Loaded TargetPlatform 'WindowsServer'
[2021.06.15-23.21.35:362][  0]LogTargetPlatformManager: Display: Building Assets For Windows
[2021.06.15-23.21.35:487][  0]LogAudioDebug: Display: Lib vorbis DLL was dynamically loaded.
[2021.06.15-23.21.36:152][  0]LogShaderCompilers: Guid format shader working directory is -4 characters bigger than the processId version (../../../../../../GitKitchenVR/CustomURI/CustomURI/Intermediate/Shaders/WorkingDirectory/2380/).
[2021.06.15-23.21.36:152][  0]LogShaderCompilers: Cleaned the shader compiler working directory 'C:/Users/joeym/AppData/Local/Temp/UnrealShaderWorkingDir/A00EB267400ECEE677527C9673E93F6D/'.
[2021.06.15-23.21.36:153][  0]LogXGEController: Cleaning working directory: C:/Users/joeym/AppData/Local/Temp/UnrealXGEWorkingDir/
[2021.06.15-23.21.36:153][  0]LogXGEController: Cannot use XGE Controller as Incredibuild is not installed on this machine.
[2021.06.15-23.21.36:153][  0]LogShaderCompilers: Cannot use XGE Shader Compiler as Incredibuild is not installed on this machine.
[2021.06.15-23.21.36:153][  0]LogShaderCompilers: Display: Using Local Shader Compiler.
[2021.06.15-23.21.39:921][  0]LogDerivedDataCache: Display: Max Cache Size: 512 MB
[2021.06.15-23.21.40:019][  0]LogDerivedDataCache: Loaded boot cache 0.10s 76MB C:/Users/joeym/AppData/Local/UnrealEngine/4.25/DerivedDataCache/Boot.ddc.
[2021.06.15-23.21.40:019][  0]LogDerivedDataCache: Display: Loaded Boot cache: C:/Users/joeym/AppData/Local/UnrealEngine/4.25/DerivedDataCache/Boot.ddc
[2021.06.15-23.21.40:019][  0]LogDerivedDataCache: FDerivedDataBackendGraph:  Pak pak cache file ../../../../../../GitKitchenVR/CustomURI/CustomURI/DerivedDataCache/DDC.ddp not found, will not use a pak cache.
[2021.06.15-23.21.40:019][  0]LogDerivedDataCache: Unable to find inner node Pak for hierarchical cache Hierarchy.
[2021.06.15-23.21.40:020][  0]LogDerivedDataCache: FDerivedDataBackendGraph:  CompressedPak pak cache file ../../../../../../GitKitchenVR/CustomURI/CustomURI/DerivedDataCache/Compressed.ddp not found, will not use a pak cache.
[2021.06.15-23.21.40:020][  0]LogDerivedDataCache: Unable to find inner node CompressedPak for hierarchical cache Hierarchy.
[2021.06.15-23.21.40:074][  0]LogDerivedDataCache: Display: Pak cache opened for reading ../../../Engine/DerivedDataCache/Compressed.ddp.
[2021.06.15-23.21.40:074][  0]LogDerivedDataCache: FDerivedDataBackendGraph:  EnterprisePak pak cache file ../../../Enterprise/DerivedDataCache/Compressed.ddp not found, will not use a pak cache.
[2021.06.15-23.21.40:074][  0]LogDerivedDataCache: Unable to find inner node EnterprisePak for hierarchical cache Hierarchy.
[2021.06.15-23.21.40:075][  0]LogDerivedDataCache: Using Local data cache path C:/Users/joeym/AppData/Local/UnrealEngine/Common/DerivedDataCache: Writable
[2021.06.15-23.21.40:075][  0]LogDerivedDataCache: Shared data cache path not found in *engine.ini, will not use an Shared cache.
[2021.06.15-23.21.40:075][  0]LogDerivedDataCache: Unable to find inner node Shared for hierarchical cache Hierarchy.
[2021.06.15-23.21.40:116][  0]LogSlate: Using FreeType 2.10.0
[2021.06.15-23.21.40:140][  0]LogSlate: SlateFontServices - WITH_FREETYPE: 1, WITH_HARFBUZZ: 1
[2021.06.15-23.21.40:923][  0]LogAssetRegistry: FAssetRegistry took 0.0025 seconds to start up
[2021.06.15-23.21.41:572][  0]LogInit: Selected Device Profile: [Windows]
[2021.06.15-23.21.42:622][  0]LogMeshReduction: Using QuadricMeshReduction for automatic static mesh reduction
[2021.06.15-23.21.42:622][  0]LogMeshReduction: Using SimplygonMeshReduction for automatic skeletal mesh reduction
[2021.06.15-23.21.42:622][  0]LogMeshReduction: Using ProxyLODMeshReduction for automatic mesh merging
[2021.06.15-23.21.42:622][  0]LogMeshReduction: No distributed automatic mesh merging module available
[2021.06.15-23.21.42:623][  0]LogMeshMerging: No distributed automatic mesh merging module available
[2021.06.15-23.21.43:137][  0]LogNetVersion: CustomURI 1.0.0, NetCL: 13144385, EngineNetVer: 14, GameNetVer: 0 (Checksum: 3612037433)
[2021.06.15-23.21.51:366][  0]LogAISub: UAISubsystem::UAISubsystem AISubsystem (000001BDD72EAAC0), frame # 0
[2021.06.15-23.21.51:366][  0]LogAISub: UAISubsystem::UAISubsystem AIPerceptionSystem (000001BDD728D1C0), frame # 0
[2021.06.15-23.21.51:408][  0]LogAISub: UAISubsystem::UAISubsystem EnvQueryManager (000001BDD72D9C00), frame # 0
[2021.06.15-23.21.51:620][  0]LogPackageLocalizationCache: Processed 21 localized package path(s) for 1 prioritized culture(s) in 0.106344 seconds
[2021.06.15-23.21.51:624][  0]LogUObjectArray: 15925 objects as part of root set at end of initial load.
[2021.06.15-23.21.51:624][  0]LogUObjectAllocator: 3977056 out of 0 bytes used by permanent object pool.
[2021.06.15-23.21.51:624][  0]LogUObjectArray: CloseDisregardForGC: 0/0 objects in disregard for GC pool
[2021.06.15-23.21.55:438][  0]LogTcpMessaging: Initializing TcpMessaging bridge
[2021.06.15-23.21.55:471][  0]LogUdpMessaging: Initializing bridge on interface 0.0.0.0:0 to multicast group 230.0.0.1:6666.
[2021.06.15-23.21.56:293][  0]SourceControl: Source control is disabled
[2021.06.15-23.21.56:293][  0]SourceControl: Source control is disabled
[2021.06.15-23.21.56:359][  0]SourceControl: Source control is disabled
[2021.06.15-23.21.56:398][  0]SourceControl: Source control is disabled
[2021.06.15-23.21.56:449][  0]SourceControl: Source control is disabled
[2021.06.15-23.21.58:948][  0]LogAndroidPermission: UAndroidPermissionCallbackProxy::GetInstance
[2021.06.15-23.21.59:169][  0]LogAudioCaptureCore: Display: No Audio Capture implementations found. Audio input will be silent.
[2021.06.15-23.21.59:169][  0]LogAudioCaptureCore: Display: No Audio Capture implementations found. Audio input will be silent.
[2021.06.15-23.21.59:556][  0]LogOcInput: OculusInput pre-init called
[2021.06.15-23.21.59:630][  0]LogWindows: Failed to load 'OVRPlugin.dll' (GetLastError=126)
[2021.06.15-23.21.59:630][  0]LogWindows: File 'OVRPlugin.dll' does not exist
[2021.06.15-23.22.00:545][  0]LogEngine: Initializing Engine...
[2021.06.15-23.22.00:547][  0]LogHMD: Failed to initialize OpenVR with code 100
[2021.06.15-23.22.00:547][  0]LogMagicLeap: Warning: VR disabled because ZI is not enabled.  To enable, in the editor, Edit -> Project Settings -> Plugins -> Magic Leap Plugin -> Enable Zero Iteration
[2021.06.15-23.22.00:557][  0]LogStats: UGameplayTagsManager::InitializeManager -  0.009 s
[2021.06.15-23.22.01:140][  0]LogInit: Initializing FReadOnlyCVARCache
[2021.06.15-23.22.01:358][  0]LogAIModule: Creating AISystem for world Untitled
[2021.06.15-23.22.01:358][  0]LogAISub: UAISubsystem::UAISubsystem EnvQueryManager (000001BDD9D01C00), frame # 0
[2021.06.15-23.22.01:358][  0]LogAISub: UAISubsystem::UAISubsystem AIPerceptionSystem (000001BDD9D40A40), frame # 0
[2021.06.15-23.22.01:414][  0]LogAudioMixer: Display: Audio Mixer Platform Settings:
[2021.06.15-23.22.01:414][  0]LogAudioMixer: Display: 	Sample Rate:						  48000
[2021.06.15-23.22.01:414][  0]LogAudioMixer: Display: 	Callback Buffer Frame Size Requested: 1024
[2021.06.15-23.22.01:414][  0]LogAudioMixer: Display: 	Callback Buffer Frame Size To Use:	  1024
[2021.06.15-23.22.01:414][  0]LogAudioMixer: Display: 	Number of buffers to queue:			  2
[2021.06.15-23.22.01:414][  0]LogAudioMixer: Display: 	Max Channels (voices):				  32
[2021.06.15-23.22.01:414][  0]LogAudioMixer: Display: 	Number of Async Source Workers:		  0
[2021.06.15-23.22.01:414][  0]LogAudio: Display: AudioDevice MaxSources: 32
[2021.06.15-23.22.01:415][  0]LogAudio: Display: Using built-in audio occlusion.
[2021.06.15-23.22.01:415][  0]LogAudioMixer: Display: Initializing audio mixer.
[2021.06.15-23.22.01:548][  0]LogAudioMixer: Display: 0: FrontLeft
[2021.06.15-23.22.01:548][  0]LogAudioMixer: Display: 1: FrontRight
[2021.06.15-23.22.01:601][  0]LogAudioMixer: Display: Using Audio Device Hoofdtelefoon (4- Arctis 7 Game)
[2021.06.15-23.22.01:601][  0]LogAudioMixer: Display: Initializing Sound Submixes...
[2021.06.15-23.22.01:634][  0]LogAudioMixer: Display: Creating Master Submix 'MasterSubmixDefault'
[2021.06.15-23.22.01:634][  0]LogAudioMixer: Display: Creating Master Submix 'MasterReverbSubmixDefault'
[2021.06.15-23.22.01:635][  0]LogAudioMixer: Display: Creating Master Submix 'MasterEQSubmixDefault'
[2021.06.15-23.22.01:636][  0]LogInit: FAudioDevice initialized.
[2021.06.15-23.22.01:636][  0]LogNetVersion: Set ProjectVersion to 1.0.0.0. Version Checksum will be recalculated on next use.
[2021.06.15-23.22.01:673][  0]LogDerivedDataCache: Saved boot cache 0.04s 76MB C:/Users/joeym/AppData/Local/UnrealEngine/4.25/DerivedDataCache/Boot.ddc.
[2021.06.15-23.22.01:673][  0]LogInit: Texture streaming: Enabled
[2021.06.15-23.22.01:825][  0]LogEngineSessionManager: EngineSessionManager initialized
[2021.06.15-23.22.01:825][  0]LogEditorSessionSummary: Verbose: Initializing EditorSessionSummaryWriter for editor session tracking
[2021.06.15-23.22.01:826][  0]LogEditorSessionSummary: EditorSessionSummaryWriter initialized
[2021.06.15-23.22.02:064][  0]LogInit: Transaction tracking system initialized
[2021.06.15-23.22.02:338][  0]BlueprintLog: New page: Editor Load
[2021.06.15-23.22.03:328][  0]LocalizationService: Localization service is disabled
[2021.06.15-23.22.05:549][  0]LogCook: Display: Max memory allowance for cook 16384mb min free memory 0mb
[2021.06.15-23.22.05:549][  0]LogCook: Display: Mobile HDR setting 1
[2021.06.15-23.22.06:533][  0]LogFileCache: Scanning file cache for directory 'D:/GitKitchenVR/CustomURI/CustomURI/Content/' took 0.00s
[2021.06.15-23.22.07:841][  0]SourceControl: Source control is disabled
[2021.06.15-23.22.07:841][  0]LogUnrealEdMisc: Loading editor; pre map load, took 68.916
[2021.06.15-23.22.07:841][  0]LogPackageName: Error: Illegal call to DoesPackageExist: 'bonvr://meeting/198.168.0.1' is not a standard unreal filename or a long path name. Reason: Path should start with a '/'
[2021.06.15-23.22.07:841][  0]LogOutputDevice: Warning: 

Script Stack (0 frames):

[2021.06.15-23.22.10:339][  0]LogStats: FPlatformStackWalk::StackWalkAndDump -  2.497 s
[2021.06.15-23.22.10:339][  0]LogOutputDevice: Error: === Handled ensure: ===
[2021.06.15-23.22.10:339][  0]LogOutputDevice: Error: 
[2021.06.15-23.22.10:339][  0]LogOutputDevice: Error: Ensure condition failed: false [File:D:/Build/++UE4/Sync/Engine/Source/Runtime/CoreUObject/Private/Misc/PackageName.cpp] [Line: 943]
[2021.06.15-23.22.10:339][  0]LogOutputDevice: Error: Illegal call to DoesPackageExist: 'bonvr://meeting/198.168.0.1' is not a standard unreal filename or a long path name. Reason: Path should start with a '/'
[2021.06.15-23.22.10:339][  0]LogOutputDevice: Error: Stack: 
[2021.06.15-23.22.10:339][  0]LogOutputDevice: Error: [Callstack] 0x00007ffabc0ac837 UE4Editor-CoreUObject.dll!UnknownFunction []
[2021.06.15-23.22.10:339][  0]LogOutputDevice: Error: [Callstack] 0x00007ffabbc80374 UE4Editor-CoreUObject.dll!UnknownFunction []
[2021.06.15-23.22.10:339][  0]LogOutputDevice: Error: [Callstack] 0x00007ffabbccd181 UE4Editor-CoreUObject.dll!UnknownFunction []
[2021.06.15-23.22.10:339][  0]LogOutputDevice: Error: [Callstack] 0x00007ffab57948b4 UE4Editor-UnrealEd.dll!UnknownFunction []
[2021.06.15-23.22.10:339][  0]LogOutputDevice: Error: [Callstack] 0x00007ffab5756113 UE4Editor-UnrealEd.dll!UnknownFunction []
[2021.06.15-23.22.10:339][  0]LogOutputDevice: Error: [Callstack] 0x00007ff7ed22b8fb UE4Editor.exe!UnknownFunction []
[2021.06.15-23.22.10:339][  0]LogOutputDevice: Error: [Callstack] 0x00007ff7ed22bb5a UE4Editor.exe!UnknownFunction []
[2021.06.15-23.22.10:339][  0]LogOutputDevice: Error: [Callstack] 0x00007ff7ed23e31d UE4Editor.exe!UnknownFunction []
[2021.06.15-23.22.10:339][  0]LogOutputDevice: Error: [Callstack] 0x00007ff7ed24145a UE4Editor.exe!UnknownFunction []
[2021.06.15-23.22.10:339][  0]LogOutputDevice: Error: [Callstack] 0x00007ffb2a5a7034 KERNEL32.DLL!UnknownFunction []
[2021.06.15-23.22.10:339][  0]LogOutputDevice: Error: [Callstack] 0x00007ffb2b942651 ntdll.dll!UnknownFunction []
[2021.06.15-23.22.10:339][  0]LogOutputDevice: Error: 
[2021.06.15-23.22.10:589][  0]LogStats:                SubmitErrorReport -  0.000 s
[2021.06.15-23.22.12:131][  0]LogStats:                    SendNewReport -  1.542 s
[2021.06.15-23.22.12:131][  0]LogStats:             FDebug::EnsureFailed -  4.289 s
[2021.06.15-23.22.12:131][  0]LogPackageName: SearchForPackageOnDisk took   4.289s, but failed to resolve bonvr://meeting/198.168.0.1.
[2021.06.15-23.22.12:131][  0]Cmd: MAP LOAD FILE="../../../../../../GitKitchenVR/CustomURI/CustomURI/Content/HomeScreen.umap" TEMPLATE=0 SHOWPROGRESS=1 FEATURELEVEL=3
[2021.06.15-23.22.12:230][  0]LightingResults: New page: Lighting Build
[2021.06.15-23.22.12:231][  0]LogWorld: UWorld::CleanupWorld for Untitled, bSessionEnded=true, bCleanupResources=true
[2021.06.15-23.22.12:243][  0]LogSlate: InvalidateAllWidgets triggered.  All widgets were invalidated
[2021.06.15-23.22.12:243][  0]MapCheck: New page: Map Check
[2021.06.15-23.22.12:243][  0]LightingResults: New page: Lighting Build
[2021.06.15-23.22.12:340][  0]LogAISub: UAISubsystem::~UAISubsystem EnvQueryManager (000001BDD9D01C00), frame # 0
[2021.06.15-23.22.12:340][  0]LogAISub: UAISubsystem::~UAISubsystem AIPerceptionSystem (000001BDD9D40A40), frame # 0
[2021.06.15-23.22.12:340][  0]LogUObjectHash: Compacting FUObjectHashTables data took   0.60ms
[2021.06.15-23.22.13:079][  0]LogAIModule: Creating AISystem for world HomeScreen
[2021.06.15-23.22.13:079][  0]LogAISub: UAISubsystem::UAISubsystem EnvQueryManager (000001BDC9336200), frame # 0
[2021.06.15-23.22.13:079][  0]LogAISub: UAISubsystem::UAISubsystem AIPerceptionSystem (000001BDC94ADBC0), frame # 0
[2021.06.15-23.22.13:177][  0]LogEditorServer: Finished looking for orphan Actors (0.000 secs)
[2021.06.15-23.22.13:186][  0]LogUObjectHash: Compacting FUObjectHashTables data took   0.65ms
[2021.06.15-23.22.13:186][  0]Cmd: MAP CHECKDEP NOCLEARLOG
[2021.06.15-23.22.13:187][  0]MapCheck: Map check complete: 0 Error(s), 0 Warning(s), took 0,087ms to complete.
[2021.06.15-23.22.13:187][  0]LogFileHelpers: Loading map 'HomeScreen' took 1.056
[2021.06.15-23.22.15:216][  0]LogUnrealEdMisc: Total Editor Startup Time, took 76.291
[2021.06.15-23.22.16:906][  0]LogSlate: Updating window title bar state: overlay mode, drag disabled, window buttons hidden, title bar hidden
[2021.06.15-23.22.16:912][  0]LogSlate: Updating window title bar state: overlay mode, drag disabled, window buttons hidden, title bar hidden
[2021.06.15-23.22.16:918][  0]LogSlate: Updating window title bar state: overlay mode, drag disabled, window buttons hidden, title bar hidden
[2021.06.15-23.22.16:924][  0]LogSlate: Updating window title bar state: overlay mode, drag disabled, window buttons hidden, title bar hidden
[2021.06.15-23.22.17:139][  0]LogCollectionManager: Loaded 0 collections in 0.000817 seconds
[2021.06.15-23.22.17:226][  0]LogFileCache: Scanning file cache for directory 'D:/GitKitchenVR/CustomURI/CustomURI/Saved/Collections/' took 0.00s
[2021.06.15-23.22.17:226][  0]LogFileCache: Scanning file cache for directory 'D:/GitKitchenVR/CustomURI/CustomURI/Content/Developers/joeym/Collections/' took 0.00s
[2021.06.15-23.22.17:226][  0]LogFileCache: Scanning file cache for directory 'D:/GitKitchenVR/CustomURI/CustomURI/Content/Collections/' took 0.00s
[2021.06.15-23.22.17:226][  0]LogContentBrowser: Native class hierarchy populated in 0.0089 seconds. Added 3456 classes and 834 folders.
[2021.06.15-23.22.17:281][  0]LogContentBrowser: Native class hierarchy updated for 'WidgetCarousel' in 0.0004 seconds. Added 0 classes and 0 folders.
[2021.06.15-23.22.18:892][  0]LogContentBrowser: Native class hierarchy updated for 'AddContentDialog' in 0.0004 seconds. Added 0 classes and 0 folders.
[2021.06.15-23.22.19:752][  0]LogContentBrowser: Native class hierarchy updated for 'SceneOutliner' in 0.0006 seconds. Added 2 classes and 0 folders.
[2021.06.15-23.22.25:761][  0]LogContentBrowser: Native class hierarchy updated for 'HierarchicalLODOutliner' in 0.0004 seconds. Added 0 classes and 0 folders.
[2021.06.15-23.22.25:761][  0]LogLoad: (Engine Initialization) Total time: 86.84 seconds
[2021.06.15-23.22.25:761][  0]LogLoad: (Engine Initialization) Total Blueprint compile time: 0.00 seconds
[2021.06.15-23.22.25:848][  0]LogAssetRegistry: Asset discovery search completed in 44.9258 seconds
[2021.06.15-23.22.25:853][  0]LogCollectionManager: Fixed up redirectors for 0 collections in 0.000004 seconds (updated 0 objects)
[2021.06.15-23.22.26:340][  0]LogContentStreaming: Texture pool size now 3000 MB
[2021.06.15-23.22.29:545][  0]LogSlate: Took 3.200064 seconds to synchronously load lazily loaded font '../../../Engine/Content/Slate/Fonts/Roboto-Regular.ttf' (155K)
[2021.06.15-23.22.29:589][  0]LogSlate: Took 0.041660 seconds to synchronously load lazily loaded font '../../../Engine/Content/Slate/Fonts/Roboto-Bold.ttf' (160K)
[2021.06.15-23.22.29:612][  0]LogSlate: Took 0.020171 seconds to synchronously load lazily loaded font '../../../Engine/Content/Editor/Slate/Fonts/FontAwesome.ttf' (139K)
[2021.06.15-23.22.29:780][  0]LogRenderer: Reallocating scene render targets to support 820x360 Format 10 NumSamples 1 (Frame:1).
[2021.06.15-23.22.29:780][  0]LogSlate: Took 0.019855 seconds to synchronously load lazily loaded font '../../../Engine/Content/Slate/Fonts/Roboto-Light.ttf' (167K)
