Log file open, 06/24/21 15:08:40
LogInit: Display: Running engine for game: CustomURI
LogPlatformFile: Not using cached read wrapper
LogTaskGraph: Started task graph with 5 named threads and 23 total threads with 3 sets of task threads.
LogStats: Stats thread started at 0.255307
LogD3D11RHI: Loaded GFSDK_Aftermath_Lib.x64.dll
LogICUInternationalization: ICU TimeZone Detection - Raw Offset: +5:00, Platform Override: ''
LogPluginManager: Mounting plugin Paper2D
LogPluginManager: Mounting plugin AISupport
LogPluginManager: Mounting plugin LightPropagationVolume
LogPluginManager: Mounting plugin CameraShakePreviewer
LogPluginManager: Mounting plugin ActorLayerUtilities
LogPluginManager: Mounting plugin AnimationSharing
LogPluginManager: Mounting plugin CLionSourceCodeAccess
LogPluginManager: Mounting plugin CodeLiteSourceCodeAccess
LogPluginManager: Mounting plugin GitSourceControl
LogPluginManager: Mounting plugin KDevelopSourceCodeAccess
LogPluginManager: Mounting plugin NullSourceCodeAccess
LogPluginManager: Mounting plugin PerforceSourceControl
LogPluginManager: Mounting plugin PlasticSourceControl
LogPluginManager: Mounting plugin RiderSourceCodeAccess
LogPluginManager: Mounting plugin SubversionSourceControl
LogPluginManager: Mounting plugin UObjectPlugin
LogPluginManager: Mounting plugin VisualStudioCodeSourceCodeAccess
LogPluginManager: Mounting plugin VisualStudioSourceCodeAccess
LogPluginManager: Mounting plugin XCodeSourceCodeAccess
LogPluginManager: Mounting plugin AssetManagerEditor
LogPluginManager: Mounting plugin CryptoKeys
LogPluginManager: Mounting plugin CurveEditorTools
LogPluginManager: Mounting plugin DataValidation
LogPluginManager: Mounting plugin EditorScriptingUtilities
LogPluginManager: Mounting plugin FacialAnimation
LogPluginManager: Mounting plugin GameplayTagsEditor
LogPluginManager: Mounting plugin GeometryMode
LogPluginManager: Mounting plugin MacGraphicsSwitching
LogPluginManager: Mounting plugin MaterialAnalyzer
LogPluginManager: Mounting plugin MobileLauncherProfileWizard
LogPluginManager: Mounting plugin PluginBrowser
LogPluginManager: Mounting plugin SpeedTreeImporter
LogPluginManager: Mounting plugin DatasmithContent
LogPluginManager: Mounting plugin VariantManagerContent
LogPluginManager: Mounting plugin AlembicImporter
LogPluginManager: Mounting plugin AutomationUtils
LogPluginManager: Mounting plugin BackChannel
LogPluginManager: Mounting plugin ChaosCloth
LogPluginManager: Mounting plugin ChaosClothEditor
LogPluginManager: Mounting plugin ChaosEditor
LogPluginManager: Mounting plugin ChaosNiagara
LogPluginManager: Mounting plugin ChaosSolverPlugin
LogPluginManager: Mounting plugin CharacterAI
LogPluginManager: Mounting plugin GeometryCache
LogPluginManager: Mounting plugin GeometryCollectionPlugin
LogPluginManager: Mounting plugin GeometryProcessing
LogPluginManager: Mounting plugin PlanarCut
LogPluginManager: Mounting plugin PlatformCrypto
LogPluginManager: Mounting plugin ProxyLODPlugin
LogPluginManager: Mounting plugin SkeletalReduction
LogPluginManager: Mounting plugin Niagara
LogPluginManager: Mounting plugin MagicLeap
LogPluginManager: Mounting plugin MagicLeapLightEstimation
LogPluginManager: Mounting plugin MagicLeapMedia
LogPluginManager: Mounting plugin MagicLeapPassableWorld
LogPluginManager: Mounting plugin MLSDK
LogPluginManager: Mounting plugin AndroidMedia
LogPluginManager: Mounting plugin AvfMedia
LogPluginManager: Mounting plugin ImgMedia
LogPluginManager: Mounting plugin MediaCompositing
LogPluginManager: Mounting plugin MediaPlayerEditor
LogPluginManager: Mounting plugin WebMMedia
LogPluginManager: Mounting plugin WmfMedia
LogPluginManager: Mounting plugin MeshPainting
LogPluginManager: Mounting plugin TcpMessaging
LogPluginManager: Mounting plugin UdpMessaging
LogPluginManager: Mounting plugin ActorSequence
LogPluginManager: Mounting plugin LevelSequenceEditor
LogPluginManager: Mounting plugin MatineeToLevelSequence
LogPluginManager: Mounting plugin MovieRenderPipeline
LogPluginManager: Mounting plugin TemplateSequence
LogPluginManager: Mounting plugin NetcodeUnitTest
LogPluginManager: Mounting plugin NUTUnrealEngine4
LogPluginManager: Mounting plugin OnlineSubsystemGooglePlay
LogPluginManager: Mounting plugin OnlineSubsystemIOS
LogPluginManager: Mounting plugin OnlineSubsystem
LogPluginManager: Mounting plugin OnlineSubsystemNull
LogPluginManager: Mounting plugin OnlineSubsystemSteam
LogPluginManager: Mounting plugin OnlineSubsystemUtils
LogPluginManager: Mounting plugin LauncherChunkInstaller
LogPluginManager: Mounting plugin AndroidDeviceProfileSelector
LogPluginManager: Mounting plugin AndroidMoviePlayer
LogPluginManager: Mounting plugin AndroidPermission
LogPluginManager: Mounting plugin ApexDestruction
LogPluginManager: Mounting plugin AppleImageUtils
LogPluginManager: Mounting plugin AppleMoviePlayer
LogPluginManager: Mounting plugin ArchVisCharacter
LogPluginManager: Mounting plugin AssetTags
LogPluginManager: Mounting plugin AudioCapture
LogPluginManager: Mounting plugin CableComponent
LogPluginManager: Mounting plugin CustomMeshComponent
LogPluginManager: Mounting plugin EditableMesh
LogPluginManager: Mounting plugin ExampleDeviceProfileSelector
LogPluginManager: Mounting plugin GoogleCloudMessaging
LogPluginManager: Mounting plugin GooglePAD
LogPluginManager: Mounting plugin IOSDeviceProfileSelector
LogPluginManager: Mounting plugin LinuxDeviceProfileSelector
LogPluginManager: Mounting plugin LocationServicesBPLibrary
LogPluginManager: Mounting plugin MobilePatchingUtils
LogPluginManager: Mounting plugin OculusVR
LogPluginManager: Mounting plugin PhysXVehicles
LogPluginManager: Mounting plugin PostSplashScreen
LogPluginManager: Mounting plugin ProceduralMeshComponent
LogPluginManager: Mounting plugin RuntimePhysXCooking
LogPluginManager: Mounting plugin SignificanceManager
LogPluginManager: Mounting plugin SoundFields
LogPluginManager: Mounting plugin SteamShared
LogPluginManager: Mounting plugin SteamVR
LogPluginManager: Mounting plugin Synthesis
LogPluginManager: Mounting plugin WebMMoviePlayer
LogPluginManager: Mounting plugin WindowsMoviePlayer
LogPluginManager: Mounting plugin ScreenshotTools
LogPluginManager: Mounting plugin AdvancedSessions
LogPluginManager: Mounting plugin AdvancedSteamSessions
LogPluginManager: Mounting plugin TestPlugin
LogPluginManager: Mounting plugin VictoryBPLibrary
LogPluginManager: Mounting plugin VRMBAPlugin
LogInit: Using libcurl 7.55.1-DEV
LogInit:  - built for x86_64-pc-win32
LogInit:  - supports SSL with OpenSSL/1.1.1
LogInit:  - supports HTTP deflate (compression) using libz 1.2.8
LogInit:  - other features:
LogInit:      CURL_VERSION_SSL
LogInit:      CURL_VERSION_LIBZ
LogInit:      CURL_VERSION_IPV6
LogInit:      CURL_VERSION_ASYNCHDNS
LogInit:      CURL_VERSION_LARGEFILE
LogInit:      CURL_VERSION_IDN
LogInit:  CurlRequestOptions (configurable via config and command line):
LogInit:  - bVerifyPeer = true  - Libcurl will verify peer certificate
LogInit:  - bUseHttpProxy = false  - Libcurl will NOT use HTTP proxy
LogInit:  - bDontReuseConnections = false  - Libcurl will reuse connections
LogInit:  - MaxHostConnections = 16  - Libcurl will limit the number of connections to a host
LogInit:  - LocalHostAddr = Default
LogInit:  - BufferSize = 65536
LogSteamShared: Display: Loading Steam SDK 1.47
LogSteamShared: Steam SDK Loaded!
LogOnline: OSS: Creating online subsystem instance for: Steam
LogOnline: Warning: STEAM: Steam API disabled!
LogOnline: Display: STEAM: OnlineSubsystemSteam::Shutdown()
LogOnline: OSS: Unable to create OnlineSubsystem module Steam
LogOnline: OSS: Creating online subsystem instance for: NULL
LogInit: WinSock: version 1.1 (2.2), MaxSocks=32767, MaxUdp=65467
LogOnline: OSS: TryLoadSubsystemAndSetDefault: Loaded subsystem for module [NULL]
LogInit: Build: ++UE4+Release-4.25-CL-14469661
LogInit: Engine Version: 4.25.4-14469661+++UE4+Release-4.25
LogInit: Compatible Engine Version: 4.25.0-13144385+++UE4+Release-4.25
LogInit: Net CL: 13144385
LogInit: OS: Windows 10 (Release 2009) (), CPU: Intel(R) Core(TM) i7-4770HQ CPU @ 2.20GHz, GPU: Intel(R) Iris(TM) Pro Graphics 5200
LogInit: Compiled (64-bit): Oct 11 2020 08:10:49
LogInit: Compiled with Visual C++: 19.24.28315.00
LogInit: Build Configuration: Development
LogInit: Branch Name: ++UE4+Release-4.25
LogInit: Command Line:  /Game/HomeScreen -game -PIEVIACONSOLE -Multiprocess "GameUserSettingsINI=C:/Users/Ibrahim Baig/Documents/GitHub/CustomURI/CustomURI/Saved/Config/Windows/PIEGameUserSettings0.ini" -MultiprocessSaveConfig -MultiprocessOSS -messaging -SessionName="Play in Standalone Game" -windowed -ResX=1280 -ResY=720
LogInit: Base Directory: C:/Program Files/Epic Games/UE_4.25/Engine/Binaries/Win64/
LogInit: Allocator: TBB
LogInit: Installed Engine Build: 1
LogDevObjectVersion: Number of dev versions registered: 26
LogDevObjectVersion:   Dev-Blueprints (B0D832E4-1F89-4F0D-ACCF-7EB736FD4AA2): 10
LogDevObjectVersion:   Dev-Build (E1C64328-A22C-4D53-A36C-8E866417BD8C): 0
LogDevObjectVersion:   Dev-Core (375EC13C-06E4-48FB-B500-84F0262A717E): 4
LogDevObjectVersion:   Dev-Editor (E4B068ED-F494-42E9-A231-DA0B2E46BB41): 38
LogDevObjectVersion:   Dev-Framework (CFFC743F-43B0-4480-9391-14DF171D2073): 37
LogDevObjectVersion:   Dev-Mobile (B02B49B5-BB20-44E9-A304-32B752E40360): 2
LogDevObjectVersion:   Dev-Networking (A4E4105C-59A1-49B5-A7C5-40C4547EDFEE): 0
LogDevObjectVersion:   Dev-Online (39C831C9-5AE6-47DC-9A44-9C173E1C8E7C): 0
LogDevObjectVersion:   Dev-Physics (78F01B33-EBEA-4F98-B9B4-84EACCB95AA2): 4
LogDevObjectVersion:   Dev-Platform (6631380F-2D4D-43E0-8009-CF276956A95A): 0
LogDevObjectVersion:   Dev-Rendering (12F88B9F-8875-4AFC-A67C-D90C383ABD29): 43
LogDevObjectVersion:   Dev-Sequencer (7B5AE74C-D270-4C10-A958-57980B212A5A): 12
LogDevObjectVersion:   Dev-VR (D7296918-1DD6-4BDD-9DE2-64A83CC13884): 3
LogDevObjectVersion:   Dev-LoadTimes (C2A15278-BFE7-4AFE-6C17-90FF531DF755): 1
LogDevObjectVersion:   Private-Geometry (6EACA3D4-40EC-4CC1-B786-8BED09428FC5): 3
LogDevObjectVersion:   Dev-AnimPhys (29E575DD-E0A3-4627-9D10-D276232CDCEA): 17
LogDevObjectVersion:   Dev-Anim (AF43A65D-7FD3-4947-9873-3E8ED9C1BB05): 7
LogDevObjectVersion:   Dev-ReflectionCapture (6B266CEC-1EC7-4B8F-A30B-E4D90942FC07): 1
LogDevObjectVersion:   Dev-Automation (0DF73D61-A23F-47EA-B727-89E90C41499A): 1
LogDevObjectVersion:   FortniteMain (601D1886-AC64-4F84-AA16-D3DE0DEAC7D6): 31
LogDevObjectVersion:   Dev-Enterprise (9DFFBCD6-494F-0158-E221-12823C92A888): 10
LogDevObjectVersion:   Dev-Niagara (F2AED0AC-9AFE-416F-8664-AA7FFA26D6FC): 1
LogDevObjectVersion:   Dev-Destruction (174F1F0B-B4C6-45A5-B13F-2EE8D0FB917D): 10
LogDevObjectVersion:   Dev-Physics-Ext (35F94A83-E258-406C-A318-09F59610247C): 37
LogDevObjectVersion:   Dev-PhysicsMaterial-Chaos (B68FC16E-8B1B-42E2-B453-215C058844FE): 1
LogDevObjectVersion:   Dev-CineCamera (B2E18506-4273-CFC2-A54E-F4BB758BBA07): 1
LogInit: Presizing for max 25165824 objects, including 0 objects not considered by GC, pre-allocating 0 bytes for permanent pool.
LogConfig: Applying CVar settings from Section [/Script/Engine.StreamingSettings] File [C:/Users/Ibrahim Baig/Documents/GitHub/CustomURI/CustomURI/Saved/Config/Windows/Engine.ini]
LogConfig: Setting CVar [[s.MinBulkDataSizeForAsyncLoading:131072]]
LogConfig: Setting CVar [[s.AsyncLoadingThreadEnabled:0]]
LogConfig: Setting CVar [[s.EventDrivenLoaderEnabled:1]]
LogConfig: Setting CVar [[s.WarnIfTimeLimitExceeded:0]]
LogConfig: Setting CVar [[s.TimeLimitExceededMultiplier:1.5]]
LogConfig: Setting CVar [[s.TimeLimitExceededMinTime:0.005]]
LogConfig: Setting CVar [[s.UseBackgroundLevelStreaming:1]]
LogConfig: Setting CVar [[s.PriorityAsyncLoadingExtraTime:15.0]]
LogConfig: Setting CVar [[s.LevelStreamingActorsUpdateTimeLimit:5.0]]
LogConfig: Setting CVar [[s.PriorityLevelStreamingActorsUpdateExtraTime:5.0]]
LogConfig: Setting CVar [[s.LevelStreamingComponentsRegistrationGranularity:10]]
LogConfig: Setting CVar [[s.UnregisterComponentsTimeLimit:1.0]]
LogConfig: Setting CVar [[s.LevelStreamingComponentsUnregistrationGranularity:5]]
LogConfig: Setting CVar [[s.FlushStreamingOnExit:1]]
LogInit: Object subsystem initialized
LogConfig: Setting CVar [[con.DebugEarlyDefault:1]]
LogConfig: Setting CVar [[r.setres:1280x720]]
[2021.06.24-10.08.40:834][  0]LogConfig: Setting CVar [[con.DebugEarlyDefault:1]]
[2021.06.24-10.08.40:834][  0]LogConfig: Setting CVar [[r.setres:1280x720]]
[2021.06.24-10.08.40:834][  0]LogConfig: Applying CVar settings from Section [/Script/Engine.RendererSettings] File [C:/Users/Ibrahim Baig/Documents/GitHub/CustomURI/CustomURI/Saved/Config/Windows/Engine.ini]
[2021.06.24-10.08.40:834][  0]LogConfig: Setting CVar [[r.GPUCrashDebugging:0]]
[2021.06.24-10.08.40:834][  0]LogConfig: Applying CVar settings from Section [/Script/Engine.RendererOverrideSettings] File [C:/Users/Ibrahim Baig/Documents/GitHub/CustomURI/CustomURI/Saved/Config/Windows/Engine.ini]
[2021.06.24-10.08.40:834][  0]LogConfig: Applying CVar settings from Section [/Script/Engine.StreamingSettings] File [C:/Users/Ibrahim Baig/Documents/GitHub/CustomURI/CustomURI/Saved/Config/Windows/Engine.ini]
[2021.06.24-10.08.40:834][  0]LogConfig: Setting CVar [[s.MinBulkDataSizeForAsyncLoading:131072]]
[2021.06.24-10.08.40:834][  0]LogConfig: Setting CVar [[s.AsyncLoadingThreadEnabled:0]]
[2021.06.24-10.08.40:834][  0]LogConfig: Setting CVar [[s.EventDrivenLoaderEnabled:1]]
[2021.06.24-10.08.40:834][  0]LogConfig: Setting CVar [[s.WarnIfTimeLimitExceeded:0]]
[2021.06.24-10.08.40:834][  0]LogConfig: Setting CVar [[s.TimeLimitExceededMultiplier:1.5]]
[2021.06.24-10.08.40:834][  0]LogConfig: Setting CVar [[s.TimeLimitExceededMinTime:0.005]]
[2021.06.24-10.08.40:834][  0]LogConfig: Setting CVar [[s.UseBackgroundLevelStreaming:1]]
[2021.06.24-10.08.40:834][  0]LogConfig: Setting CVar [[s.PriorityAsyncLoadingExtraTime:15.0]]
[2021.06.24-10.08.40:834][  0]LogConfig: Setting CVar [[s.LevelStreamingActorsUpdateTimeLimit:5.0]]
[2021.06.24-10.08.40:834][  0]LogConfig: Setting CVar [[s.PriorityLevelStreamingActorsUpdateExtraTime:5.0]]
[2021.06.24-10.08.40:834][  0]LogConfig: Setting CVar [[s.LevelStreamingComponentsRegistrationGranularity:10]]
[2021.06.24-10.08.40:834][  0]LogConfig: Setting CVar [[s.UnregisterComponentsTimeLimit:1.0]]
[2021.06.24-10.08.40:834][  0]LogConfig: Setting CVar [[s.LevelStreamingComponentsUnregistrationGranularity:5]]
[2021.06.24-10.08.40:835][  0]LogConfig: Setting CVar [[s.FlushStreamingOnExit:1]]
[2021.06.24-10.08.40:835][  0]LogConfig: Applying CVar settings from Section [/Script/Engine.GarbageCollectionSettings] File [C:/Users/Ibrahim Baig/Documents/GitHub/CustomURI/CustomURI/Saved/Config/Windows/Engine.ini]
[2021.06.24-10.08.40:835][  0]LogConfig: Setting CVar [[gc.MaxObjectsNotConsideredByGC:1]]
[2021.06.24-10.08.40:835][  0]LogConfig: Setting CVar [[gc.SizeOfPermanentObjectPool:0]]
[2021.06.24-10.08.40:835][  0]LogConfig: Setting CVar [[gc.FlushStreamingOnGC:0]]
[2021.06.24-10.08.40:835][  0]LogConfig: Setting CVar [[gc.NumRetriesBeforeForcingGC:10]]
[2021.06.24-10.08.40:835][  0]LogConfig: Setting CVar [[gc.AllowParallelGC:1]]
[2021.06.24-10.08.40:835][  0]LogConfig: Setting CVar [[gc.TimeBetweenPurgingPendingKillObjects:61.1]]
[2021.06.24-10.08.40:835][  0]LogConfig: Setting CVar [[gc.MaxObjectsInEditor:25165824]]
[2021.06.24-10.08.40:835][  0]LogConfig: Setting CVar [[gc.IncrementalBeginDestroyEnabled:1]]
[2021.06.24-10.08.40:835][  0]LogConfig: Setting CVar [[gc.CreateGCClusters:1]]
[2021.06.24-10.08.40:835][  0]LogConfig: Setting CVar [[gc.MinGCClusterSize:5]]
[2021.06.24-10.08.40:835][  0]LogConfig: Setting CVar [[gc.ActorClusteringEnabled:0]]
[2021.06.24-10.08.40:835][  0]LogConfig: Setting CVar [[gc.BlueprintClusteringEnabled:0]]
[2021.06.24-10.08.40:835][  0]LogConfig: Setting CVar [[gc.UseDisregardForGCOnDedicatedServers:0]]
[2021.06.24-10.08.40:835][  0]LogConfig: Applying CVar settings from Section [/Script/Engine.NetworkSettings] File [C:/Users/Ibrahim Baig/Documents/GitHub/CustomURI/CustomURI/Saved/Config/Windows/Engine.ini]
[2021.06.24-10.08.40:835][  0]LogConfig: Applying CVar settings from Section [/Script/UnrealEd.CookerSettings] File [C:/Users/Ibrahim Baig/Documents/GitHub/CustomURI/CustomURI/Saved/Config/Windows/Engine.ini]
[2021.06.24-10.08.40:838][  0]LogConfig: Applying CVar settings from Section [ViewDistanceQuality@3] File [C:/Users/Ibrahim Baig/Documents/GitHub/CustomURI/CustomURI/Saved/Config/Windows/Scalability.ini]
[2021.06.24-10.08.40:838][  0]LogConfig: Setting CVar [[r.SkeletalMeshLODBias:0]]
[2021.06.24-10.08.40:838][  0]LogConfig: Setting CVar [[r.ViewDistanceScale:1.0]]
[2021.06.24-10.08.40:838][  0]LogConfig: Applying CVar settings from Section [AntiAliasingQuality@3] File [C:/Users/Ibrahim Baig/Documents/GitHub/CustomURI/CustomURI/Saved/Config/Windows/Scalability.ini]
[2021.06.24-10.08.40:838][  0]LogConfig: Setting CVar [[r.PostProcessAAQuality:4]]
[2021.06.24-10.08.40:838][  0]LogConfig: Applying CVar settings from Section [ShadowQuality@3] File [C:/Users/Ibrahim Baig/Documents/GitHub/CustomURI/CustomURI/Saved/Config/Windows/Scalability.ini]
[2021.06.24-10.08.40:838][  0]LogConfig: Setting CVar [[r.LightFunctionQuality:1]]
[2021.06.24-10.08.40:838][  0]LogConfig: Setting CVar [[r.ShadowQuality:5]]
[2021.06.24-10.08.40:838][  0]LogConfig: Setting CVar [[r.Shadow.CSM.MaxCascades:10]]
[2021.06.24-10.08.40:838][  0]LogConfig: Setting CVar [[r.Shadow.MaxResolution:2048]]
[2021.06.24-10.08.40:838][  0]LogConfig: Setting CVar [[r.Shadow.MaxCSMResolution:2048]]
[2021.06.24-10.08.40:838][  0]LogConfig: Setting CVar [[r.Shadow.RadiusThreshold:0.01]]
[2021.06.24-10.08.40:838][  0]LogConfig: Setting CVar [[r.Shadow.DistanceScale:1.0]]
[2021.06.24-10.08.40:838][  0]LogConfig: Setting CVar [[r.Shadow.CSM.TransitionScale:1.0]]
[2021.06.24-10.08.40:838][  0]LogConfig: Setting CVar [[r.Shadow.PreShadowResolutionFactor:1.0]]
[2021.06.24-10.08.40:838][  0]LogConfig: Setting CVar [[r.DistanceFieldShadowing:1]]
[2021.06.24-10.08.40:838][  0]LogConfig: Setting CVar [[r.DistanceFieldAO:1]]
[2021.06.24-10.08.40:838][  0]LogConfig: Setting CVar [[r.AOQuality:2]]
[2021.06.24-10.08.40:838][  0]LogConfig: Setting CVar [[r.VolumetricFog:1]]
[2021.06.24-10.08.40:838][  0]LogConfig: Setting CVar [[r.VolumetricFog.GridPixelSize:8]]
[2021.06.24-10.08.40:839][  0]LogConfig: Setting CVar [[r.VolumetricFog.GridSizeZ:128]]
[2021.06.24-10.08.40:839][  0]LogConfig: Setting CVar [[r.VolumetricFog.HistoryMissSupersampleCount:4]]
[2021.06.24-10.08.40:839][  0]LogConfig: Setting CVar [[r.LightMaxDrawDistanceScale:1]]
[2021.06.24-10.08.40:839][  0]LogConfig: Setting CVar [[r.CapsuleShadows:1]]
[2021.06.24-10.08.40:839][  0]LogConfig: Applying CVar settings from Section [PostProcessQuality@3] File [C:/Users/Ibrahim Baig/Documents/GitHub/CustomURI/CustomURI/Saved/Config/Windows/Scalability.ini]
[2021.06.24-10.08.40:839][  0]LogConfig: Setting CVar [[r.MotionBlurQuality:4]]
[2021.06.24-10.08.40:839][  0]LogConfig: Setting CVar [[r.AmbientOcclusionMipLevelFactor:0.4]]
[2021.06.24-10.08.40:839][  0]LogConfig: Setting CVar [[r.AmbientOcclusionMaxQuality:100]]
[2021.06.24-10.08.40:839][  0]LogConfig: Setting CVar [[r.AmbientOcclusionLevels:-1]]
[2021.06.24-10.08.40:839][  0]LogConfig: Setting CVar [[r.AmbientOcclusionRadiusScale:1.0]]
[2021.06.24-10.08.40:839][  0]LogConfig: Setting CVar [[r.DepthOfFieldQuality:2]]
[2021.06.24-10.08.40:839][  0]LogConfig: Setting CVar [[r.RenderTargetPoolMin:400]]
[2021.06.24-10.08.40:839][  0]LogConfig: Setting CVar [[r.LensFlareQuality:2]]
[2021.06.24-10.08.40:839][  0]LogConfig: Setting CVar [[r.SceneColorFringeQuality:1]]
[2021.06.24-10.08.40:839][  0]LogConfig: Setting CVar [[r.EyeAdaptationQuality:2]]
[2021.06.24-10.08.40:839][  0]LogConfig: Setting CVar [[r.BloomQuality:5]]
[2021.06.24-10.08.40:839][  0]LogConfig: Setting CVar [[r.FastBlurThreshold:100]]
[2021.06.24-10.08.40:839][  0]LogConfig: Setting CVar [[r.Upscale.Quality:3]]
[2021.06.24-10.08.40:839][  0]LogConfig: Setting CVar [[r.Tonemapper.GrainQuantization:1]]
[2021.06.24-10.08.40:839][  0]LogConfig: Setting CVar [[r.LightShaftQuality:1]]
[2021.06.24-10.08.40:839][  0]LogConfig: Setting CVar [[r.Filter.SizeScale:1]]
[2021.06.24-10.08.40:839][  0]LogConfig: Setting CVar [[r.Tonemapper.Quality:5]]
[2021.06.24-10.08.40:839][  0]LogConfig: Setting CVar [[r.DOF.Gather.AccumulatorQuality:1        ; higher gathering accumulator quality]]
[2021.06.24-10.08.40:839][  0]LogConfig: Setting CVar [[r.DOF.Gather.PostfilterMethod:1          ; Median3x3 postfilering method]]
[2021.06.24-10.08.40:839][  0]LogConfig: Setting CVar [[r.DOF.Gather.EnableBokehSettings:0       ; no bokeh simulation when gathering]]
[2021.06.24-10.08.40:839][  0]LogConfig: Setting CVar [[r.DOF.Gather.RingCount:4                 ; medium number of samples when gathering]]
[2021.06.24-10.08.40:839][  0]LogConfig: Setting CVar [[r.DOF.Scatter.ForegroundCompositing:1    ; additive foreground scattering]]
[2021.06.24-10.08.40:839][  0]LogConfig: Setting CVar [[r.DOF.Scatter.BackgroundCompositing:2    ; additive background scattering]]
[2021.06.24-10.08.40:839][  0]LogConfig: Setting CVar [[r.DOF.Scatter.EnableBokehSettings:1      ; bokeh simulation when scattering]]
[2021.06.24-10.08.40:839][  0]LogConfig: Setting CVar [[r.DOF.Scatter.MaxSpriteRatio:0.1         ; only a maximum of 10% of scattered bokeh]]
[2021.06.24-10.08.40:840][  0]LogConfig: Setting CVar [[r.DOF.Recombine.Quality:1                ; cheap slight out of focus]]
[2021.06.24-10.08.40:840][  0]LogConfig: Setting CVar [[r.DOF.Recombine.EnableBokehSettings:0    ; no bokeh simulation on slight out of focus]]
[2021.06.24-10.08.40:840][  0]LogConfig: Setting CVar [[r.DOF.TemporalAAQuality:1                ; more stable temporal accumulation]]
[2021.06.24-10.08.40:840][  0]LogConfig: Setting CVar [[r.DOF.Kernel.MaxForegroundRadius:0.025]]
[2021.06.24-10.08.40:840][  0]LogConfig: Setting CVar [[r.DOF.Kernel.MaxBackgroundRadius:0.025]]
[2021.06.24-10.08.40:840][  0]LogConfig: Applying CVar settings from Section [TextureQuality@3] File [C:/Users/Ibrahim Baig/Documents/GitHub/CustomURI/CustomURI/Saved/Config/Windows/Scalability.ini]
[2021.06.24-10.08.40:840][  0]LogConfig: Setting CVar [[r.Streaming.MipBias:0]]
[2021.06.24-10.08.40:840][  0]LogConfig: Setting CVar [[r.Streaming.AmortizeCPUToGPUCopy:0]]
[2021.06.24-10.08.40:840][  0]LogConfig: Setting CVar [[r.Streaming.MaxNumTexturesToStreamPerFrame:0]]
[2021.06.24-10.08.40:840][  0]LogConfig: Setting CVar [[r.Streaming.Boost:1]]
[2021.06.24-10.08.40:840][  0]LogConfig: Setting CVar [[r.MaxAnisotropy:8]]
[2021.06.24-10.08.40:840][  0]LogConfig: Setting CVar [[r.VT.MaxAnisotropy:8]]
[2021.06.24-10.08.40:840][  0]LogConfig: Setting CVar [[r.Streaming.LimitPoolSizeToVRAM:0]]
[2021.06.24-10.08.40:840][  0]LogConfig: Setting CVar [[r.Streaming.PoolSize:1000]]
[2021.06.24-10.08.40:840][  0]LogConfig: Setting CVar [[r.Streaming.MaxEffectiveScreenSize:0]]
[2021.06.24-10.08.40:840][  0]LogConfig: Applying CVar settings from Section [EffectsQuality@3] File [C:/Users/Ibrahim Baig/Documents/GitHub/CustomURI/CustomURI/Saved/Config/Windows/Scalability.ini]
[2021.06.24-10.08.40:840][  0]LogConfig: Setting CVar [[r.TranslucencyLightingVolumeDim:64]]
[2021.06.24-10.08.40:840][  0]LogConfig: Setting CVar [[r.RefractionQuality:2]]
[2021.06.24-10.08.40:840][  0]LogConfig: Setting CVar [[r.SSR.Quality:3]]
[2021.06.24-10.08.40:840][  0]LogConfig: Setting CVar [[r.SSR.HalfResSceneColor:0]]
[2021.06.24-10.08.40:840][  0]LogConfig: Setting CVar [[r.SceneColorFormat:4]]
[2021.06.24-10.08.40:840][  0]LogConfig: Setting CVar [[r.DetailMode:2]]
[2021.06.24-10.08.40:840][  0]LogConfig: Setting CVar [[r.TranslucencyVolumeBlur:1]]
[2021.06.24-10.08.40:840][  0]LogConfig: Setting CVar [[r.MaterialQualityLevel:1 ; High quality]]
[2021.06.24-10.08.40:840][  0]LogConfig: Setting CVar [[r.SSS.Scale:1]]
[2021.06.24-10.08.40:840][  0]LogConfig: Setting CVar [[r.SSS.SampleSet:2]]
[2021.06.24-10.08.40:840][  0]LogConfig: Setting CVar [[r.SSS.Quality:1]]
[2021.06.24-10.08.40:840][  0]LogConfig: Setting CVar [[r.SSS.HalfRes:0]]
[2021.06.24-10.08.40:840][  0]LogConfig: Setting CVar [[r.SSGI.Quality:3]]
[2021.06.24-10.08.40:840][  0]LogConfig: Setting CVar [[r.EmitterSpawnRateScale:1.0]]
[2021.06.24-10.08.40:840][  0]LogConfig: Setting CVar [[r.ParticleLightQuality:2]]
[2021.06.24-10.08.40:841][  0]LogConfig: Setting CVar [[r.SkyAtmosphere.AerialPerspectiveLUT.FastApplyOnOpaque:1 ; Always have FastSkyLUT 1 in this case to avoid wrong sky]]
[2021.06.24-10.08.40:841][  0]LogConfig: Setting CVar [[r.SkyAtmosphere.AerialPerspectiveLUT.SampleCountPerSlice:1]]
[2021.06.24-10.08.40:841][  0]LogConfig: Setting CVar [[r.SkyAtmosphere.AerialPerspectiveLUT.DepthResolution:16.0]]
[2021.06.24-10.08.40:841][  0]LogConfig: Setting CVar [[r.SkyAtmosphere.FastSkyLUT:1]]
[2021.06.24-10.08.40:841][  0]LogConfig: Setting CVar [[r.SkyAtmosphere.FastSkyLUT.SampleCountMin:4.0]]
[2021.06.24-10.08.40:841][  0]LogConfig: Setting CVar [[r.SkyAtmosphere.FastSkyLUT.SampleCountMax:32.0]]
[2021.06.24-10.08.40:841][  0]LogConfig: Setting CVar [[r.SkyAtmosphere.SampleCountMin:4.0]]
[2021.06.24-10.08.40:841][  0]LogConfig: Setting CVar [[r.SkyAtmosphere.SampleCountMax:32.0]]
[2021.06.24-10.08.40:841][  0]LogConfig: Setting CVar [[r.SkyAtmosphere.TransmittanceLUT.UseSmallFormat:0]]
[2021.06.24-10.08.40:841][  0]LogConfig: Setting CVar [[r.SkyAtmosphere.TransmittanceLUT.SampleCount:10.0]]
[2021.06.24-10.08.40:841][  0]LogConfig: Setting CVar [[r.SkyAtmosphere.MultiScatteringLUT.SampleCount:15.0]]
[2021.06.24-10.08.40:841][  0]LogConfig: Applying CVar settings from Section [FoliageQuality@3] File [C:/Users/Ibrahim Baig/Documents/GitHub/CustomURI/CustomURI/Saved/Config/Windows/Scalability.ini]
[2021.06.24-10.08.40:841][  0]LogConfig: Setting CVar [[foliage.DensityScale:1.0]]
[2021.06.24-10.08.40:841][  0]LogConfig: Setting CVar [[grass.DensityScale:1.0]]
[2021.06.24-10.08.40:841][  0]LogConfig: Applying CVar settings from Section [ShadingQuality@3] File [C:/Users/Ibrahim Baig/Documents/GitHub/CustomURI/CustomURI/Saved/Config/Windows/Scalability.ini]
[2021.06.24-10.08.40:841][  0]LogConfig: Setting CVar [[r.HairStrands.SkyLighting.SampleCount:16]]
[2021.06.24-10.08.40:841][  0]LogConfig: Setting CVar [[r.HairStrands.SkyLighting.JitterIntegration:0]]
[2021.06.24-10.08.40:841][  0]LogConfig: Setting CVar [[r.HairStrands.SkyAO.SampleCount:16]]
[2021.06.24-10.08.40:841][  0]LogConfig: Setting CVar [[r.HairStrands.DeepShadow.SuperSampling:0]]
[2021.06.24-10.08.40:841][  0]LogConfig: Setting CVar [[r.HairStrands.VisibilityPPLL:0]]
[2021.06.24-10.08.40:841][  0]LogConfig: Setting CVar [[r.HairStrands.RasterizationScale:0.5]]
[2021.06.24-10.08.40:841][  0]LogConfig: Setting CVar [[r.HairStrands.VelocityRasterizationScale:1]]
[2021.06.24-10.08.40:841][  0]LogInit: Selected Device Profile: [Windows]
[2021.06.24-10.08.40:841][  0]LogInit: Applying CVar settings loaded from the selected device profile: [Windows]
[2021.06.24-10.08.40:841][  0]LogHAL: Display: Platform has ~ 16 GB [17050116096 / 17179869184 / 16], which maps to Larger [LargestMinGB=32, LargerMinGB=12, DefaultMinGB=8, SmallerMinGB=6, SmallestMinGB=0)
[2021.06.24-10.08.40:841][  0]LogInit: Going up to parent DeviceProfile []
[2021.06.24-10.08.40:841][  0]LogConfig: Applying CVar settings from Section [ViewDistanceQuality@3] File [C:/Users/Ibrahim Baig/Documents/GitHub/CustomURI/CustomURI/Saved/Config/Windows/Scalability.ini]
[2021.06.24-10.08.40:841][  0]LogConfig: Setting CVar [[r.SkeletalMeshLODBias:0]]
[2021.06.24-10.08.40:841][  0]LogConfig: Setting CVar [[r.ViewDistanceScale:1.0]]
[2021.06.24-10.08.40:841][  0]LogConfig: Applying CVar settings from Section [AntiAliasingQuality@3] File [C:/Users/Ibrahim Baig/Documents/GitHub/CustomURI/CustomURI/Saved/Config/Windows/Scalability.ini]
[2021.06.24-10.08.40:841][  0]LogConfig: Setting CVar [[r.PostProcessAAQuality:4]]
[2021.06.24-10.08.40:841][  0]LogConfig: Applying CVar settings from Section [ShadowQuality@3] File [C:/Users/Ibrahim Baig/Documents/GitHub/CustomURI/CustomURI/Saved/Config/Windows/Scalability.ini]
[2021.06.24-10.08.40:841][  0]LogConfig: Setting CVar [[r.LightFunctionQuality:1]]
[2021.06.24-10.08.40:841][  0]LogConfig: Setting CVar [[r.ShadowQuality:5]]
[2021.06.24-10.08.40:841][  0]LogConfig: Setting CVar [[r.Shadow.CSM.MaxCascades:10]]
[2021.06.24-10.08.40:841][  0]LogConfig: Setting CVar [[r.Shadow.MaxResolution:2048]]
[2021.06.24-10.08.40:841][  0]LogConfig: Setting CVar [[r.Shadow.MaxCSMResolution:2048]]
[2021.06.24-10.08.40:841][  0]LogConfig: Setting CVar [[r.Shadow.RadiusThreshold:0.01]]
[2021.06.24-10.08.40:841][  0]LogConfig: Setting CVar [[r.Shadow.DistanceScale:1.0]]
[2021.06.24-10.08.40:842][  0]LogConfig: Setting CVar [[r.Shadow.CSM.TransitionScale:1.0]]
[2021.06.24-10.08.40:842][  0]LogConfig: Setting CVar [[r.Shadow.PreShadowResolutionFactor:1.0]]
[2021.06.24-10.08.40:842][  0]LogConfig: Setting CVar [[r.DistanceFieldShadowing:1]]
[2021.06.24-10.08.40:842][  0]LogConfig: Setting CVar [[r.DistanceFieldAO:1]]
[2021.06.24-10.08.40:842][  0]LogConfig: Setting CVar [[r.AOQuality:2]]
[2021.06.24-10.08.40:842][  0]LogConfig: Setting CVar [[r.VolumetricFog:1]]
[2021.06.24-10.08.40:842][  0]LogConfig: Setting CVar [[r.VolumetricFog.GridPixelSize:8]]
[2021.06.24-10.08.40:842][  0]LogConfig: Setting CVar [[r.VolumetricFog.GridSizeZ:128]]
[2021.06.24-10.08.40:842][  0]LogConfig: Setting CVar [[r.VolumetricFog.HistoryMissSupersampleCount:4]]
[2021.06.24-10.08.40:842][  0]LogConfig: Setting CVar [[r.LightMaxDrawDistanceScale:1]]
[2021.06.24-10.08.40:842][  0]LogConfig: Setting CVar [[r.CapsuleShadows:1]]
[2021.06.24-10.08.40:842][  0]LogConfig: Applying CVar settings from Section [PostProcessQuality@3] File [C:/Users/Ibrahim Baig/Documents/GitHub/CustomURI/CustomURI/Saved/Config/Windows/Scalability.ini]
[2021.06.24-10.08.40:842][  0]LogConfig: Setting CVar [[r.MotionBlurQuality:4]]
[2021.06.24-10.08.40:842][  0]LogConfig: Setting CVar [[r.AmbientOcclusionMipLevelFactor:0.4]]
[2021.06.24-10.08.40:842][  0]LogConfig: Setting CVar [[r.AmbientOcclusionMaxQuality:100]]
[2021.06.24-10.08.40:842][  0]LogConfig: Setting CVar [[r.AmbientOcclusionLevels:-1]]
[2021.06.24-10.08.40:842][  0]LogConfig: Setting CVar [[r.AmbientOcclusionRadiusScale:1.0]]
[2021.06.24-10.08.40:842][  0]LogConfig: Setting CVar [[r.DepthOfFieldQuality:2]]
[2021.06.24-10.08.40:842][  0]LogConfig: Setting CVar [[r.RenderTargetPoolMin:400]]
[2021.06.24-10.08.40:842][  0]LogConfig: Setting CVar [[r.LensFlareQuality:2]]
[2021.06.24-10.08.40:842][  0]LogConfig: Setting CVar [[r.SceneColorFringeQuality:1]]
[2021.06.24-10.08.40:842][  0]LogConfig: Setting CVar [[r.EyeAdaptationQuality:2]]
[2021.06.24-10.08.40:842][  0]LogConfig: Setting CVar [[r.BloomQuality:5]]
[2021.06.24-10.08.40:842][  0]LogConfig: Setting CVar [[r.FastBlurThreshold:100]]
[2021.06.24-10.08.40:842][  0]LogConfig: Setting CVar [[r.Upscale.Quality:3]]
[2021.06.24-10.08.40:842][  0]LogConfig: Setting CVar [[r.Tonemapper.GrainQuantization:1]]
[2021.06.24-10.08.40:842][  0]LogConfig: Setting CVar [[r.LightShaftQuality:1]]
[2021.06.24-10.08.40:842][  0]LogConfig: Setting CVar [[r.Filter.SizeScale:1]]
[2021.06.24-10.08.40:842][  0]LogConfig: Setting CVar [[r.Tonemapper.Quality:5]]
[2021.06.24-10.08.40:842][  0]LogConfig: Setting CVar [[r.DOF.Gather.AccumulatorQuality:1        ; higher gathering accumulator quality]]
[2021.06.24-10.08.40:842][  0]LogConfig: Setting CVar [[r.DOF.Gather.PostfilterMethod:1          ; Median3x3 postfilering method]]
[2021.06.24-10.08.40:842][  0]LogConfig: Setting CVar [[r.DOF.Gather.EnableBokehSettings:0       ; no bokeh simulation when gathering]]
[2021.06.24-10.08.40:842][  0]LogConfig: Setting CVar [[r.DOF.Gather.RingCount:4                 ; medium number of samples when gathering]]
[2021.06.24-10.08.40:842][  0]LogConfig: Setting CVar [[r.DOF.Scatter.ForegroundCompositing:1    ; additive foreground scattering]]
[2021.06.24-10.08.40:842][  0]LogConfig: Setting CVar [[r.DOF.Scatter.BackgroundCompositing:2    ; additive background scattering]]
[2021.06.24-10.08.40:842][  0]LogConfig: Setting CVar [[r.DOF.Scatter.EnableBokehSettings:1      ; bokeh simulation when scattering]]
[2021.06.24-10.08.40:842][  0]LogConfig: Setting CVar [[r.DOF.Scatter.MaxSpriteRatio:0.1         ; only a maximum of 10% of scattered bokeh]]
[2021.06.24-10.08.40:842][  0]LogConfig: Setting CVar [[r.DOF.Recombine.Quality:1                ; cheap slight out of focus]]
[2021.06.24-10.08.40:842][  0]LogConfig: Setting CVar [[r.DOF.Recombine.EnableBokehSettings:0    ; no bokeh simulation on slight out of focus]]
[2021.06.24-10.08.40:842][  0]LogConfig: Setting CVar [[r.DOF.TemporalAAQuality:1                ; more stable temporal accumulation]]
[2021.06.24-10.08.40:842][  0]LogConfig: Setting CVar [[r.DOF.Kernel.MaxForegroundRadius:0.025]]
[2021.06.24-10.08.40:843][  0]LogConfig: Setting CVar [[r.DOF.Kernel.MaxBackgroundRadius:0.025]]
[2021.06.24-10.08.40:843][  0]LogConfig: Applying CVar settings from Section [TextureQuality@3] File [C:/Users/Ibrahim Baig/Documents/GitHub/CustomURI/CustomURI/Saved/Config/Windows/Scalability.ini]
[2021.06.24-10.08.40:843][  0]LogConfig: Setting CVar [[r.Streaming.MipBias:0]]
[2021.06.24-10.08.40:843][  0]LogConfig: Setting CVar [[r.Streaming.AmortizeCPUToGPUCopy:0]]
[2021.06.24-10.08.40:843][  0]LogConfig: Setting CVar [[r.Streaming.MaxNumTexturesToStreamPerFrame:0]]
[2021.06.24-10.08.40:843][  0]LogConfig: Setting CVar [[r.Streaming.Boost:1]]
[2021.06.24-10.08.40:843][  0]LogConfig: Setting CVar [[r.MaxAnisotropy:8]]
[2021.06.24-10.08.40:843][  0]LogConfig: Setting CVar [[r.VT.MaxAnisotropy:8]]
[2021.06.24-10.08.40:843][  0]LogConfig: Setting CVar [[r.Streaming.LimitPoolSizeToVRAM:0]]
[2021.06.24-10.08.40:843][  0]LogConfig: Setting CVar [[r.Streaming.PoolSize:1000]]
[2021.06.24-10.08.40:843][  0]LogConfig: Setting CVar [[r.Streaming.MaxEffectiveScreenSize:0]]
[2021.06.24-10.08.40:843][  0]LogConfig: Applying CVar settings from Section [EffectsQuality@3] File [C:/Users/Ibrahim Baig/Documents/GitHub/CustomURI/CustomURI/Saved/Config/Windows/Scalability.ini]
[2021.06.24-10.08.40:843][  0]LogConfig: Setting CVar [[r.TranslucencyLightingVolumeDim:64]]
[2021.06.24-10.08.40:843][  0]LogConfig: Setting CVar [[r.RefractionQuality:2]]
[2021.06.24-10.08.40:843][  0]LogConfig: Setting CVar [[r.SSR.Quality:3]]
[2021.06.24-10.08.40:843][  0]LogConfig: Setting CVar [[r.SSR.HalfResSceneColor:0]]
[2021.06.24-10.08.40:843][  0]LogConfig: Setting CVar [[r.SceneColorFormat:4]]
[2021.06.24-10.08.40:843][  0]LogConfig: Setting CVar [[r.DetailMode:2]]
[2021.06.24-10.08.40:843][  0]LogConfig: Setting CVar [[r.TranslucencyVolumeBlur:1]]
[2021.06.24-10.08.40:843][  0]LogConfig: Setting CVar [[r.MaterialQualityLevel:1 ; High quality]]
[2021.06.24-10.08.40:843][  0]LogConfig: Setting CVar [[r.SSS.Scale:1]]
[2021.06.24-10.08.40:843][  0]LogConfig: Setting CVar [[r.SSS.SampleSet:2]]
[2021.06.24-10.08.40:843][  0]LogConfig: Setting CVar [[r.SSS.Quality:1]]
[2021.06.24-10.08.40:843][  0]LogConfig: Setting CVar [[r.SSS.HalfRes:0]]
[2021.06.24-10.08.40:843][  0]LogConfig: Setting CVar [[r.SSGI.Quality:3]]
[2021.06.24-10.08.40:843][  0]LogConfig: Setting CVar [[r.EmitterSpawnRateScale:1.0]]
[2021.06.24-10.08.40:843][  0]LogConfig: Setting CVar [[r.ParticleLightQuality:2]]
[2021.06.24-10.08.40:843][  0]LogConfig: Setting CVar [[r.SkyAtmosphere.AerialPerspectiveLUT.FastApplyOnOpaque:1 ; Always have FastSkyLUT 1 in this case to avoid wrong sky]]
[2021.06.24-10.08.40:843][  0]LogConfig: Setting CVar [[r.SkyAtmosphere.AerialPerspectiveLUT.SampleCountPerSlice:1]]
[2021.06.24-10.08.40:843][  0]LogConfig: Setting CVar [[r.SkyAtmosphere.AerialPerspectiveLUT.DepthResolution:16.0]]
[2021.06.24-10.08.40:843][  0]LogConfig: Setting CVar [[r.SkyAtmosphere.FastSkyLUT:1]]
[2021.06.24-10.08.40:843][  0]LogConfig: Setting CVar [[r.SkyAtmosphere.FastSkyLUT.SampleCountMin:4.0]]
[2021.06.24-10.08.40:843][  0]LogConfig: Setting CVar [[r.SkyAtmosphere.FastSkyLUT.SampleCountMax:32.0]]
[2021.06.24-10.08.40:843][  0]LogConfig: Setting CVar [[r.SkyAtmosphere.SampleCountMin:4.0]]
[2021.06.24-10.08.40:843][  0]LogConfig: Setting CVar [[r.SkyAtmosphere.SampleCountMax:32.0]]
[2021.06.24-10.08.40:843][  0]LogConfig: Setting CVar [[r.SkyAtmosphere.TransmittanceLUT.UseSmallFormat:0]]
[2021.06.24-10.08.40:843][  0]LogConfig: Setting CVar [[r.SkyAtmosphere.TransmittanceLUT.SampleCount:10.0]]
[2021.06.24-10.08.40:843][  0]LogConfig: Setting CVar [[r.SkyAtmosphere.MultiScatteringLUT.SampleCount:15.0]]
[2021.06.24-10.08.40:843][  0]LogConfig: Applying CVar settings from Section [FoliageQuality@3] File [C:/Users/Ibrahim Baig/Documents/GitHub/CustomURI/CustomURI/Saved/Config/Windows/Scalability.ini]
[2021.06.24-10.08.40:843][  0]LogConfig: Setting CVar [[foliage.DensityScale:1.0]]
[2021.06.24-10.08.40:843][  0]LogConfig: Setting CVar [[grass.DensityScale:1.0]]
[2021.06.24-10.08.40:843][  0]LogConfig: Applying CVar settings from Section [ShadingQuality@3] File [C:/Users/Ibrahim Baig/Documents/GitHub/CustomURI/CustomURI/Saved/Config/Windows/Scalability.ini]
[2021.06.24-10.08.40:843][  0]LogConfig: Setting CVar [[r.HairStrands.SkyLighting.SampleCount:16]]
[2021.06.24-10.08.40:843][  0]LogConfig: Setting CVar [[r.HairStrands.SkyLighting.JitterIntegration:0]]
[2021.06.24-10.08.40:843][  0]LogConfig: Setting CVar [[r.HairStrands.SkyAO.SampleCount:16]]
[2021.06.24-10.08.40:843][  0]LogConfig: Setting CVar [[r.HairStrands.DeepShadow.SuperSampling:0]]
[2021.06.24-10.08.40:843][  0]LogConfig: Setting CVar [[r.HairStrands.VisibilityPPLL:0]]
[2021.06.24-10.08.40:843][  0]LogConfig: Setting CVar [[r.HairStrands.RasterizationScale:0.5]]
[2021.06.24-10.08.40:843][  0]LogConfig: Setting CVar [[r.HairStrands.VelocityRasterizationScale:1]]
[2021.06.24-10.08.40:843][  0]LogConfig: Applying CVar settings from Section [Startup] File [../../../Engine/Config/ConsoleVariables.ini]
[2021.06.24-10.08.40:844][  0]LogConfig: Setting CVar [[net.UseAdaptiveNetUpdateFrequency:0]]
[2021.06.24-10.08.40:844][  0]LogConfig: Setting CVar [[p.chaos.AllowCreatePhysxBodies:1]]
[2021.06.24-10.08.40:844][  0]LogConfig: Setting CVar [[fx.SkipVectorVMBackendOptimizations:1]]
[2021.06.24-10.08.40:844][  0]LogConfig: Applying CVar settings from Section [ConsoleVariables] File [C:/Users/Ibrahim Baig/Documents/GitHub/CustomURI/CustomURI/Saved/Config/Windows/Engine.ini]
[2021.06.24-10.08.40:845][  0]LogInit: Computer: DESKTOP-GHCILH5
[2021.06.24-10.08.40:845][  0]LogInit: User: IbrahimBaig
[2021.06.24-10.08.40:845][  0]LogInit: CPU Page size=4096, Cores=4
[2021.06.24-10.08.40:845][  0]LogInit: High frequency timer resolution =10.000000 MHz
[2021.06.24-10.08.40:845][  0]LogMemory: Memory total: Physical=15.9GB (16GB approx)
[2021.06.24-10.08.40:845][  0]LogMemory: Platform Memory Stats for Windows
[2021.06.24-10.08.40:845][  0]LogMemory: Process Physical Memory: 115.87 MB used, 115.88 MB peak
[2021.06.24-10.08.40:845][  0]LogMemory: Process Virtual Memory: 104.43 MB used, 104.43 MB peak
[2021.06.24-10.08.40:845][  0]LogMemory: Physical Memory: 8899.32 MB used,  7360.94 MB free, 16260.26 MB total
[2021.06.24-10.08.40:845][  0]LogMemory: Virtual Memory: 5154.50 MB used,  134212576.00 MB free, 134217728.00 MB total
[2021.06.24-10.08.40:852][  0]LogWindows: WindowsPlatformFeatures enabled
[2021.06.24-10.08.40:891][  0]LogInit: Physics initialised using underlying interface: PhysX
[2021.06.24-10.08.40:891][  0]LogInit: Using OS detected language (en-US).
[2021.06.24-10.08.40:891][  0]LogInit: Using OS detected locale (en-US).
[2021.06.24-10.08.40:899][  0]LogTextLocalizationManager: No specific localization for 'en-US' exists, so the 'en' localization will be used.
[2021.06.24-10.08.41:181][  0]LogSlate: New Slate User Created.  User Index 0, Is Virtual User: 0
[2021.06.24-10.08.41:181][  0]LogSlate: Slate User Registered.  User Index 0, Is Virtual User: 0
[2021.06.24-10.08.41:196][  0]LogHMD: Failed to initialize OpenVR with code 110
[2021.06.24-10.08.41:196][  0]LogD3D11RHI: D3D11 min allowed feature level: 11_0
[2021.06.24-10.08.41:196][  0]LogD3D11RHI: D3D11 max allowed feature level: 11_0
[2021.06.24-10.08.41:196][  0]LogD3D11RHI: D3D11 adapters:
[2021.06.24-10.08.41:265][  0]LogD3D11RHI:    0. 'Intel(R) Iris(TM) Pro Graphics 5200' (Feature Level 11_0)
[2021.06.24-10.08.41:266][  0]LogD3D11RHI:       112/0/2048 MB DedicatedVideo/DedicatedSystem/SharedSystem, Outputs:1, VendorId:0x8086
[2021.06.24-10.08.41:269][  0]LogD3D11RHI:    1. 'Microsoft Basic Render Driver' (Feature Level 11_0)
[2021.06.24-10.08.41:269][  0]LogD3D11RHI:       0/0/8130 MB DedicatedVideo/DedicatedSystem/SharedSystem, Outputs:0, VendorId:0x1414
[2021.06.24-10.08.41:269][  0]LogD3D11RHI: Chosen D3D11 Adapter: 0
[2021.06.24-10.08.41:283][  0]LogD3D11RHI: Creating new Direct3DDevice
[2021.06.24-10.08.41:283][  0]LogD3D11RHI:     GPU DeviceId: 0xd26 (for the marketing name, search the web for "GPU Device Id")
[2021.06.24-10.08.41:283][  0]LogWindows: EnumDisplayDevices:
[2021.06.24-10.08.41:283][  0]LogWindows:    0. 'Intel(R) Iris(TM) Pro Graphics 5200' (P:1 D:1)
[2021.06.24-10.08.41:284][  0]LogWindows:    1. 'Intel(R) Iris(TM) Pro Graphics 5200' (P:0 D:0)
[2021.06.24-10.08.41:284][  0]LogWindows:    2. 'Intel(R) Iris(TM) Pro Graphics 5200' (P:0 D:0)
[2021.06.24-10.08.41:285][  0]LogWindows: DebugString: FoundDriverCount:3 
[2021.06.24-10.08.41:285][  0]LogD3D11RHI:     Adapter Name: Intel(R) Iris(TM) Pro Graphics 5200
[2021.06.24-10.08.41:285][  0]LogD3D11RHI:   Driver Version: 20.19.15.4531 (internal:20.19.15.4531, unified:20.19.15.4531)
[2021.06.24-10.08.41:285][  0]LogD3D11RHI:      Driver Date: 9-29-2016
[2021.06.24-10.08.41:285][  0]LogRHI: Texture pool is 795 MB (70% of 1136 MB)
[2021.06.24-10.08.41:298][  0]LogD3D11RHI: RHI does not have support for 64 bit atomics
[2021.06.24-10.08.41:298][  0]LogD3D11RHI: Async texture creation enabled
[2021.06.24-10.08.41:298][  0]LogD3D11RHI: Array index from any shader is supported
[2021.06.24-10.08.41:311][  0]LogD3D11RHI: GPU Timing Frequency: 12.500000 (Debug: 2 0)
[2021.06.24-10.08.41:806][  0]LogTargetPlatformManager: Display: Loaded TargetPlatform 'WindowsNoEditor'
[2021.06.24-10.08.41:813][  0]LogTargetPlatformManager: Display: Loaded TargetPlatform 'Windows'
[2021.06.24-10.08.41:828][  0]LogTargetPlatformManager: Display: Loaded TargetPlatform 'WindowsClient'
[2021.06.24-10.08.41:842][  0]LogTargetPlatformManager: Display: Loaded TargetPlatform 'WindowsServer'
[2021.06.24-10.08.41:842][  0]LogTargetPlatformManager: Display: Building Assets For Windows
[2021.06.24-10.08.41:851][  0]LogAudioDebug: Display: Lib vorbis DLL was dynamically loaded.
[2021.06.24-10.08.41:946][  0]LogShaderCompilers: Guid format shader working directory is -20 characters bigger than the processId version (../../../../../../Users/Ibrahim Baig/Documents/GitHub/CustomURI/CustomURI/Intermediate/Shaders/WorkingDirectory/9648/).
[2021.06.24-10.08.41:946][  0]LogShaderCompilers: Cleaned the shader compiler working directory 'C:/Users/Ibrahim Baig/AppData/Local/Temp/UnrealShaderWorkingDir/B292AF87443A6B4F7EDD0E983A234E67/'.
[2021.06.24-10.08.41:947][  0]LogXGEController: Cannot use XGE Controller as Incredibuild is not installed on this machine.
[2021.06.24-10.08.41:947][  0]LogShaderCompilers: Cannot use XGE Shader Compiler as Incredibuild is not installed on this machine.
[2021.06.24-10.08.41:947][  0]LogShaderCompilers: Display: Using Local Shader Compiler.
[2021.06.24-10.08.43:216][  0]LogDerivedDataCache: Display: Max Cache Size: 512 MB
[2021.06.24-10.08.43:285][  0]LogDerivedDataCache: Loaded boot cache 0.07s 76MB C:/Users/Ibrahim Baig/AppData/Local/UnrealEngine/4.25/DerivedDataCache/Boot.ddc.
[2021.06.24-10.08.43:285][  0]LogDerivedDataCache: Display: Loaded Boot cache: C:/Users/Ibrahim Baig/AppData/Local/UnrealEngine/4.25/DerivedDataCache/Boot.ddc
[2021.06.24-10.08.43:285][  0]LogDerivedDataCache: FDerivedDataBackendGraph:  Pak pak cache file ../../../../../../Users/Ibrahim Baig/Documents/GitHub/CustomURI/CustomURI/DerivedDataCache/DDC.ddp not found, will not use a pak cache.
[2021.06.24-10.08.43:285][  0]LogDerivedDataCache: Unable to find inner node Pak for hierarchical cache Hierarchy.
[2021.06.24-10.08.43:285][  0]LogDerivedDataCache: FDerivedDataBackendGraph:  CompressedPak pak cache file ../../../../../../Users/Ibrahim Baig/Documents/GitHub/CustomURI/CustomURI/DerivedDataCache/Compressed.ddp not found, will not use a pak cache.
[2021.06.24-10.08.43:285][  0]LogDerivedDataCache: Unable to find inner node CompressedPak for hierarchical cache Hierarchy.
[2021.06.24-10.08.43:299][  0]LogDerivedDataCache: Display: Pak cache opened for reading ../../../Engine/DerivedDataCache/Compressed.ddp.
[2021.06.24-10.08.43:299][  0]LogDerivedDataCache: FDerivedDataBackendGraph:  EnterprisePak pak cache file ../../../Enterprise/DerivedDataCache/Compressed.ddp not found, will not use a pak cache.
[2021.06.24-10.08.43:299][  0]LogDerivedDataCache: Unable to find inner node EnterprisePak for hierarchical cache Hierarchy.
[2021.06.24-10.08.43:302][  0]LogDerivedDataCache: Using Local data cache path C:/Users/Ibrahim Baig/AppData/Local/UnrealEngine/Common/DerivedDataCache: Writable
[2021.06.24-10.08.43:302][  0]LogDerivedDataCache: Shared data cache path not found in *engine.ini, will not use an Shared cache.
[2021.06.24-10.08.43:302][  0]LogDerivedDataCache: Unable to find inner node Shared for hierarchical cache Hierarchy.
[2021.06.24-10.08.43:372][  0]LogSlate: Using FreeType 2.10.0
[2021.06.24-10.08.43:372][  0]LogSlate: SlateFontServices - WITH_FREETYPE: 1, WITH_HARFBUZZ: 1
[2021.06.24-10.08.43:514][  0]LogInit: Using OS detected language (en-US).
[2021.06.24-10.08.43:514][  0]LogInit: Using OS detected locale (en-US).
[2021.06.24-10.08.43:514][  0]LogTextLocalizationManager: No localization for 'en-US' exists, so 'en' will be used for the language.
[2021.06.24-10.08.43:514][  0]LogTextLocalizationManager: No localization for 'en-US' exists, so 'en' will be used for the locale.
[2021.06.24-10.08.43:514][  0]LogSlate: FontCache flush requested. Reason: Culture for localization was changed
[2021.06.24-10.08.43:514][  0]LogSlate: FontCache flush requested. Reason: Culture for localization was changed
[2021.06.24-10.08.43:516][  0]LogTextLocalizationManager: Compacting localization data took   0.00ms
[2021.06.24-10.08.43:520][  0]LogAssetRegistry: FAssetRegistry took 0.0030 seconds to start up
[2021.06.24-10.08.43:782][  0]LogPackageLocalizationCache: Processed 21 localized package path(s) for 1 prioritized culture(s) in 0.001322 seconds
[2021.06.24-10.08.43:847][  0]LogInit: Selected Device Profile: [Windows]
[2021.06.24-10.08.44:005][  0]LogMeshReduction: Using QuadricMeshReduction for automatic static mesh reduction
[2021.06.24-10.08.44:005][  0]LogMeshReduction: Using SimplygonMeshReduction for automatic skeletal mesh reduction
[2021.06.24-10.08.44:006][  0]LogMeshReduction: Using ProxyLODMeshReduction for automatic mesh merging
[2021.06.24-10.08.44:006][  0]LogMeshReduction: No distributed automatic mesh merging module available
[2021.06.24-10.08.44:006][  0]LogMeshMerging: No distributed automatic mesh merging module available
[2021.06.24-10.08.44:027][  0]LogNetVersion: CustomURI 1.0.0, NetCL: 13144385, EngineNetVer: 14, GameNetVer: 0 (Checksum: 3612037433)
[2021.06.24-10.08.44:379][  0]LogAISub: UAISubsystem::UAISubsystem AISubsystem (000001D1EC9AF840), frame # 0
[2021.06.24-10.08.44:379][  0]LogAISub: UAISubsystem::UAISubsystem AIPerceptionSystem (000001D1EC9B96C0), frame # 0
[2021.06.24-10.08.44:381][  0]LogAISub: UAISubsystem::UAISubsystem EnvQueryManager (000001D1ECA1CC00), frame # 0
[2021.06.24-10.08.44:499][  0]LogCollectionManager: Loaded 0 collections in 0.002284 seconds
[2021.06.24-10.08.44:501][  0]LogFileCache: Scanning file cache for directory 'C:/Users/Ibrahim Baig/Documents/GitHub/CustomURI/CustomURI/Saved/Collections/' took 0.00s
[2021.06.24-10.08.44:501][  0]LogFileCache: Scanning file cache for directory 'C:/Users/Ibrahim Baig/Documents/GitHub/CustomURI/CustomURI/Content/Developers/IbrahimBaig/Collections/' took 0.00s
[2021.06.24-10.08.44:502][  0]LogFileCache: Scanning file cache for directory 'C:/Users/Ibrahim Baig/Documents/GitHub/CustomURI/CustomURI/Content/Collections/' took 0.00s
[2021.06.24-10.08.44:502][  0]LogCollectionManager: Fixed up redirectors for 0 collections in 0.000004 seconds (updated 0 objects)
[2021.06.24-10.08.44:575][  0]LogMoviePlayer: Initializing movie player
[2021.06.24-10.08.44:771][  0]LogTcpMessaging: Initializing TcpMessaging bridge
[2021.06.24-10.08.44:775][  0]LogUdpMessaging: Initializing bridge on interface 0.0.0.0:0 to multicast group 230.0.0.1:6666.
[2021.06.24-10.08.44:871][  0]SourceControl: Source control is disabled
[2021.06.24-10.08.44:871][  0]SourceControl: Source control is disabled
[2021.06.24-10.08.44:880][  0]SourceControl: Source control is disabled
[2021.06.24-10.08.45:037][  0]LogAndroidPermission: UAndroidPermissionCallbackProxy::GetInstance
[2021.06.24-10.08.45:059][  0]LogAudioCaptureCore: Display: No Audio Capture implementations found. Audio input will be silent.
[2021.06.24-10.08.45:059][  0]LogAudioCaptureCore: Display: No Audio Capture implementations found. Audio input will be silent.
[2021.06.24-10.08.45:117][  0]LogOcInput: OculusInput pre-init called
[2021.06.24-10.08.45:182][  0]LogUObjectArray: 19665 objects as part of root set at end of initial load.
[2021.06.24-10.08.45:182][  0]LogUObjectAllocator: 5188288 out of 0 bytes used by permanent object pool.
[2021.06.24-10.08.45:182][  0]LogUObjectArray: CloseDisregardForGC: 0/0 objects in disregard for GC pool
[2021.06.24-10.08.45:240][  0]LogClass: Warning: FLevelStreamInstanceInfo::Location is not initialized properly
[2021.06.24-10.08.45:240][  0]LogClass: Warning: FLevelStreamInstanceInfo::Rotation is not initialized properly
[2021.06.24-10.08.45:240][  0]LogClass: Warning: BoolProperty FLevelStreamInstanceInfo::bShouldBeLoaded is not initialized properly
[2021.06.24-10.08.45:240][  0]LogClass: Warning: BoolProperty FLevelStreamInstanceInfo::bShouldBeVisible is not initialized properly
[2021.06.24-10.08.45:240][  0]LogClass: Warning: BoolProperty FLevelStreamInstanceInfo::bShouldBlockOnLoad is not initialized properly
[2021.06.24-10.08.45:240][  0]LogClass: Warning: FLevelStreamInstanceInfo::LODIndex is not initialized properly
[2021.06.24-10.08.45:240][  0]LogClass: Warning: BoolProperty FVictoryInput::bShift is not initialized properly
[2021.06.24-10.08.45:240][  0]LogClass: Warning: BoolProperty FVictoryInput::bCtrl is not initialized properly
[2021.06.24-10.08.45:240][  0]LogClass: Warning: BoolProperty FVictoryInput::bAlt is not initialized properly
[2021.06.24-10.08.45:240][  0]LogClass: Warning: BoolProperty FVictoryInput::bCmd is not initialized properly
[2021.06.24-10.08.45:240][  0]LogClass: Display: 10 Uninitialized script stuct members found
[2021.06.24-10.08.45:241][  0]LogAutomationTest: Warning: FLevelStreamInstanceInfo::Location is not initialized properly
[2021.06.24-10.08.45:241][  0]LogAutomationTest: Warning: FLevelStreamInstanceInfo::Rotation is not initialized properly
[2021.06.24-10.08.45:241][  0]LogAutomationTest: Warning: BoolProperty FLevelStreamInstanceInfo::bShouldBeLoaded is not initialized properly
[2021.06.24-10.08.45:241][  0]LogAutomationTest: Warning: BoolProperty FLevelStreamInstanceInfo::bShouldBeVisible is not initialized properly
[2021.06.24-10.08.45:241][  0]LogAutomationTest: Warning: BoolProperty FLevelStreamInstanceInfo::bShouldBlockOnLoad is not initialized properly
[2021.06.24-10.08.45:241][  0]LogAutomationTest: Warning: FLevelStreamInstanceInfo::LODIndex is not initialized properly
[2021.06.24-10.08.45:241][  0]LogAutomationTest: Warning: BoolProperty FVictoryInput::bShift is not initialized properly
[2021.06.24-10.08.45:241][  0]LogAutomationTest: Warning: BoolProperty FVictoryInput::bCtrl is not initialized properly
[2021.06.24-10.08.45:241][  0]LogAutomationTest: Warning: BoolProperty FVictoryInput::bAlt is not initialized properly
[2021.06.24-10.08.45:241][  0]LogAutomationTest: Warning: BoolProperty FVictoryInput::bCmd is not initialized properly
[2021.06.24-10.08.45:241][  0]LogEngine: Initializing Engine...
[2021.06.24-10.08.45:244][  0]LogHMD: Failed to initialize OpenVR with code 110
[2021.06.24-10.08.45:244][  0]LogMagicLeap: Warning: VR disabled because ZI is not enabled.  To enable, in the editor, Edit -> Project Settings -> Plugins -> Magic Leap Plugin -> Enable Zero Iteration
[2021.06.24-10.08.45:246][  0]LogStats: UGameplayTagsManager::InitializeManager -  0.000 s
[2021.06.24-10.08.45:361][  0]LogInit: Initializing FReadOnlyCVARCache
[2021.06.24-10.08.45:366][  0]LogAudioMixer: Display: Audio Mixer Platform Settings:
[2021.06.24-10.08.45:366][  0]LogAudioMixer: Display: 	Sample Rate:						  48000
[2021.06.24-10.08.45:366][  0]LogAudioMixer: Display: 	Callback Buffer Frame Size Requested: 1024
[2021.06.24-10.08.45:366][  0]LogAudioMixer: Display: 	Callback Buffer Frame Size To Use:	  1024
[2021.06.24-10.08.45:366][  0]LogAudioMixer: Display: 	Number of buffers to queue:			  2
[2021.06.24-10.08.45:366][  0]LogAudioMixer: Display: 	Max Channels (voices):				  32
[2021.06.24-10.08.45:366][  0]LogAudioMixer: Display: 	Number of Async Source Workers:		  0
[2021.06.24-10.08.45:366][  0]LogAudio: Display: AudioDevice MaxSources: 32
[2021.06.24-10.08.45:366][  0]LogAudio: Display: Using built-in audio occlusion.
[2021.06.24-10.08.45:366][  0]LogAudioMixer: Display: Initializing audio mixer.
[2021.06.24-10.08.45:383][  0]LogAudioMixer: Display: 0: FrontLeft
[2021.06.24-10.08.45:383][  0]LogAudioMixer: Display: 1: FrontRight
[2021.06.24-10.08.45:383][  0]LogAudioMixer: Display: 2: BackLeft
[2021.06.24-10.08.45:383][  0]LogAudioMixer: Display: 3: BackRight
[2021.06.24-10.08.45:418][  0]LogAudioMixer: Display: Using Audio Device Speakers (Cirrus Logic CS4208 (AB 128))
[2021.06.24-10.08.45:426][  0]LogAudioMixer: Display: Initializing Sound Submixes...
[2021.06.24-10.08.45:428][  0]LogAudioMixer: Display: Creating Master Submix 'MasterSubmixDefault'
[2021.06.24-10.08.45:428][  0]LogAudioMixer: Display: Creating Master Submix 'MasterReverbSubmixDefault'
[2021.06.24-10.08.45:430][  0]LogAudioMixer: Display: Creating Master Submix 'MasterEQSubmixDefault'
[2021.06.24-10.08.45:431][  0]LogInit: FAudioDevice initialized.
[2021.06.24-10.08.45:433][  0]LogNetVersion: Set ProjectVersion to 1.0.0.0. Version Checksum will be recalculated on next use.
[2021.06.24-10.08.45:439][  0]LogInit: Texture streaming: Enabled
[2021.06.24-10.08.45:547][  0]LogBlueprintUserMessages: [MyGameInstance_C_0] C:\Program Files\Epic Games\UE_4.25\Engine\Binaries\Win64\UE4Editor.exe
[2021.06.24-10.08.45:549][  0]LogSlate: Updating window title bar state: overlay mode, drag disabled, window buttons hidden, title bar hidden
[2021.06.24-10.08.45:550][  0]LogInit: Display: Game Engine Initialized.
[2021.06.24-10.08.45:551][  0]LogNiagaraEditor: Warning: GEditor isn't valid! Particle reset commands will not work for Niagara components!
[2021.06.24-10.08.45:585][  0]LogInit: Display: Starting Game.
[2021.06.24-10.08.45:585][  0]LogNet: Browse: /Game/HomeScreen?Name=Player
[2021.06.24-10.08.45:585][  0]LogLoad: LoadMap: /Game/HomeScreen?Name=Player
[2021.06.24-10.08.45:585][  0]LogWorld: BeginTearingDown for /Temp/Untitled_0
[2021.06.24-10.08.45:588][  0]LogWorld: UWorld::CleanupWorld for Untitled, bSessionEnded=true, bCleanupResources=true
[2021.06.24-10.08.45:588][  0]LogSlate: InvalidateAllWidgets triggered.  All widgets were invalidated
[2021.06.24-10.08.45:601][  0]LogUObjectHash: Compacting FUObjectHashTables data took   1.39ms
[2021.06.24-10.08.45:607][  0]LogUObjectGlobals: Warning: Failed to load '/Script/CheckAppInstance': Can't find file.
[2021.06.24-10.08.45:607][  0]LogUObjectGlobals: Warning: Failed to load '/Script/CheckAppInstance': Can't find file.
[2021.06.24-10.08.45:607][  0]LogUObjectGlobals: Warning: Failed to load '/Script/CheckAppInstance': Can't find file.
[2021.06.24-10.08.45:608][  0]LogUObjectGlobals: Warning: Failed to load '/Script/CheckAppInstance': Can't find file.
[2021.06.24-10.08.45:707][  0]LogAIModule: Creating AISystem for world HomeScreen
[2021.06.24-10.08.45:707][  0]LogAISub: UAISubsystem::UAISubsystem EnvQueryManager (000001D1F1F27400), frame # 0
[2021.06.24-10.08.45:707][  0]LogAISub: UAISubsystem::UAISubsystem AIPerceptionSystem (000001D1F213CB80), frame # 0
[2021.06.24-10.08.45:707][  0]LogLoad: Game class is 'MM_GameMode_C'
[2021.06.24-10.08.45:710][  0]LogWorld: Bringing World /Game/HomeScreen.HomeScreen up for play (max tick rate 0) at 2021.06.24-15.08.45
[2021.06.24-10.08.45:710][  0]LogWorld: Bringing up level for play took: 0.002312
[2021.06.24-10.08.45:716][  0]LogBlueprintUserMessages: [HomeScreen_C_3]  /Game/HomeScreen -game -PIEVIACONSOLE -Multiprocess "GameUserSettingsINI=C:/Users/Ibrahim Baig/Documents/GitHub/CustomURI/CustomURI/Saved/Config/Windows/PIEGameUserSettings0.ini" -MultiprocessSaveConfig -MultiprocessOSS -messaging -SessionName="Play in Standalone Game" -windowed -ResX=1280 -ResY=720
[2021.06.24-10.08.45:716][  0]LogBlueprintUserMessages: [HomeScreen_C_3] FAILED
[2021.06.24-10.08.45:723][  0]LogLoad: Took 0.138411 seconds to LoadMap(/Game/HomeScreen)
[2021.06.24-10.08.45:740][  0]LogRenderer: Reallocating scene render targets to support 1280x720 Format 10 NumSamples 1 (Frame:1).
[2021.06.24-10.08.45:740][  0]LogSlate: Took 0.000228 seconds to synchronously load lazily loaded font '../../../Engine/Content/Slate/Fonts/Roboto-Regular.ttf' (155K)
[2021.06.24-10.08.45:764][  0]LogLoad: (Engine Initialization) Total time: 7.28 seconds
[2021.06.24-10.08.45:765][  0]LogLoad: (Engine Initialization) Total Blueprint compile time: 0.00 seconds
[2021.06.24-10.08.46:269][  0]LogContentStreaming: Texture pool size now 1000 MB
[2021.06.24-10.08.46:673][  0]LogRenderer: Reallocating scene render targets to support 824x464 Format 10 NumSamples 1 (Frame:3).
[2021.06.24-10.08.46:673][  0]LogSlate: InvalidateAllWidgets triggered.  All widgets were invalidated
[2021.06.24-10.08.46:720][  1]LogSlate: Took 0.000225 seconds to synchronously load lazily loaded font '../../../Engine/Content/Slate/Fonts/Roboto-Regular.ttf' (155K)
[2021.06.24-10.08.56:249][551]LogRenderer: Reallocating scene render targets to support 1588x892 Format 10 NumSamples 1 (Frame:554).
[2021.06.24-10.09.25:338][226]LogSlate: Window 'CustomURI (64-bit Development PCD3D_SM5) ' being destroyed
[2021.06.24-10.09.25:340][226]LogWindowsTextInputMethodSystem: Display: IME system now deactivated.
[2021.06.24-10.09.25:348][226]LogWindowsTextInputMethodSystem: Display: IME system now deactivated.
[2021.06.24-10.09.25:353][226]LogSlate: Updating window title bar state: overlay mode, drag disabled, window buttons hidden, title bar hidden
[2021.06.24-10.09.25:354][226]LogEngine: All Windows Closed
[2021.06.24-10.09.25:354][226]LogWindows: FPlatformMisc::RequestExit(0)
[2021.06.24-10.09.25:354][226]LogCore: Engine exit requested (reason: Win RequestExit)
[2021.06.24-10.09.25:354][227]LogCore: Engine exit requested (reason: EngineExit() was called; note: exit was already requested)
[2021.06.24-10.09.25:357][227]LogAudio: Display: Shutting down audio device while 2 references to it are still alive. For more information, compile with INSTRUMENT_AUDIODEVICE_HANDLES.
[2021.06.24-10.09.25:388][227]LogInit: Display: PreExit Game.
[2021.06.24-10.09.25:475][227]LogWorld: BeginTearingDown for /Game/HomeScreen
[2021.06.24-10.09.25:475][227]LogWorld: UWorld::CleanupWorld for HomeScreen, bSessionEnded=true, bCleanupResources=true
[2021.06.24-10.09.25:476][227]LogSlate: InvalidateAllWidgets triggered.  All widgets were invalidated
[2021.06.24-10.09.26:280][227]LogExit: Preparing to exit.
[2021.06.24-10.09.26:801][227]LogMoviePlayer: Shutting down movie player
[2021.06.24-10.09.26:928][227]LogSlate: Updating window title bar state: overlay mode, drag disabled, window buttons hidden, title bar hidden
[2021.06.24-10.09.26:931][227]LogDemo: Cleaned up 0 splitscreen connections with owner deletion
[2021.06.24-10.09.26:937][227]LogExit: Game engine shut down
[2021.06.24-10.09.26:964][227]LogAISub: UAISubsystem::~UAISubsystem AISubsystem (000001D1EC9AF840), frame # 1227
[2021.06.24-10.09.26:964][227]LogAISub: UAISubsystem::~UAISubsystem AIPerceptionSystem (000001D1EC9B96C0), frame # 1227
[2021.06.24-10.09.26:965][227]LogAISub: UAISubsystem::~UAISubsystem EnvQueryManager (000001D1ECA1CC00), frame # 1227
[2021.06.24-10.09.26:977][227]LogAISub: UAISubsystem::~UAISubsystem EnvQueryManager (000001D1F1F27400), frame # 1227
[2021.06.24-10.09.26:977][227]LogAISub: UAISubsystem::~UAISubsystem AIPerceptionSystem (000001D1F213CB80), frame # 1227
[2021.06.24-10.09.27:015][227]LogExit: Object subsystem successfully closed.
[2021.06.24-10.09.27:035][227]LogShaderCompilers: Display: Shaders left to compile 0
[2021.06.24-10.09.27:084][227]LogModuleManager: Shutting down and abandoning module SequenceRecorderSections (522)
[2021.06.24-10.09.27:084][227]LogModuleManager: Shutting down and abandoning module SequenceRecorder (520)
[2021.06.24-10.09.27:084][227]LogModuleManager: Shutting down and abandoning module AutomationController (518)
[2021.06.24-10.09.27:084][227]LogModuleManager: Shutting down and abandoning module AutomationWorker (516)
[2021.06.24-10.09.27:084][227]LogModuleManager: Shutting down and abandoning module Voice (514)
[2021.06.24-10.09.27:084][227]LogModuleManager: Shutting down and abandoning module AIModule (512)
[2021.06.24-10.09.27:084][227]LogModuleManager: Shutting down and abandoning module GameplayDebugger (511)
[2021.06.24-10.09.27:084][227]LogModuleManager: Shutting down and abandoning module AITestSuite (509)
[2021.06.24-10.09.27:084][227]LogModuleManager: Shutting down and abandoning module NavigationSystem (507)
[2021.06.24-10.09.27:084][227]LogModuleManager: Shutting down and abandoning module OculusMR (504)
[2021.06.24-10.09.27:084][227]LogModuleManager: Shutting down and abandoning module WmfMediaFactory (502)
[2021.06.24-10.09.27:084][227]LogModuleManager: Shutting down and abandoning module WebMMediaFactory (500)
[2021.06.24-10.09.27:085][227]LogModuleManager: Shutting down and abandoning module WebMMedia (498)
[2021.06.24-10.09.27:085][227]LogModuleManager: Shutting down and abandoning module OpenExrWrapper (496)
[2021.06.24-10.09.27:085][227]LogModuleManager: Shutting down and abandoning module ImgMediaFactory (494)
[2021.06.24-10.09.27:085][227]LogModuleManager: Shutting down and abandoning module AvfMediaFactory (492)
[2021.06.24-10.09.27:085][227]LogModuleManager: Shutting down and abandoning module MagicLeapMediaCodecFactory (490)
[2021.06.24-10.09.27:085][227]LogModuleManager: Shutting down and abandoning module MagicLeapMediaFactory (488)
[2021.06.24-10.09.27:085][227]LogModuleManager: Shutting down and abandoning module PlanarCut (486)
[2021.06.24-10.09.27:085][227]LogModuleManager: Shutting down and abandoning module CharacterAI (484)
[2021.06.24-10.09.27:085][227]LogModuleManager: Shutting down and abandoning module SessionServices (482)
[2021.06.24-10.09.27:085][227]LogModuleManager: Shutting down and abandoning module MovieSceneCapture (480)
[2021.06.24-10.09.27:085][227]LogModuleManager: Shutting down and abandoning module LiveCoding (478)
[2021.06.24-10.09.27:085][227]LogModuleManager: Shutting down and abandoning module LevelSequence (476)
[2021.06.24-10.09.27:085][227]LogModuleManager: Shutting down and abandoning module MovieSceneTracks (474)
[2021.06.24-10.09.27:085][227]LogModuleManager: Shutting down and abandoning module MovieScene (472)
[2021.06.24-10.09.27:085][227]LogModuleManager: Shutting down and abandoning module StreamingPauseRendering (470)
[2021.06.24-10.09.27:085][227]LogModuleManager: Shutting down and abandoning module PortalServices (468)
[2021.06.24-10.09.27:085][227]LogModuleManager: Shutting down and abandoning module PortalRpc (466)
[2021.06.24-10.09.27:085][227]LogModuleManager: Shutting down and abandoning module MessagingRpc (464)
[2021.06.24-10.09.27:085][227]LogModuleManager: Shutting down and abandoning module AudioMixerXAudio2 (462)
[2021.06.24-10.09.27:085][227]LogModuleManager: Shutting down and abandoning module AudioMixerCore (461)
[2021.06.24-10.09.27:085][227]LogModuleManager: Shutting down and abandoning module ProfilerService (458)
[2021.06.24-10.09.27:289][227]LogModuleManager: Shutting down and abandoning module TaskGraph (456)
[2021.06.24-10.09.27:289][227]LogModuleManager: Shutting down and abandoning module VRMBAPlugin (454)
[2021.06.24-10.09.27:289][227]LogModuleManager: Shutting down and abandoning module TestPlugin (452)
[2021.06.24-10.09.27:289][227]LogModuleManager: Shutting down and abandoning module Synthesis (450)
[2021.06.24-10.09.27:290][227]LogModuleManager: Shutting down and abandoning module ProceduralMeshComponent (448)
[2021.06.24-10.09.27:290][227]LogModuleManager: Shutting down and abandoning module OculusInput (446)
[2021.06.24-10.09.27:290][227]LogModuleManager: Shutting down and abandoning module MobilePatchingUtils (444)
[2021.06.24-10.09.27:290][227]LogModuleManager: Shutting down and abandoning module GooglePAD (442)
[2021.06.24-10.09.27:290][227]LogModuleManager: Shutting down and abandoning module EditableMesh (440)
[2021.06.24-10.09.27:290][227]LogModuleManager: Shutting down and abandoning module CustomMeshComponent (438)
[2021.06.24-10.09.27:290][227]LogModuleManager: Shutting down and abandoning module CableComponent (436)
[2021.06.24-10.09.27:290][227]LogModuleManager: Shutting down and abandoning module AudioCapture (434)
[2021.06.24-10.09.27:290][227]LogModuleManager: Shutting down and abandoning module AudioCaptureRtAudio (433)
[2021.06.24-10.09.27:290][227]LogModuleManager: Shutting down and abandoning module AssetTags (430)
[2021.06.24-10.09.27:290][227]LogModuleManager: Shutting down and abandoning module ArchVisCharacter (428)
[2021.06.24-10.09.27:290][227]LogModuleManager: Shutting down and abandoning module AppleImageUtilsBlueprintSupport (426)
[2021.06.24-10.09.27:290][227]LogModuleManager: Shutting down and abandoning module AppleImageUtils (424)
[2021.06.24-10.09.27:290][227]LogModuleManager: Shutting down and abandoning module AndroidPermission (422)
[2021.06.24-10.09.27:290][227]LogModuleManager: Shutting down and abandoning module NUTUnrealEngine4 (420)
[2021.06.24-10.09.27:290][227]LogModuleManager: Shutting down and abandoning module NetcodeUnitTest (418)
[2021.06.24-10.09.27:291][227]LogModuleManager: Shutting down and abandoning module TemplateSequence (416)
[2021.06.24-10.09.27:291][227]LogModuleManager: Shutting down and abandoning module MovieRenderPipelineRenderPasses (414)
[2021.06.24-10.09.27:291][227]LogModuleManager: Shutting down and abandoning module MovieRenderPipelineSettings (412)
[2021.06.24-10.09.27:291][227]LogModuleManager: Shutting down and abandoning module MovieRenderPipelineCore (410)
[2021.06.24-10.09.27:291][227]LogModuleManager: Shutting down and abandoning module ImageWriteQueue (409)
[2021.06.24-10.09.27:291][227]LogModuleManager: Shutting down and abandoning module MediaCompositing (406)
[2021.06.24-10.09.27:291][227]LogModuleManager: Shutting down and abandoning module ImgMedia (404)
[2021.06.24-10.09.27:291][227]LogModuleManager: Shutting down and abandoning module MagicLeapSharedWorld (402)
[2021.06.24-10.09.27:291][227]LogModuleManager: Shutting down and abandoning module MagicLeapLightEstimation (400)
[2021.06.24-10.09.27:291][227]LogModuleManager: Shutting down and abandoning module MagicLeapHelperVulkan (398)
[2021.06.24-10.09.27:291][227]LogModuleManager: Shutting down and abandoning module MagicLeapHelperOpenGL (396)
[2021.06.24-10.09.27:291][227]LogModuleManager: Shutting down and abandoning module MagicLeapAudio (394)
[2021.06.24-10.09.27:291][227]LogModuleManager: Shutting down and abandoning module MeshSolverUtilities (392)
[2021.06.24-10.09.27:292][227]LogModuleManager: Shutting down and abandoning module MeshConversion (390)
[2021.06.24-10.09.27:292][227]LogModuleManager: Shutting down and abandoning module DynamicMesh (388)
[2021.06.24-10.09.27:292][227]LogModuleManager: Shutting down and abandoning module GeometryAlgorithms (386)
[2021.06.24-10.09.27:292][227]LogModuleManager: Shutting down and abandoning module GeometricObjects (384)
[2021.06.24-10.09.27:293][227]LogModuleManager: Shutting down and abandoning module GeometryCollectionTracks (382)
[2021.06.24-10.09.27:293][227]LogModuleManager: Shutting down and abandoning module GeometryCollectionSequencer (381)
[2021.06.24-10.09.27:293][227]LogModuleManager: Shutting down and abandoning module GeometryCacheTracks (378)
[2021.06.24-10.09.27:293][227]LogModuleManager: Shutting down and abandoning module GeometryCacheSequencer (377)
[2021.06.24-10.09.27:293][227]LogModuleManager: Shutting down and abandoning module GeometryCache (374)
[2021.06.24-10.09.27:293][227]LogModuleManager: Shutting down and abandoning module GeometryCacheEd (373)
[2021.06.24-10.09.27:293][227]LogModuleManager: Shutting down and abandoning module ChaosNiagara (370)
[2021.06.24-10.09.27:293][227]LogModuleManager: Shutting down and abandoning module ChaosCloth (368)
[2021.06.24-10.09.27:293][227]LogModuleManager: Shutting down and abandoning module BackChannel (366)
[2021.06.24-10.09.27:293][227]LogModuleManager: Shutting down and abandoning module AutomationUtils (364)
[2021.06.24-10.09.27:294][227]LogModuleManager: Shutting down and abandoning module VisualStudioSourceCodeAccess (362)
[2021.06.24-10.09.27:294][227]LogModuleManager: Shutting down and abandoning module HotReload (361)
[2021.06.24-10.09.27:294][227]LogModuleManager: Shutting down and abandoning module VisualStudioCodeSourceCodeAccess (358)
[2021.06.24-10.09.27:294][227]LogModuleManager: Shutting down and abandoning module UObjectPlugin (356)
[2021.06.24-10.09.27:294][227]LogModuleManager: Shutting down and abandoning module SubversionSourceControl (354)
[2021.06.24-10.09.27:294][227]LogModuleManager: Shutting down and abandoning module RiderSourceCodeAccess (352)
[2021.06.24-10.09.27:294][227]LogModuleManager: Shutting down and abandoning module PerforceSourceControl (350)
[2021.06.24-10.09.27:294][227]LogModuleManager: Shutting down and abandoning module SourceControl (349)
[2021.06.24-10.09.27:294][227]LogModuleManager: Shutting down and abandoning module CLionSourceCodeAccess (346)
[2021.06.24-10.09.27:294][227]LogModuleManager: Shutting down and abandoning module ActorLayerUtilities (344)
[2021.06.24-10.09.27:294][227]LogModuleManager: Shutting down and abandoning module CustomURI (342)
[2021.06.24-10.09.27:294][227]LogModuleManager: Shutting down and abandoning module VictoryBPLibrary (340)
[2021.06.24-10.09.27:294][227]LogModuleManager: Shutting down and abandoning module AdvancedSteamSessions (338)
[2021.06.24-10.09.27:294][227]LogModuleManager: Shutting down and abandoning module AdvancedSessions (336)
[2021.06.24-10.09.27:294][227]LogModuleManager: Shutting down and abandoning module SoundFields (334)
[2021.06.24-10.09.27:294][227]LogModuleManager: Shutting down and abandoning module SignificanceManager (332)
[2021.06.24-10.09.27:294][227]LogModuleManager: Shutting down and abandoning module RuntimePhysXCooking (330)
[2021.06.24-10.09.27:294][227]LogModuleManager: Shutting down and abandoning module PhysXVehiclesEditor (328)
[2021.06.24-10.09.27:294][227]LogModuleManager: Shutting down and abandoning module LocationServicesBPLibrary (324)
[2021.06.24-10.09.27:294][227]LogModuleManager: Shutting down and abandoning module ApexDestructionEditor (322)
[2021.06.24-10.09.27:295][227]LogModuleManager: Shutting down and abandoning module ApexDestruction (320)
[2021.06.24-10.09.27:295][227]LogModuleManager: Shutting down and abandoning module ActorSequence (318)
[2021.06.24-10.09.27:295][227]LogModuleManager: Shutting down and abandoning module UdpMessaging (316)
[2021.06.24-10.09.27:396][227]LogModuleManager: Shutting down and abandoning module TcpMessaging (314)
[2021.06.24-10.09.27:794][227]LogModuleManager: Shutting down and abandoning module MagicLeapARPin (312)
[2021.06.24-10.09.27:794][227]LogModuleManager: Shutting down and abandoning module MagicLeapHandMeshing (310)
[2021.06.24-10.09.27:794][227]LogModuleManager: Shutting down and abandoning module MagicLeapSecureStorage (308)
[2021.06.24-10.09.27:794][227]LogModuleManager: Shutting down and abandoning module MagicLeapPrivileges (306)
[2021.06.24-10.09.27:794][227]LogModuleManager: Shutting down and abandoning module MagicLeapPlanes (304)
[2021.06.24-10.09.27:794][227]LogMagicLeapPlanes: Planes tracker already destroyed.
[2021.06.24-10.09.27:794][227]LogModuleManager: Shutting down and abandoning module MagicLeapImageTracker (302)
[2021.06.24-10.09.27:794][227]LogModuleManager: Shutting down and abandoning module MagicLeapIdentity (300)
[2021.06.24-10.09.27:794][227]LogModuleManager: Shutting down and abandoning module MagicLeapHandTracking (298)
[2021.06.24-10.09.27:794][227]LogModuleManager: Shutting down and abandoning module MagicLeapEyeTracker (296)
[2021.06.24-10.09.27:794][227]LogModuleManager: Shutting down and abandoning module MagicLeapController (294)
[2021.06.24-10.09.27:794][227]LogSlate: Slate User Destroyed.  User Index 0, Is Virtual User: 0
[2021.06.24-10.09.27:794][227]LogModuleManager: Shutting down and abandoning module MagicLeapARPinImpl (292)
[2021.06.24-10.09.27:794][227]LogModuleManager: Shutting down and abandoning module MagicLeapAR (290)
[2021.06.24-10.09.27:794][227]LogModuleManager: Shutting down and abandoning module AugmentedReality (289)
[2021.06.24-10.09.27:794][227]LogModuleManager: Shutting down and abandoning module NiagaraAnimNotifies (286)
[2021.06.24-10.09.27:794][227]LogModuleManager: Shutting down and abandoning module Niagara (284)
[2021.06.24-10.09.27:794][227]LogModuleManager: Shutting down and abandoning module SignalProcessing (283)
[2021.06.24-10.09.27:794][227]LogModuleManager: Shutting down and abandoning module NiagaraEditor (281)
[2021.06.24-10.09.27:795][227]LogModuleManager: Shutting down and abandoning module NiagaraCore (278)
[2021.06.24-10.09.27:795][227]LogModuleManager: Shutting down and abandoning module GameplayTagsEditor (276)
[2021.06.24-10.09.27:795][227]LogModuleManager: Shutting down and abandoning module FacialAnimation (274)
[2021.06.24-10.09.27:795][227]LogModuleManager: Shutting down and abandoning module AssetManagerEditor (272)
[2021.06.24-10.09.27:796][227]LogModuleManager: Shutting down and abandoning module TreeMap (271)
[2021.06.24-10.09.27:796][227]LogModuleManager: Shutting down and abandoning module AnimationSharing (268)
[2021.06.24-10.09.27:796][227]LogModuleManager: Shutting down and abandoning module LightPropagationVolumeRuntime (266)
[2021.06.24-10.09.27:796][227]LogModuleManager: Shutting down and abandoning module Paper2D (264)
[2021.06.24-10.09.27:796][227]LogModuleManager: Shutting down and abandoning module WindowsMoviePlayer (262)
[2021.06.24-10.09.27:797][227]LogModuleManager: Shutting down and abandoning module WebMMoviePlayer (260)
[2021.06.24-10.09.27:797][227]LogModuleManager: Shutting down and abandoning module NetworkReplayStreaming (258)
[2021.06.24-10.09.27:797][227]LogModuleManager: Shutting down and abandoning module PacketHandler (256)
[2021.06.24-10.09.27:797][227]LogModuleManager: Shutting down and abandoning module ClothingSystemEditor (254)
[2021.06.24-10.09.27:797][227]LogModuleManager: Shutting down and abandoning module ClothingSystemRuntimeNv (252)
[2021.06.24-10.09.27:797][227]LogModuleManager: Shutting down and abandoning module MediaAssets (250)
[2021.06.24-10.09.27:797][227]LogModuleManager: Shutting down and abandoning module Overlay (248)
[2021.06.24-10.09.27:797][227]LogModuleManager: Shutting down and abandoning module OverlayEditor (247)
[2021.06.24-10.09.27:797][227]LogModuleManager: Shutting down and abandoning module VREditor (244)
[2021.06.24-10.09.27:798][227]LogModuleManager: Shutting down and abandoning module StringTableEditor (242)
[2021.06.24-10.09.27:798][227]LogModuleManager: Shutting down and abandoning module GameplayTasksEditor (240)
[2021.06.24-10.09.27:798][227]LogModuleManager: Shutting down and abandoning module BehaviorTreeEditor (238)
[2021.06.24-10.09.27:798][227]LogModuleManager: Shutting down and abandoning module FunctionalTesting (236)
[2021.06.24-10.09.27:798][227]LogModuleManager: Shutting down and abandoning module CollisionAnalyzer (234)
[2021.06.24-10.09.27:798][227]LogModuleManager: Shutting down and abandoning module UMG (232)
[2021.06.24-10.09.27:798][227]LogModuleManager: Shutting down and abandoning module UMGEditor (231)
[2021.06.24-10.09.27:799][227]LogModuleManager: Shutting down and abandoning module Sequencer (230)
[2021.06.24-10.09.27:799][227]LogModuleManager: Shutting down and abandoning module MessageLog (227)
[2021.06.24-10.09.27:800][227]LogModuleManager: Shutting down and abandoning module MaterialEditor (225)
[2021.06.24-10.09.27:800][227]LogModuleManager: Shutting down and abandoning module ContentBrowser (224)
[2021.06.24-10.09.27:800][227]LogModuleManager: Shutting down and abandoning module WorkspaceMenuStructure (223)
[2021.06.24-10.09.27:800][227]LogModuleManager: Shutting down and abandoning module CollectionManager (221)
[2021.06.24-10.09.27:801][227]LogModuleManager: Shutting down and abandoning module DirectoryWatcher (220)
[2021.06.24-10.09.27:801][227]LogModuleManager: Shutting down and abandoning module SlateReflector (212)
[2021.06.24-10.09.27:802][227]LogModuleManager: Shutting down and abandoning module Slate (210)
[2021.06.24-10.09.27:802][227]LogModuleManager: Shutting down and abandoning module SlateCore (208)
[2021.06.24-10.09.27:802][227]LogModuleManager: Shutting down and abandoning module LandscapeEditorUtilities (206)
[2021.06.24-10.09.27:802][227]LogModuleManager: Shutting down and abandoning module EditorStyle (204)
[2021.06.24-10.09.27:803][227]LogModuleManager: Shutting down and abandoning module UnrealEd (202)
[2021.06.24-10.09.27:803][227]LogModuleManager: Shutting down and abandoning module MRMesh (200)
[2021.06.24-10.09.27:803][227]LogModuleManager: Shutting down and abandoning module Messaging (198)
[2021.06.24-10.09.27:803][227]LogModuleManager: Shutting down and abandoning module SourceCodeAccess (196)
[2021.06.24-10.09.27:803][227]LogModuleManager: Shutting down and abandoning module HeadMountedDisplay (194)
[2021.06.24-10.09.27:803][227]LogModuleManager: Shutting down and abandoning module XAudio2 (192)
[2021.06.24-10.09.27:803][227]LogModuleManager: Shutting down and abandoning module Networking (190)
[2021.06.24-10.09.27:803][227]LogModuleManager: Shutting down and abandoning module Core (188)
[2021.06.24-10.09.27:803][227]LogModuleManager: Shutting down and abandoning module MovieSceneTools (186)
[2021.06.24-10.09.27:803][227]LogModuleManager: Shutting down and abandoning module KismetCompiler (184)
[2021.06.24-10.09.27:803][227]LogModuleManager: Shutting down and abandoning module MeshBuilder (182)
[2021.06.24-10.09.27:803][227]LogModuleManager: Shutting down and abandoning module MeshUtilities (180)
[2021.06.24-10.09.27:803][227]LogModuleManager: Shutting down and abandoning module MeshMergeUtilities (179)
[2021.06.24-10.09.27:803][227]LogModuleManager: Shutting down and abandoning module MeshReductionInterface (178)
[2021.06.24-10.09.27:803][227]LogModuleManager: Shutting down and abandoning module MeshBoneReduction (177)
[2021.06.24-10.09.27:803][227]LogModuleManager: Shutting down and abandoning module SkeletalMeshReduction (175)
[2021.06.24-10.09.27:803][227]LogModuleManager: Shutting down and abandoning module ProxyLODMeshReduction (173)
[2021.06.24-10.09.27:804][227]LogModuleManager: Shutting down and abandoning module QuadricMeshReduction (171)
[2021.06.24-10.09.27:804][227]LogModuleManager: Shutting down and abandoning module MaterialBaking (167)
[2021.06.24-10.09.27:805][227]LogModuleManager: Shutting down and abandoning module NullInstallBundleManager (162)
[2021.06.24-10.09.27:805][227]LogModuleManager: Shutting down and abandoning module PIEPreviewDeviceProfileSelector (160)
[2021.06.24-10.09.27:805][227]LogModuleManager: Shutting down and abandoning module DerivedDataCache (158)
[2021.06.24-10.09.27:805][227]LogModuleManager: Shutting down and abandoning module XGEController (156)
[2021.06.24-10.09.27:805][227]LogModuleManager: Shutting down and abandoning module TargetPlatform (154)
[2021.06.24-10.09.27:805][227]LogModuleManager: Shutting down and abandoning module VulkanShaderFormat (153)
[2021.06.24-10.09.27:805][227]LogModuleManager: Shutting down and abandoning module ShaderFormatVectorVM (151)
[2021.06.24-10.09.27:805][227]LogModuleManager: Shutting down and abandoning module ShaderFormatOpenGL (149)
[2021.06.24-10.09.27:805][227]LogModuleManager: Shutting down and abandoning module ShaderFormatD3D (147)
[2021.06.24-10.09.27:805][227]LogModuleManager: Shutting down and abandoning module MetalShaderFormat (145)
[2021.06.24-10.09.27:806][227]LogModuleManager: Shutting down and abandoning module TextureFormatUncompressed (143)
[2021.06.24-10.09.27:806][227]LogModuleManager: Shutting down and abandoning module TextureFormatPVR (141)
[2021.06.24-10.09.27:806][227]LogModuleManager: Shutting down and abandoning module TextureFormatDXT (139)
[2021.06.24-10.09.27:806][227]LogModuleManager: Shutting down and abandoning module TextureFormatIntelISPCTexComp (137)
[2021.06.24-10.09.27:806][227]LogModuleManager: Shutting down and abandoning module TextureFormatASTC (135)
[2021.06.24-10.09.27:806][227]LogModuleManager: Shutting down and abandoning module ImageWrapper (134)
[2021.06.24-10.09.27:806][227]LogModuleManager: Shutting down and abandoning module TextureFormatAndroid (131)
[2021.06.24-10.09.27:806][227]LogModuleManager: Shutting down and abandoning module AudioFormatOpus (129)
[2021.06.24-10.09.27:806][227]LogModuleManager: Shutting down and abandoning module AudioFormatOgg (127)
[2021.06.24-10.09.27:806][227]LogModuleManager: Shutting down and abandoning module AudioFormatADPCM (125)
[2021.06.24-10.09.27:806][227]LogModuleManager: Shutting down and abandoning module WindowsServerTargetPlatform (123)
[2021.06.24-10.09.27:806][227]LogModuleManager: Shutting down and abandoning module WindowsClientTargetPlatform (121)
[2021.06.24-10.09.27:806][227]LogModuleManager: Shutting down and abandoning module WindowsTargetPlatform (119)
[2021.06.24-10.09.27:806][227]LogModuleManager: Shutting down and abandoning module WindowsNoEditorTargetPlatform (117)
[2021.06.24-10.09.27:806][227]LogModuleManager: Shutting down and abandoning module InputCore (114)
[2021.06.24-10.09.27:806][227]LogModuleManager: Shutting down and abandoning module Settings (112)
[2021.06.24-10.09.27:806][227]LogModuleManager: Shutting down and abandoning module PhysXCooking (110)
[2021.06.24-10.09.27:806][227]LogModuleManager: Shutting down and abandoning module ChaosSolvers (108)
[2021.06.24-10.09.27:806][227]LogModuleManager: Shutting down and abandoning module FieldSystemEngine (107)
[2021.06.24-10.09.27:806][227]LogModuleManager: Shutting down and abandoning module Chaos (104)
[2021.06.24-10.09.27:806][227]LogModuleManager: Shutting down and abandoning module WindowsPlatformFeatures (102)
[2021.06.24-10.09.27:806][227]LogModuleManager: Shutting down and abandoning module GameplayMediaEncoder (101)
[2021.06.24-10.09.27:806][227]LogModuleManager: Shutting down and abandoning module AVEncoder (100)
[2021.06.24-10.09.27:807][227]LogModuleManager: Shutting down and abandoning module SteamVRInputDevice (96)
[2021.06.24-10.09.27:807][227]LogModuleManager: Shutting down and abandoning module SteamVRInput (94)
[2021.06.24-10.09.27:807][227]LogModuleManager: Shutting down and abandoning module SteamVR (92)
[2021.06.24-10.09.27:807][227]LogHMD: Freeing OpenVRDLLHandle.
[2021.06.24-10.09.27:807][227]LogModuleManager: Shutting down and abandoning module OculusHMD (90)
[2021.06.24-10.09.27:807][227]LogModuleManager: Shutting down and abandoning module ExampleDeviceProfileSelector (88)
[2021.06.24-10.09.27:807][227]LogModuleManager: Shutting down and abandoning module LauncherChunkInstaller (86)
[2021.06.24-10.09.27:807][227]LogModuleManager: Shutting down and abandoning module OnlineBlueprintSupport (84)
[2021.06.24-10.09.27:807][227]LogModuleManager: Shutting down and abandoning module OnlineSubsystem (80)
[2021.06.24-10.09.27:808][227]LogModuleManager: Shutting down and abandoning module SteamShared (74)
[2021.06.24-10.09.27:808][227]LogSteamShared: Freeing the Steam Loaded Modules...
[2021.06.24-10.09.27:808][227]LogModuleManager: Shutting down and abandoning module XMPP (71)
[2021.06.24-10.09.27:808][227]LogModuleManager: Shutting down and abandoning module WebSockets (70)
[2021.06.24-10.09.27:830][227]LogModuleManager: Shutting down and abandoning module HTTP (67)
[2021.06.24-10.09.27:842][227]LogModuleManager: Shutting down and abandoning module SSL (66)
[2021.06.24-10.09.27:844][227]LogModuleManager: Shutting down and abandoning module WmfMedia (62)
[2021.06.24-10.09.27:845][227]LogModuleManager: Shutting down and abandoning module Media (61)
[2021.06.24-10.09.27:845][227]LogModuleManager: Shutting down and abandoning module MagicLeap (58)
[2021.06.24-10.09.27:846][227]LogModuleManager: Shutting down and abandoning module NiagaraVertexFactories (56)
[2021.06.24-10.09.27:846][227]LogModuleManager: Shutting down and abandoning module NiagaraShader (54)
[2021.06.24-10.09.27:846][227]LogModuleManager: Shutting down and abandoning module VariantManagerContent (52)
[2021.06.24-10.09.27:846][227]LogModuleManager: Shutting down and abandoning module DatasmithContent (50)
[2021.06.24-10.09.27:846][227]LogModuleManager: Shutting down and abandoning module AISupportModule (48)
[2021.06.24-10.09.27:846][227]LogModuleManager: Shutting down and abandoning module DesktopPlatform (46)
[2021.06.24-10.09.27:846][227]LogModuleManager: Shutting down and abandoning module PlatformCryptoOpenSSL (44)
[2021.06.24-10.09.27:846][227]LogModuleManager: Shutting down and abandoning module PlatformCryptoTypes (42)
[2021.06.24-10.09.27:846][227]LogModuleManager: Shutting down and abandoning module PlatformCrypto (40)
[2021.06.24-10.09.27:847][227]LogModuleManager: Shutting down and abandoning module AnimationModifiers (38)
[2021.06.24-10.09.27:847][227]LogModuleManager: Shutting down and abandoning module PropertyEditor (37)
[2021.06.24-10.09.27:847][227]LogModuleManager: Shutting down and abandoning module AudioEditor (34)
[2021.06.24-10.09.27:848][227]LogModuleManager: Shutting down and abandoning module TextureCompressor (32)
[2021.06.24-10.09.27:848][227]LogModuleManager: Shutting down and abandoning module RenderCore (30)
[2021.06.24-10.09.27:848][227]LogModuleManager: Shutting down and abandoning module Landscape (28)
[2021.06.24-10.09.27:848][227]LogModuleManager: Shutting down and abandoning module SlateRHIRenderer (26)
[2021.06.24-10.09.27:848][227]LogModuleManager: Shutting down and abandoning module OpenGLDrv (24)
[2021.06.24-10.09.27:848][227]LogModuleManager: Shutting down and abandoning module D3D11RHI (22)
[2021.06.24-10.09.27:848][227]LogModuleManager: Shutting down and abandoning module AnimGraphRuntime (20)
[2021.06.24-10.09.27:848][227]LogModuleManager: Shutting down and abandoning module Renderer (18)
[2021.06.24-10.09.27:849][227]LogModuleManager: Shutting down and abandoning module Engine (16)
[2021.06.24-10.09.27:849][227]LogModuleManager: Shutting down and abandoning module CoreUObject (14)
[2021.06.24-10.09.27:849][227]LogModuleManager: Shutting down and abandoning module NetworkFile (12)
[2021.06.24-10.09.27:849][227]LogModuleManager: Shutting down and abandoning module CookedIterativeFile (10)
[2021.06.24-10.09.27:849][227]LogModuleManager: Shutting down and abandoning module StreamingFile (8)
[2021.06.24-10.09.27:849][227]LogModuleManager: Shutting down and abandoning module SandboxFile (6)
[2021.06.24-10.09.27:849][227]LogModuleManager: Shutting down and abandoning module PakFile (4)
[2021.06.24-10.09.27:849][227]LogModuleManager: Shutting down and abandoning module RSA (3)
[2021.06.24-10.09.27:902][227]LogContentStreaming: Display: There are 1 unreleased StreamingManagers
[2021.06.24-10.09.27:905][227]LogD3D11RHI: Shutdown
[2021.06.24-10.09.27:905][227]LogD3D11RHI: CleanupD3DDevice
[2021.06.24-10.09.27:918][227]LogExit: Exiting.
[2021.06.24-10.09.27:942][227]Log file closed, 06/24/21 15:09:27
